#
# There is insufficient memory for the Java Runtime Environment to continue.
# Native memory allocation (mmap) failed to map 536870912 bytes for G1 virtual space
# Possible reasons:
#   The system is out of physical RAM or swap space
#   The process is running with CompressedOops enabled, and the Java Heap may be blocking the growth of the native heap
# Possible solutions:
#   Reduce memory load on the system
#   Increase physical memory or swap space
#   Check if swap backing store is full
#   Decrease Java heap size (-Xmx/-Xms)
#   Decrease number of Java threads
#   Decrease Java thread stack sizes (-Xss)
#   Set larger code cache with -XX:ReservedCodeCacheSize=
#   JVM is running with Zero Based Compressed Oops mode in which the Java heap is
#     placed in the first 32GB address space. The Java Heap base address is the
#     maximum limit for the native heap growth. Please use -XX:HeapBaseMinAddress
#     to set the Java Heap base and to place the Java Heap above 32GB virtual address.
# This output file may be truncated or incomplete.
#
#  Out of Memory Error (os_windows.cpp:3550), pid=49256, tid=59544
#
# JRE version:  (17.0.8+9) (build )
# Java VM: Java HotSpot(TM) 64-Bit Server VM (17.0.8+9-LTS-211, mixed mode, sharing, tiered, compressed oops, compressed class ptrs, g1 gc, windows-amd64)
# No core dump will be written. Minidumps are not enabled by default on client versions of Windows
#

---------------  S U M M A R Y ------------

Command Line: -Dfile.encoding=x-windows-949 -Duser.country=KR -Duser.language=ko -Duser.variant com.example.CODINAVI.CodinaviApplication

Host: 12th Gen Intel(R) Core(TM) i5-12600K, 16 cores, 31G,  Windows 11 , 64 bit Build 22621 (10.0.22621.3085)
Time: Tue Mar  5 00:04:00 2024  Windows 11 , 64 bit Build 22621 (10.0.22621.3085) elapsed time: 0.009402 seconds (0d 0h 0m 0s)

---------------  T H R E A D  ---------------

Current thread (0x00000275136a4e70):  JavaThread "Unknown thread" [_thread_in_vm, id=59544, stack(0x0000009304c00000,0x0000009304d00000)]

Stack: [0x0000009304c00000,0x0000009304d00000]
Native frames: (J=compiled Java code, j=interpreted, Vv=VM code, C=native code)
V  [jvm.dll+0x677d0a]
V  [jvm.dll+0x7d8c54]
V  [jvm.dll+0x7da3fe]
V  [jvm.dll+0x7daa63]
V  [jvm.dll+0x245c5f]
V  [jvm.dll+0x674bb9]
V  [jvm.dll+0x6694f2]
V  [jvm.dll+0x3031d6]
V  [jvm.dll+0x30a756]
V  [jvm.dll+0x359f9e]
V  [jvm.dll+0x35a1cf]
V  [jvm.dll+0x2da3e8]
V  [jvm.dll+0x2db354]
V  [jvm.dll+0x7aa711]
V  [jvm.dll+0x367b51]
V  [jvm.dll+0x789979]
V  [jvm.dll+0x3eb05f]
V  [jvm.dll+0x3ecae1]
C  [jli.dll+0x5297]
C  [ucrtbase.dll+0x29363]
C  [KERNEL32.DLL+0x1257d]
C  [ntdll.dll+0x5aa58]


---------------  P R O C E S S  ---------------

Threads class SMR info:
_java_thread_list=0x00007ff8bc1059d8, length=0, elements={
}

Java Threads: ( => current thread )

Other Threads:
  0x0000027513752ef0 GCTaskThread "GC Thread#0" [stack: 0x0000009304d00000,0x0000009304e00000] [id=52616]
  0x000002753f5d7fc0 ConcurrentGCThread "G1 Main Marker" [stack: 0x0000009304e00000,0x0000009304f00000] [id=39140]
  0x000002753f5d87e0 ConcurrentGCThread "G1 Conc#0" [stack: 0x0000009304f00000,0x0000009305000000] [id=57300]

[error occurred during error reporting (printing all threads), id 0xc0000005, EXCEPTION_ACCESS_VIOLATION (0xc0000005) at pc=0x00007ff8bb93b047]

VM state: not at safepoint (not fully initialized)

VM Mutex/Monitor currently owned by a thread:  ([mutex/lock_event])
[0x000002751369f9d0] Heap_lock - owner thread: 0x00000275136a4e70

Heap address: 0x0000000603400000, size: 8140 MB, Compressed Oops mode: Zero based, Oop shift amount: 3

CDS archive(s) mapped at: [0x0000000000000000-0x0000000000000000-0x0000000000000000), size 0, SharedBaseAddress: 0x0000000800000000, ArchiveRelocationMode: 1.
Narrow klass base: 0x0000000000000000, Narrow klass shift: 0, Narrow klass range: 0x0

GC Precious Log:
<Empty>

Heap:
 garbage-first heap   total 0K, used 0K [0x0000000603400000, 0x0000000800000000)
  region size 4096K, 0 young (0K), 0 survivors (0K)

[error occurred during error reporting (printing heap information), id 0xc0000005, EXCEPTION_ACCESS_VIOLATION (0xc0000005) at pc=0x00007ff8bbd21499]

GC Heap History (0 events):
No events

Deoptimization events (0 events):
No events

Classes unloaded (0 events):
No events

Classes redefined (0 events):
No events

Internal exceptions (0 events):
No events

VM Operations (0 events):
No events

Events (1 events):
Event: 0.006 Loaded shared library C:\Program Files\Java\jdk-17\bin\java.dll


Dynamic libraries:
0x00007ff63dad0000 - 0x00007ff63dae0000 	C:\Program Files\Java\jdk-17\bin\java.exe
0x00007ff92da50000 - 0x00007ff92dc67000 	C:\WINDOWS\SYSTEM32\ntdll.dll
0x00007ff92bae0000 - 0x00007ff92bba4000 	C:\WINDOWS\System32\KERNEL32.DLL
0x00007ff92b3f0000 - 0x00007ff92b796000 	C:\WINDOWS\System32\KERNELBASE.dll
0x00007ff92ad90000 - 0x00007ff92aea1000 	C:\WINDOWS\System32\ucrtbase.dll
0x00007ff90ea90000 - 0x00007ff90eaab000 	C:\Program Files\Java\jdk-17\bin\VCRUNTIME140.dll
0x00007ff910700000 - 0x00007ff910719000 	C:\Program Files\Java\jdk-17\bin\jli.dll
0x00007ff92bbb0000 - 0x00007ff92bc63000 	C:\WINDOWS\System32\ADVAPI32.dll
0x00007ff92ccd0000 - 0x00007ff92cd77000 	C:\WINDOWS\System32\msvcrt.dll
0x00007ff92bc70000 - 0x00007ff92bd18000 	C:\WINDOWS\System32\sechost.dll
0x00007ff92aeb0000 - 0x00007ff92aed8000 	C:\WINDOWS\System32\bcrypt.dll
0x00007ff92bed0000 - 0x00007ff92bfe7000 	C:\WINDOWS\System32\RPCRT4.dll
0x00007ff92bff0000 - 0x00007ff92c19e000 	C:\WINDOWS\System32\USER32.dll
0x00007ff92b340000 - 0x00007ff92b366000 	C:\WINDOWS\System32\win32u.dll
0x00007ff92d0a0000 - 0x00007ff92d0c9000 	C:\WINDOWS\System32\GDI32.dll
0x00007ff91ad10000 - 0x00007ff91afa3000 	C:\WINDOWS\WinSxS\amd64_microsoft.windows.common-controls_6595b64144ccf1df_6.0.22621.2506_none_270c5ae97388e100\COMCTL32.dll
0x00007ff92b0c0000 - 0x00007ff92b1d8000 	C:\WINDOWS\System32\gdi32full.dll
0x00007ff92b2a0000 - 0x00007ff92b33a000 	C:\WINDOWS\System32\msvcp_win.dll
0x00007ff924bb0000 - 0x00007ff924bba000 	C:\WINDOWS\SYSTEM32\VERSION.dll
0x00007ff92c1b0000 - 0x00007ff92c1e1000 	C:\WINDOWS\System32\IMM32.DLL
0x00007ff919040000 - 0x00007ff91904c000 	C:\Program Files\Java\jdk-17\bin\vcruntime140_1.dll
0x00007ff8e7bd0000 - 0x00007ff8e7c5e000 	C:\Program Files\Java\jdk-17\bin\msvcp140.dll
0x00007ff8bb650000 - 0x00007ff8bc22e000 	C:\Program Files\Java\jdk-17\bin\server\jvm.dll
0x00007ff92da00000 - 0x00007ff92da08000 	C:\WINDOWS\System32\PSAPI.DLL
0x00007ff9250f0000 - 0x00007ff9250f9000 	C:\WINDOWS\SYSTEM32\WSOCK32.dll
0x00007ff91b940000 - 0x00007ff91b974000 	C:\WINDOWS\SYSTEM32\WINMM.dll
0x00007ff92b7a0000 - 0x00007ff92b811000 	C:\WINDOWS\System32\WS2_32.dll
0x00007ff929e80000 - 0x00007ff929e98000 	C:\WINDOWS\SYSTEM32\kernel.appcore.dll
0x00007ff918a10000 - 0x00007ff918a1a000 	C:\Program Files\Java\jdk-17\bin\jimage.dll
0x00007ff91fc60000 - 0x00007ff91fe93000 	C:\WINDOWS\SYSTEM32\DBGHELP.DLL
0x00007ff92d670000 - 0x00007ff92d9f9000 	C:\WINDOWS\System32\combase.dll
0x00007ff92b9a0000 - 0x00007ff92ba77000 	C:\WINDOWS\System32\OLEAUT32.dll
0x00007ff91f0e0000 - 0x00007ff91f112000 	C:\WINDOWS\SYSTEM32\dbgcore.DLL
0x00007ff92b370000 - 0x00007ff92b3ea000 	C:\WINDOWS\System32\bcryptPrimitives.dll
0x00007ff90e900000 - 0x00007ff90e925000 	C:\Program Files\Java\jdk-17\bin\java.dll

dbghelp: loaded successfully - version: 4.0.5 - missing functions: none
symbol engine: initialized successfully - sym options: 0x614 - pdb path: .;C:\Program Files\Java\jdk-17\bin;C:\WINDOWS\SYSTEM32;C:\WINDOWS\WinSxS\amd64_microsoft.windows.common-controls_6595b64144ccf1df_6.0.22621.2506_none_270c5ae97388e100;C:\Program Files\Java\jdk-17\bin\server

VM Arguments:
jvm_args: -Dfile.encoding=x-windows-949 -Duser.country=KR -Duser.language=ko -Duser.variant 
java_command: com.example.CODINAVI.CodinaviApplication
java_class_path (initial): C:\Users\JMJ\CODINAVI\CODINAVI\build\classes\java\main;C:\Users\JMJ\CODINAVI\CODINAVI\build\resources\main;C:\Users\JMJ\.gradle\caches\modules-2\files-2.1\org.springframework.boot\spring-boot-starter-data-jpa\3.1.0\1a53916d640ad5d27ba3a3c3d053c9c90ab35bcc\spring-boot-starter-data-jpa-3.1.0.jar;C:\Users\JMJ\.gradle\caches\modules-2\files-2.1\org.springframework.boot\spring-boot-starter-mustache\3.1.0\5956b8a4f2f548e5d5ea82f2735ac56e301b93ce\spring-boot-starter-mustache-3.1.0.jar;C:\Users\JMJ\.gradle\caches\modules-2\files-2.1\org.springframework.boot\spring-boot-starter-thymeleaf\3.1.0\4a5c40234e5cccee3c479d874900ead1fe529bb4\spring-boot-starter-thymeleaf-3.1.0.jar;C:\Users\JMJ\.gradle\caches\modules-2\files-2.1\org.springframework.boot\spring-boot-starter-web\3.1.0\36a8666047ea49114e0974bece35e2ef68cf975f\spring-boot-starter-web-3.1.0.jar;C:\Users\JMJ\.gradle\caches\modules-2\files-2.1\com.h2database\h2\2.1.214\d5c2005c9e3279201e12d4776c948578b16bf8b2\h2-2.1.214.jar;C:\Users\JMJ\.gradle\caches\modules-2\files-2.1\org.springframework.boot\spring-boot-starter-aop\3.1.0\417ff6178235117614e2673ad9c24fd530437deb\spring-boot-starter-aop-3.1.0.jar;C:\Users\JMJ\.gradle\caches\modules-2\files-2.1\org.springframework.boot\spring-boot-starter-jdbc\3.1.0\1a828c8ec6fd10bb13cf7732799b236b096a4c4a\spring-boot-starter-jdbc-3.1.0.jar;C:\Users\JMJ\.gradle\caches\modules-2\files-2.1\org.hibernate.orm\hibernate-core\6.2.2.Final\56cacc4b7b1c887174c73e9c206bdef6272f87e7\hibernate-core-6.2.2.Final.jar;C:\Users\JMJ\.gradle\caches\modules-2\files-2.1\org.springframework.data\spring-data-jpa\3.1.0\bed32c8c47d3493091dd6aafd95adba610d9adeb\spring-data-jpa-3.1.0.jar;C:\Users\JMJ\.gradle\caches\modules-2\files-2.1\org.springframework\spring-aspects\6.0.9\3b06099725350189816fcfad01834450378500ca\spring-aspects-6.0.9.jar;C:\Users\JMJ\.gradle\caches\modules-2\files-2.1\org.springframework.boot\spring-boot-starter-json\3.1.0\546bd372bc070339c4255ed37f4f0ff5aafa2648\sprin
Launcher Type: SUN_STANDARD

[Global flags]
     intx CICompilerCount                          = 12                                        {product} {ergonomic}
     uint ConcGCThreads                            = 3                                         {product} {ergonomic}
     uint G1ConcRefinementThreads                  = 13                                        {product} {ergonomic}
   size_t G1HeapRegionSize                         = 4194304                                   {product} {ergonomic}
    uintx GCDrainStackTargetSize                   = 64                                        {product} {ergonomic}
   size_t InitialHeapSize                          = 536870912                                 {product} {ergonomic}
   size_t MarkStackSize                            = 4194304                                   {product} {ergonomic}
   size_t MaxHeapSize                              = 8535408640                                {product} {ergonomic}
   size_t MinHeapDeltaBytes                        = 4194304                                   {product} {ergonomic}
   size_t MinHeapSize                              = 8388608                                   {product} {ergonomic}
    uintx NonNMethodCodeHeapSize                   = 7602480                                {pd product} {ergonomic}
    uintx NonProfiledCodeHeapSize                  = 122027880                              {pd product} {ergonomic}
    uintx ProfiledCodeHeapSize                     = 122027880                              {pd product} {ergonomic}
    uintx ReservedCodeCacheSize                    = 251658240                              {pd product} {ergonomic}
     bool SegmentedCodeCache                       = true                                      {product} {ergonomic}
   size_t SoftMaxHeapSize                          = 8535408640                             {manageable} {ergonomic}
     bool UseCompressedClassPointers               = true                           {product lp64_product} {ergonomic}
     bool UseCompressedOops                        = true                           {product lp64_product} {ergonomic}
     bool UseG1GC                                  = true                                      {product} {ergonomic}
     bool UseLargePagesIndividualAllocation        = false                                  {pd product} {ergonomic}

Logging:
Log output configuration:
 #0: stdout all=warning uptime,level,tags
 #1: stderr all=off uptime,level,tags

Environment Variables:
JAVA_HOME=C:\Program Files\Java\jdk-17
PATH=C:\Program Files\Common Files\Oracle\Java\javapath;C:\Windows\system32;C:\Windows;C:\Windows\System32\Wbem;C:\Windows\System32\WindowsPowerShell\v1.0\;C:\Windows\System32\OpenSSH\;C:\Program Files (x86)\NVIDIA Corporation\PhysX\Common;C:\Program Files\Common Files\Teruten\DSFilter;C:\WINDOWS\system32;C:\WINDOWS;C:\WINDOWS\System32\Wbem;C:\WINDOWS\System32\WindowsPowerShell\v1.0\;C:\WINDOWS\System32\OpenSSH\;C:\Program Files (x86)\PowerShell\7\;C:\ProgramData\chocolatey\bin;C:\Program Files\Git\cmd;C:\Program Files\Java\jdk-17\bin;C:\Program Files (x86)\PuTTY\;C:\Program Files\MySQL\MySQL Shell 8.0\bin\;C:\Users\JMJ\AppData\Local\Microsoft\WindowsApps;C:\Users\user\AppData\Local\afreeca;C:\Users\user\AppData\Local\Programs\Microsoft VS Code\bin;C:\Users\user\AppData\Local\Programs\Microsoft VS Code\bin;;C:\Program Files\JetBrains\IntelliJ IDEA Community Edition 2023.2.3\bin;
USERNAME=JMJ
OS=Windows_NT
PROCESSOR_IDENTIFIER=Intel64 Family 6 Model 151 Stepping 2, GenuineIntel



---------------  S Y S T E M  ---------------

OS:
 Windows 11 , 64 bit Build 22621 (10.0.22621.3085)
OS uptime: 1 days 23:33 hours
Hyper-V role detected

CPU: total 16 (initial active 16) (8 cores per cpu, 2 threads per core) family 6 model 151 stepping 2 microcode 0x15, cx8, cmov, fxsr, ht, mmx, 3dnowpref, sse, sse2, sse3, ssse3, sse4.1, sse4.2, popcnt, lzcnt, tsc, tscinvbit, avx, avx2, aes, erms, clmul, bmi1, bmi2, adx, sha, fma, vzeroupper, clflush, clflushopt, clwb, hv

Memory: 4k page, system-wide physical 32559M (7161M free)
TotalPageFile size 32559M (AvailPageFile size 126M)
current process WorkingSet (physical memory assigned to process): 11M, peak: 11M
current process commit charge ("private bytes"): 71M, peak: 583M

vm_info: Java HotSpot(TM) 64-Bit Server VM (17.0.8+9-LTS-211) for windows-amd64 JRE (17.0.8+9-LTS-211), built on Jun 14 2023 10:34:31 by "mach5one" with MS VC++ 17.1 (VS2022)

END.
