#
# There is insufficient memory for the Java Runtime Environment to continue.
# Native memory allocation (malloc) failed to allocate 279056 bytes for Chunk::new
# Possible reasons:
#   The system is out of physical RAM or swap space
#   The process is running with CompressedOops enabled, and the Java Heap may be blocking the growth of the native heap
# Possible solutions:
#   Reduce memory load on the system
#   Increase physical memory or swap space
#   Check if swap backing store is full
#   Decrease Java heap size (-Xmx/-Xms)
#   Decrease number of Java threads
#   Decrease Java thread stack sizes (-Xss)
#   Set larger code cache with -XX:ReservedCodeCacheSize=
#   JVM is running with Zero Based Compressed Oops mode in which the Java heap is
#     placed in the first 32GB address space. The Java Heap base address is the
#     maximum limit for the native heap growth. Please use -XX:HeapBaseMinAddress
#     to set the Java Heap base and to place the Java Heap above 32GB virtual address.
# This output file may be truncated or incomplete.
#
#  Out of Memory Error (arena.cpp:189), pid=73968, tid=88144
#
# JRE version: Java(TM) SE Runtime Environment (17.0.8+9) (build 17.0.8+9-LTS-211)
# Java VM: Java HotSpot(TM) 64-Bit Server VM (17.0.8+9-LTS-211, mixed mode, sharing, tiered, compressed oops, compressed class ptrs, g1 gc, windows-amd64)
# No core dump will be written. Minidumps are not enabled by default on client versions of Windows
#

---------------  S U M M A R Y ------------

Command Line: -Dfile.encoding=x-windows-949 -Duser.country=KR -Duser.language=ko -Duser.variant com.example.CODINAVI.CodinaviApplication

Host: 12th Gen Intel(R) Core(TM) i5-12600K, 16 cores, 31G,  Windows 11 , 64 bit Build 22621 (10.0.22621.3235)
Time: Wed Mar 13 19:45:24 2024  Windows 11 , 64 bit Build 22621 (10.0.22621.3235) elapsed time: 0.601222 seconds (0d 0h 0m 0s)

---------------  T H R E A D  ---------------

Current thread (0x000001cd756c41c0):  JavaThread "C2 CompilerThread2" daemon [_thread_in_native, id=88144, stack(0x000000ae08100000,0x000000ae08200000)]


Current CompileTask:
C2:    601 1755       4      
[error occurred during error reporting (printing current compile task), id 0xe0000001, Out of Memory Error (s\open\src\hotspot\share\memory\arena.cpp:78)]

Stack: [0x000000ae08100000,0x000000ae08200000]
Native frames: (J=compiled Java code, j=interpreted, Vv=VM code, C=native code)
V  [jvm.dll+0x677d0a]
V  [jvm.dll+0x7d8c54]
V  [jvm.dll+0x7da3fe]
V  [jvm.dll+0x7daa63]
V  [jvm.dll+0x245c5f]
V  [jvm.dll+0xaacc0]
V  [jvm.dll+0xab00c]
V  [jvm.dll+0x745f8c]
V  [jvm.dll+0x746079]
V  [jvm.dll+0x62cf49]
V  [jvm.dll+0x22c4e6]
V  [jvm.dll+0x7d8aea]
V  [jvm.dll+0x7da3fe]
V  [jvm.dll+0x7daa63]
V  [jvm.dll+0x245c5f]
V  [jvm.dll+0xaaa6b]
V  [jvm.dll+0xab00c]
V  [jvm.dll+0x11d534]
V  [jvm.dll+0x60b7b3]
V  [jvm.dll+0x609e74]
V  [jvm.dll+0x217e7e]
V  [jvm.dll+0x217431]
V  [jvm.dll+0x1a3af0]
V  [jvm.dll+0x2270be]
V  [jvm.dll+0x22535b]
V  [jvm.dll+0x78e7bc]
V  [jvm.dll+0x788bba]
V  [jvm.dll+0x676b35]
C  [ucrtbase.dll+0x29363]
C  [KERNEL32.DLL+0x1257d]
C  [ntdll.dll+0x5aa58]


---------------  P R O C E S S  ---------------

Threads class SMR info:
_java_thread_list=0x000001cd7582b410, length=19, elements={
0x000001cd02914c90, 0x000001cd2caf0800, 0x000001cd2caf1670, 0x000001cd2cb12f90,
0x000001cd2cb13b40, 0x000001cd2cb146f0, 0x000001cd2cb170b0, 0x000001cd2cb17e40,
0x000001cd2cb188e0, 0x000001cd2f992780, 0x000001cd2fa9ffc0, 0x000001cd2faa24e0,
0x000001cd2faa29f0, 0x000001cd2faf50f0, 0x000001cd2faf5770, 0x000001cd2fb3ac80,
0x000001cd756c41c0, 0x000001cd755830e0, 0x000001cd75f9c4c0
}

Java Threads: ( => current thread )
  0x000001cd02914c90 JavaThread "main" [_thread_in_vm, id=86120, stack(0x000000ae06a00000,0x000000ae06b00000)]
  0x000001cd2caf0800 JavaThread "Reference Handler" daemon [_thread_blocked, id=86416, stack(0x000000ae07100000,0x000000ae07200000)]
  0x000001cd2caf1670 JavaThread "Finalizer" daemon [_thread_blocked, id=87900, stack(0x000000ae07200000,0x000000ae07300000)]
  0x000001cd2cb12f90 JavaThread "Signal Dispatcher" daemon [_thread_blocked, id=85620, stack(0x000000ae07300000,0x000000ae07400000)]
  0x000001cd2cb13b40 JavaThread "Attach Listener" daemon [_thread_blocked, id=87360, stack(0x000000ae07400000,0x000000ae07500000)]
  0x000001cd2cb146f0 JavaThread "Service Thread" daemon [_thread_blocked, id=88936, stack(0x000000ae07500000,0x000000ae07600000)]
  0x000001cd2cb170b0 JavaThread "Monitor Deflation Thread" daemon [_thread_blocked, id=86496, stack(0x000000ae07600000,0x000000ae07700000)]
  0x000001cd2cb17e40 JavaThread "C2 CompilerThread0" daemon [_thread_in_native, id=73132, stack(0x000000ae07700000,0x000000ae07800000)]
  0x000001cd2cb188e0 JavaThread "C1 CompilerThread0" daemon [_thread_blocked, id=73084, stack(0x000000ae07800000,0x000000ae07900000)]
  0x000001cd2f992780 JavaThread "Sweeper thread" daemon [_thread_blocked, id=69056, stack(0x000000ae07900000,0x000000ae07a00000)]
  0x000001cd2fa9ffc0 JavaThread "C1 CompilerThread1" daemon [_thread_blocked, id=87200, stack(0x000000ae07a00000,0x000000ae07b00000)]
  0x000001cd2faa24e0 JavaThread "C1 CompilerThread2" daemon [_thread_blocked, id=72812, stack(0x000000ae07b00000,0x000000ae07c00000)]
  0x000001cd2faa29f0 JavaThread "C1 CompilerThread3" daemon [_thread_blocked, id=73944, stack(0x000000ae07c00000,0x000000ae07d00000)]
  0x000001cd2faf50f0 JavaThread "Notification Thread" daemon [_thread_blocked, id=83536, stack(0x000000ae07d00000,0x000000ae07e00000)]
  0x000001cd2faf5770 JavaThread "Common-Cleaner" daemon [_thread_blocked, id=85972, stack(0x000000ae07f00000,0x000000ae08000000)]
  0x000001cd2fb3ac80 JavaThread "C2 CompilerThread1" daemon [_thread_in_native, id=80400, stack(0x000000ae08000000,0x000000ae08100000)]
=>0x000001cd756c41c0 JavaThread "C2 CompilerThread2" daemon [_thread_in_native, id=88144, stack(0x000000ae08100000,0x000000ae08200000)]
  0x000001cd755830e0 JavaThread "C2 CompilerThread3" daemon [_thread_in_native, id=69940, stack(0x000000ae08200000,0x000000ae08300000)]
  0x000001cd75f9c4c0 JavaThread "background-preinit" [_thread_in_vm, id=87264, stack(0x000000ae08e00000,0x000000ae08f00000)]

Other Threads:
  0x000001cd2caea800 VMThread "VM Thread" [stack: 0x000000ae07000000,0x000000ae07100000] [id=85264]
  0x000001cd2caf8270 WatcherThread [stack: 0x000000ae07e00000,0x000000ae07f00000] [id=83288]
  0x000001cd029c0e80 GCTaskThread "GC Thread#0" [stack: 0x000000ae06b00000,0x000000ae06c00000] [id=87644]
  0x000001cd75998a40 GCTaskThread "GC Thread#1" [stack: 0x000000ae08300000,0x000000ae08400000] [id=89112]
  0x000001cd75998cf0 GCTaskThread "GC Thread#2" [stack: 0x000000ae08400000,0x000000ae08500000] [id=89120]
  0x000001cd75998fa0 GCTaskThread "GC Thread#3" [stack: 0x000000ae08500000,0x000000ae08600000] [id=89124]
  0x000001cd75999250 GCTaskThread "GC Thread#4" [stack: 0x000000ae08600000,0x000000ae08700000] [id=89128]
  0x000001cd75999500 GCTaskThread "GC Thread#5" [stack: 0x000000ae08700000,0x000000ae08800000] [id=89132]
  0x000001cd759f5da0 GCTaskThread "GC Thread#6" [stack: 0x000000ae08800000,0x000000ae08900000] [id=89136]
  0x000001cd759f6460 GCTaskThread "GC Thread#7" [stack: 0x000000ae08900000,0x000000ae08a00000] [id=89144]
  0x000001cd759f6710 GCTaskThread "GC Thread#8" [stack: 0x000000ae08a00000,0x000000ae08b00000] [id=89116]
  0x000001cd759f71e0 GCTaskThread "GC Thread#9" [stack: 0x000000ae08b00000,0x000000ae08c00000] [id=89100]
  0x000001cd759f78a0 GCTaskThread "GC Thread#10" [stack: 0x000000ae08c00000,0x000000ae08d00000] [id=89108]
  0x000001cd759a1a70 GCTaskThread "GC Thread#11" [stack: 0x000000ae08d00000,0x000000ae08e00000] [id=89264]
  0x000001cd029ced00 ConcurrentGCThread "G1 Main Marker" [stack: 0x000000ae06c00000,0x000000ae06d00000] [id=73632]
  0x000001cd2c934760 ConcurrentGCThread "G1 Conc#0" [stack: 0x000000ae06d00000,0x000000ae06e00000] [id=73936]
  0x000001cd2ca27d70 ConcurrentGCThread "G1 Refine#0" [stack: 0x000000ae06e00000,0x000000ae06f00000] [id=73932]
  0x000001cd2ca28790 ConcurrentGCThread "G1 Service" [stack: 0x000000ae06f00000,0x000000ae07000000] [id=87352]

Threads with active compile tasks:
C2 CompilerThread0      615 1814       4       jdk.internal.org.objectweb.asm.Frame::execute (2305 bytes)
C2 CompilerThread1      615 1801   !   4       java.util.concurrent.ConcurrentHashMap::transfer (849 bytes)
C2 CompilerThread2      616 1755       4       java.net.URLStreamHandler::parseURL (1201 bytes)
C2 CompilerThread3      616 1751   !   4       java.net.URL::<init> (543 bytes)

VM state: not at safepoint (normal execution)

VM Mutex/Monitor currently owned by a thread:  ([mutex/lock_event])
[0x000001cd0290f620] Metaspace_lock - owner thread: 0x000001cd75f9c4c0

Heap address: 0x0000000603400000, size: 8140 MB, Compressed Oops mode: Zero based, Oop shift amount: 3

CDS archive(s) mapped at: [0x000001cd30000000-0x000001cd30bd0000-0x000001cd30bd0000), size 12386304, SharedBaseAddress: 0x000001cd30000000, ArchiveRelocationMode: 1.
Compressed class space mapped at: 0x000001cd31000000-0x000001cd71000000, reserved size: 1073741824
Narrow klass base: 0x000001cd30000000, Narrow klass shift: 0, Narrow klass range: 0x100000000

GC Precious Log:
 CPUs: 16 total, 16 available
 Memory: 32559M
 Large Page Support: Disabled
 NUMA Support: Disabled
 Compressed Oops: Enabled (Zero based)
 Heap Region Size: 4M
 Heap Min Capacity: 8M
 Heap Initial Capacity: 512M
 Heap Max Capacity: 8140M
 Pre-touch: Disabled
 Parallel Workers: 13
 Concurrent Workers: 3
 Concurrent Refinement Workers: 13
 Periodic GC: Disabled

Heap:
 garbage-first heap   total 524288K, used 12484K [0x0000000603400000, 0x0000000800000000)
  region size 4096K, 3 young (12288K), 1 survivors (4096K)
 Metaspace       used 11711K, committed 11904K, reserved 1114112K
  class space    used 1382K, committed 1472K, reserved 1048576K

Heap Regions: E=young(eden), S=young(survivor), O=old, HS=humongous(starts), HC=humongous(continues), CS=collection set, F=free, OA=open archive, CA=closed archive, TAMS=top-at-mark-start (previous, next)
|   0|0x0000000603400000, 0x0000000603800000, 0x0000000603800000|100%| O|  |TAMS 0x0000000603400000, 0x0000000603400000| Untracked 
|   1|0x0000000603800000, 0x0000000603ac2c00, 0x0000000603c00000| 69%| O|  |TAMS 0x0000000603800000, 0x0000000603800000| Untracked 
|   2|0x0000000603c00000, 0x0000000603c00000, 0x0000000604000000|  0%| F|  |TAMS 0x0000000603c00000, 0x0000000603c00000| Untracked 
|   3|0x0000000604000000, 0x0000000604000000, 0x0000000604400000|  0%| F|  |TAMS 0x0000000604000000, 0x0000000604000000| Untracked 
|   4|0x0000000604400000, 0x0000000604400000, 0x0000000604800000|  0%| F|  |TAMS 0x0000000604400000, 0x0000000604400000| Untracked 
|   5|0x0000000604800000, 0x0000000604800000, 0x0000000604c00000|  0%| F|  |TAMS 0x0000000604800000, 0x0000000604800000| Untracked 
|   6|0x0000000604c00000, 0x0000000604c00000, 0x0000000605000000|  0%| F|  |TAMS 0x0000000604c00000, 0x0000000604c00000| Untracked 
|   7|0x0000000605000000, 0x0000000605000000, 0x0000000605400000|  0%| F|  |TAMS 0x0000000605000000, 0x0000000605000000| Untracked 
|   8|0x0000000605400000, 0x0000000605400000, 0x0000000605800000|  0%| F|  |TAMS 0x0000000605400000, 0x0000000605400000| Untracked 
|   9|0x0000000605800000, 0x0000000605800000, 0x0000000605c00000|  0%| F|  |TAMS 0x0000000605800000, 0x0000000605800000| Untracked 
|  10|0x0000000605c00000, 0x0000000605c00000, 0x0000000606000000|  0%| F|  |TAMS 0x0000000605c00000, 0x0000000605c00000| Untracked 
|  11|0x0000000606000000, 0x0000000606000000, 0x0000000606400000|  0%| F|  |TAMS 0x0000000606000000, 0x0000000606000000| Untracked 
|  12|0x0000000606400000, 0x0000000606400000, 0x0000000606800000|  0%| F|  |TAMS 0x0000000606400000, 0x0000000606400000| Untracked 
|  13|0x0000000606800000, 0x0000000606800000, 0x0000000606c00000|  0%| F|  |TAMS 0x0000000606800000, 0x0000000606800000| Untracked 
|  14|0x0000000606c00000, 0x0000000606c00000, 0x0000000607000000|  0%| F|  |TAMS 0x0000000606c00000, 0x0000000606c00000| Untracked 
|  15|0x0000000607000000, 0x0000000607000000, 0x0000000607400000|  0%| F|  |TAMS 0x0000000607000000, 0x0000000607000000| Untracked 
|  16|0x0000000607400000, 0x0000000607400000, 0x0000000607800000|  0%| F|  |TAMS 0x0000000607400000, 0x0000000607400000| Untracked 
|  17|0x0000000607800000, 0x0000000607800000, 0x0000000607c00000|  0%| F|  |TAMS 0x0000000607800000, 0x0000000607800000| Untracked 
|  18|0x0000000607c00000, 0x0000000607c00000, 0x0000000608000000|  0%| F|  |TAMS 0x0000000607c00000, 0x0000000607c00000| Untracked 
|  19|0x0000000608000000, 0x0000000608000000, 0x0000000608400000|  0%| F|  |TAMS 0x0000000608000000, 0x0000000608000000| Untracked 
|  20|0x0000000608400000, 0x0000000608400000, 0x0000000608800000|  0%| F|  |TAMS 0x0000000608400000, 0x0000000608400000| Untracked 
|  21|0x0000000608800000, 0x0000000608800000, 0x0000000608c00000|  0%| F|  |TAMS 0x0000000608800000, 0x0000000608800000| Untracked 
|  22|0x0000000608c00000, 0x0000000608c00000, 0x0000000609000000|  0%| F|  |TAMS 0x0000000608c00000, 0x0000000608c00000| Untracked 
|  23|0x0000000609000000, 0x0000000609000000, 0x0000000609400000|  0%| F|  |TAMS 0x0000000609000000, 0x0000000609000000| Untracked 
|  24|0x0000000609400000, 0x0000000609400000, 0x0000000609800000|  0%| F|  |TAMS 0x0000000609400000, 0x0000000609400000| Untracked 
|  25|0x0000000609800000, 0x0000000609800000, 0x0000000609c00000|  0%| F|  |TAMS 0x0000000609800000, 0x0000000609800000| Untracked 
|  26|0x0000000609c00000, 0x0000000609c00000, 0x000000060a000000|  0%| F|  |TAMS 0x0000000609c00000, 0x0000000609c00000| Untracked 
|  27|0x000000060a000000, 0x000000060a000000, 0x000000060a400000|  0%| F|  |TAMS 0x000000060a000000, 0x000000060a000000| Untracked 
|  28|0x000000060a400000, 0x000000060a400000, 0x000000060a800000|  0%| F|  |TAMS 0x000000060a400000, 0x000000060a400000| Untracked 
|  29|0x000000060a800000, 0x000000060a800000, 0x000000060ac00000|  0%| F|  |TAMS 0x000000060a800000, 0x000000060a800000| Untracked 
|  30|0x000000060ac00000, 0x000000060ac00000, 0x000000060b000000|  0%| F|  |TAMS 0x000000060ac00000, 0x000000060ac00000| Untracked 
|  31|0x000000060b000000, 0x000000060b000000, 0x000000060b400000|  0%| F|  |TAMS 0x000000060b000000, 0x000000060b000000| Untracked 
|  32|0x000000060b400000, 0x000000060b400000, 0x000000060b800000|  0%| F|  |TAMS 0x000000060b400000, 0x000000060b400000| Untracked 
|  33|0x000000060b800000, 0x000000060b800000, 0x000000060bc00000|  0%| F|  |TAMS 0x000000060b800000, 0x000000060b800000| Untracked 
|  34|0x000000060bc00000, 0x000000060bc00000, 0x000000060c000000|  0%| F|  |TAMS 0x000000060bc00000, 0x000000060bc00000| Untracked 
|  35|0x000000060c000000, 0x000000060c000000, 0x000000060c400000|  0%| F|  |TAMS 0x000000060c000000, 0x000000060c000000| Untracked 
|  36|0x000000060c400000, 0x000000060c400000, 0x000000060c800000|  0%| F|  |TAMS 0x000000060c400000, 0x000000060c400000| Untracked 
|  37|0x000000060c800000, 0x000000060c800000, 0x000000060cc00000|  0%| F|  |TAMS 0x000000060c800000, 0x000000060c800000| Untracked 
|  38|0x000000060cc00000, 0x000000060cc00000, 0x000000060d000000|  0%| F|  |TAMS 0x000000060cc00000, 0x000000060cc00000| Untracked 
|  39|0x000000060d000000, 0x000000060d000000, 0x000000060d400000|  0%| F|  |TAMS 0x000000060d000000, 0x000000060d000000| Untracked 
|  40|0x000000060d400000, 0x000000060d400000, 0x000000060d800000|  0%| F|  |TAMS 0x000000060d400000, 0x000000060d400000| Untracked 
|  41|0x000000060d800000, 0x000000060d800000, 0x000000060dc00000|  0%| F|  |TAMS 0x000000060d800000, 0x000000060d800000| Untracked 
|  42|0x000000060dc00000, 0x000000060dc00000, 0x000000060e000000|  0%| F|  |TAMS 0x000000060dc00000, 0x000000060dc00000| Untracked 
|  43|0x000000060e000000, 0x000000060e000000, 0x000000060e400000|  0%| F|  |TAMS 0x000000060e000000, 0x000000060e000000| Untracked 
|  44|0x000000060e400000, 0x000000060e400000, 0x000000060e800000|  0%| F|  |TAMS 0x000000060e400000, 0x000000060e400000| Untracked 
|  45|0x000000060e800000, 0x000000060e800000, 0x000000060ec00000|  0%| F|  |TAMS 0x000000060e800000, 0x000000060e800000| Untracked 
|  46|0x000000060ec00000, 0x000000060ec00000, 0x000000060f000000|  0%| F|  |TAMS 0x000000060ec00000, 0x000000060ec00000| Untracked 
|  47|0x000000060f000000, 0x000000060f000000, 0x000000060f400000|  0%| F|  |TAMS 0x000000060f000000, 0x000000060f000000| Untracked 
|  48|0x000000060f400000, 0x000000060f400000, 0x000000060f800000|  0%| F|  |TAMS 0x000000060f400000, 0x000000060f400000| Untracked 
|  49|0x000000060f800000, 0x000000060f800000, 0x000000060fc00000|  0%| F|  |TAMS 0x000000060f800000, 0x000000060f800000| Untracked 
|  50|0x000000060fc00000, 0x000000060fc00000, 0x0000000610000000|  0%| F|  |TAMS 0x000000060fc00000, 0x000000060fc00000| Untracked 
|  51|0x0000000610000000, 0x0000000610000000, 0x0000000610400000|  0%| F|  |TAMS 0x0000000610000000, 0x0000000610000000| Untracked 
|  52|0x0000000610400000, 0x0000000610400000, 0x0000000610800000|  0%| F|  |TAMS 0x0000000610400000, 0x0000000610400000| Untracked 
|  53|0x0000000610800000, 0x0000000610800000, 0x0000000610c00000|  0%| F|  |TAMS 0x0000000610800000, 0x0000000610800000| Untracked 
|  54|0x0000000610c00000, 0x0000000610c00000, 0x0000000611000000|  0%| F|  |TAMS 0x0000000610c00000, 0x0000000610c00000| Untracked 
|  55|0x0000000611000000, 0x0000000611000000, 0x0000000611400000|  0%| F|  |TAMS 0x0000000611000000, 0x0000000611000000| Untracked 
|  56|0x0000000611400000, 0x0000000611400000, 0x0000000611800000|  0%| F|  |TAMS 0x0000000611400000, 0x0000000611400000| Untracked 
|  57|0x0000000611800000, 0x0000000611800000, 0x0000000611c00000|  0%| F|  |TAMS 0x0000000611800000, 0x0000000611800000| Untracked 
|  58|0x0000000611c00000, 0x0000000611c00000, 0x0000000612000000|  0%| F|  |TAMS 0x0000000611c00000, 0x0000000611c00000| Untracked 
|  59|0x0000000612000000, 0x0000000612000000, 0x0000000612400000|  0%| F|  |TAMS 0x0000000612000000, 0x0000000612000000| Untracked 
|  60|0x0000000612400000, 0x0000000612400000, 0x0000000612800000|  0%| F|  |TAMS 0x0000000612400000, 0x0000000612400000| Untracked 
|  61|0x0000000612800000, 0x0000000612800000, 0x0000000612c00000|  0%| F|  |TAMS 0x0000000612800000, 0x0000000612800000| Untracked 
|  62|0x0000000612c00000, 0x0000000612c00000, 0x0000000613000000|  0%| F|  |TAMS 0x0000000612c00000, 0x0000000612c00000| Untracked 
|  63|0x0000000613000000, 0x0000000613000000, 0x0000000613400000|  0%| F|  |TAMS 0x0000000613000000, 0x0000000613000000| Untracked 
|  64|0x0000000613400000, 0x0000000613400000, 0x0000000613800000|  0%| F|  |TAMS 0x0000000613400000, 0x0000000613400000| Untracked 
|  65|0x0000000613800000, 0x0000000613800000, 0x0000000613c00000|  0%| F|  |TAMS 0x0000000613800000, 0x0000000613800000| Untracked 
|  66|0x0000000613c00000, 0x0000000613c00000, 0x0000000614000000|  0%| F|  |TAMS 0x0000000613c00000, 0x0000000613c00000| Untracked 
|  67|0x0000000614000000, 0x0000000614000000, 0x0000000614400000|  0%| F|  |TAMS 0x0000000614000000, 0x0000000614000000| Untracked 
|  68|0x0000000614400000, 0x0000000614400000, 0x0000000614800000|  0%| F|  |TAMS 0x0000000614400000, 0x0000000614400000| Untracked 
|  69|0x0000000614800000, 0x0000000614800000, 0x0000000614c00000|  0%| F|  |TAMS 0x0000000614800000, 0x0000000614800000| Untracked 
|  70|0x0000000614c00000, 0x0000000614c00000, 0x0000000615000000|  0%| F|  |TAMS 0x0000000614c00000, 0x0000000614c00000| Untracked 
|  71|0x0000000615000000, 0x0000000615000000, 0x0000000615400000|  0%| F|  |TAMS 0x0000000615000000, 0x0000000615000000| Untracked 
|  72|0x0000000615400000, 0x0000000615400000, 0x0000000615800000|  0%| F|  |TAMS 0x0000000615400000, 0x0000000615400000| Untracked 
|  73|0x0000000615800000, 0x0000000615800000, 0x0000000615c00000|  0%| F|  |TAMS 0x0000000615800000, 0x0000000615800000| Untracked 
|  74|0x0000000615c00000, 0x0000000615c00000, 0x0000000616000000|  0%| F|  |TAMS 0x0000000615c00000, 0x0000000615c00000| Untracked 
|  75|0x0000000616000000, 0x0000000616000000, 0x0000000616400000|  0%| F|  |TAMS 0x0000000616000000, 0x0000000616000000| Untracked 
|  76|0x0000000616400000, 0x0000000616400000, 0x0000000616800000|  0%| F|  |TAMS 0x0000000616400000, 0x0000000616400000| Untracked 
|  77|0x0000000616800000, 0x0000000616800000, 0x0000000616c00000|  0%| F|  |TAMS 0x0000000616800000, 0x0000000616800000| Untracked 
|  78|0x0000000616c00000, 0x0000000616c00000, 0x0000000617000000|  0%| F|  |TAMS 0x0000000616c00000, 0x0000000616c00000| Untracked 
|  79|0x0000000617000000, 0x0000000617000000, 0x0000000617400000|  0%| F|  |TAMS 0x0000000617000000, 0x0000000617000000| Untracked 
|  80|0x0000000617400000, 0x0000000617400000, 0x0000000617800000|  0%| F|  |TAMS 0x0000000617400000, 0x0000000617400000| Untracked 
|  81|0x0000000617800000, 0x0000000617800000, 0x0000000617c00000|  0%| F|  |TAMS 0x0000000617800000, 0x0000000617800000| Untracked 
|  82|0x0000000617c00000, 0x0000000617c00000, 0x0000000618000000|  0%| F|  |TAMS 0x0000000617c00000, 0x0000000617c00000| Untracked 
|  83|0x0000000618000000, 0x0000000618000000, 0x0000000618400000|  0%| F|  |TAMS 0x0000000618000000, 0x0000000618000000| Untracked 
|  84|0x0000000618400000, 0x0000000618400000, 0x0000000618800000|  0%| F|  |TAMS 0x0000000618400000, 0x0000000618400000| Untracked 
|  85|0x0000000618800000, 0x0000000618800000, 0x0000000618c00000|  0%| F|  |TAMS 0x0000000618800000, 0x0000000618800000| Untracked 
|  86|0x0000000618c00000, 0x0000000618c00000, 0x0000000619000000|  0%| F|  |TAMS 0x0000000618c00000, 0x0000000618c00000| Untracked 
|  87|0x0000000619000000, 0x0000000619000000, 0x0000000619400000|  0%| F|  |TAMS 0x0000000619000000, 0x0000000619000000| Untracked 
|  88|0x0000000619400000, 0x0000000619400000, 0x0000000619800000|  0%| F|  |TAMS 0x0000000619400000, 0x0000000619400000| Untracked 
|  89|0x0000000619800000, 0x0000000619800000, 0x0000000619c00000|  0%| F|  |TAMS 0x0000000619800000, 0x0000000619800000| Untracked 
|  90|0x0000000619c00000, 0x0000000619c00000, 0x000000061a000000|  0%| F|  |TAMS 0x0000000619c00000, 0x0000000619c00000| Untracked 
|  91|0x000000061a000000, 0x000000061a000000, 0x000000061a400000|  0%| F|  |TAMS 0x000000061a000000, 0x000000061a000000| Untracked 
|  92|0x000000061a400000, 0x000000061a400000, 0x000000061a800000|  0%| F|  |TAMS 0x000000061a400000, 0x000000061a400000| Untracked 
|  93|0x000000061a800000, 0x000000061a800000, 0x000000061ac00000|  0%| F|  |TAMS 0x000000061a800000, 0x000000061a800000| Untracked 
|  94|0x000000061ac00000, 0x000000061ac00000, 0x000000061b000000|  0%| F|  |TAMS 0x000000061ac00000, 0x000000061ac00000| Untracked 
|  95|0x000000061b000000, 0x000000061b000000, 0x000000061b400000|  0%| F|  |TAMS 0x000000061b000000, 0x000000061b000000| Untracked 
|  96|0x000000061b400000, 0x000000061b400000, 0x000000061b800000|  0%| F|  |TAMS 0x000000061b400000, 0x000000061b400000| Untracked 
|  97|0x000000061b800000, 0x000000061b800000, 0x000000061bc00000|  0%| F|  |TAMS 0x000000061b800000, 0x000000061b800000| Untracked 
|  98|0x000000061bc00000, 0x000000061bc00000, 0x000000061c000000|  0%| F|  |TAMS 0x000000061bc00000, 0x000000061bc00000| Untracked 
|  99|0x000000061c000000, 0x000000061c000000, 0x000000061c400000|  0%| F|  |TAMS 0x000000061c000000, 0x000000061c000000| Untracked 
| 100|0x000000061c400000, 0x000000061c400000, 0x000000061c800000|  0%| F|  |TAMS 0x000000061c400000, 0x000000061c400000| Untracked 
| 101|0x000000061c800000, 0x000000061c800000, 0x000000061cc00000|  0%| F|  |TAMS 0x000000061c800000, 0x000000061c800000| Untracked 
| 102|0x000000061cc00000, 0x000000061cc00000, 0x000000061d000000|  0%| F|  |TAMS 0x000000061cc00000, 0x000000061cc00000| Untracked 
| 103|0x000000061d000000, 0x000000061d000000, 0x000000061d400000|  0%| F|  |TAMS 0x000000061d000000, 0x000000061d000000| Untracked 
| 104|0x000000061d400000, 0x000000061d400000, 0x000000061d800000|  0%| F|  |TAMS 0x000000061d400000, 0x000000061d400000| Untracked 
| 105|0x000000061d800000, 0x000000061d800000, 0x000000061dc00000|  0%| F|  |TAMS 0x000000061d800000, 0x000000061d800000| Untracked 
| 106|0x000000061dc00000, 0x000000061dc00000, 0x000000061e000000|  0%| F|  |TAMS 0x000000061dc00000, 0x000000061dc00000| Untracked 
| 107|0x000000061e000000, 0x000000061e000000, 0x000000061e400000|  0%| F|  |TAMS 0x000000061e000000, 0x000000061e000000| Untracked 
| 108|0x000000061e400000, 0x000000061e400000, 0x000000061e800000|  0%| F|  |TAMS 0x000000061e400000, 0x000000061e400000| Untracked 
| 109|0x000000061e800000, 0x000000061e800000, 0x000000061ec00000|  0%| F|  |TAMS 0x000000061e800000, 0x000000061e800000| Untracked 
| 110|0x000000061ec00000, 0x000000061ec00000, 0x000000061f000000|  0%| F|  |TAMS 0x000000061ec00000, 0x000000061ec00000| Untracked 
| 111|0x000000061f000000, 0x000000061f000000, 0x000000061f400000|  0%| F|  |TAMS 0x000000061f000000, 0x000000061f000000| Untracked 
| 112|0x000000061f400000, 0x000000061f400000, 0x000000061f800000|  0%| F|  |TAMS 0x000000061f400000, 0x000000061f400000| Untracked 
| 113|0x000000061f800000, 0x000000061f800000, 0x000000061fc00000|  0%| F|  |TAMS 0x000000061f800000, 0x000000061f800000| Untracked 
| 114|0x000000061fc00000, 0x000000061fc00000, 0x0000000620000000|  0%| F|  |TAMS 0x000000061fc00000, 0x000000061fc00000| Untracked 
| 115|0x0000000620000000, 0x0000000620000000, 0x0000000620400000|  0%| F|  |TAMS 0x0000000620000000, 0x0000000620000000| Untracked 
| 116|0x0000000620400000, 0x0000000620400000, 0x0000000620800000|  0%| F|  |TAMS 0x0000000620400000, 0x0000000620400000| Untracked 
| 117|0x0000000620800000, 0x0000000620800000, 0x0000000620c00000|  0%| F|  |TAMS 0x0000000620800000, 0x0000000620800000| Untracked 
| 118|0x0000000620c00000, 0x0000000620c00000, 0x0000000621000000|  0%| F|  |TAMS 0x0000000620c00000, 0x0000000620c00000| Untracked 
| 119|0x0000000621000000, 0x0000000621000000, 0x0000000621400000|  0%| F|  |TAMS 0x0000000621000000, 0x0000000621000000| Untracked 
| 120|0x0000000621400000, 0x0000000621400000, 0x0000000621800000|  0%| F|  |TAMS 0x0000000621400000, 0x0000000621400000| Untracked 
| 121|0x0000000621800000, 0x0000000621800000, 0x0000000621c00000|  0%| F|  |TAMS 0x0000000621800000, 0x0000000621800000| Untracked 
| 122|0x0000000621c00000, 0x0000000621d6e5b0, 0x0000000622000000| 35%| S|CS|TAMS 0x0000000621c00000, 0x0000000621c00000| Complete 
| 123|0x0000000622000000, 0x0000000622000000, 0x0000000622400000|  0%| F|  |TAMS 0x0000000622000000, 0x0000000622000000| Untracked 
| 124|0x0000000622400000, 0x0000000622400000, 0x0000000622800000|  0%| F|  |TAMS 0x0000000622400000, 0x0000000622400000| Untracked 
| 125|0x0000000622800000, 0x0000000622800000, 0x0000000622c00000|  0%| F|  |TAMS 0x0000000622800000, 0x0000000622800000| Untracked 
| 126|0x0000000622c00000, 0x0000000622e9bc70, 0x0000000623000000| 65%| E|  |TAMS 0x0000000622c00000, 0x0000000622c00000| Complete 
| 127|0x0000000623000000, 0x0000000623400000, 0x0000000623400000|100%| E|CS|TAMS 0x0000000623000000, 0x0000000623000000| Complete 

Card table byte_map: [0x000001cd1aa20000,0x000001cd1ba10000] _byte_map_base: 0x000001cd17a06000

Marking Bits (Prev, Next): (CMBitMap*) 0x000001cd029c1490, (CMBitMap*) 0x000001cd029c14d0
 Prev Bits: [0x000001cd1ca00000, 0x000001cd24930000)
 Next Bits: [0x000001cd24930000, 0x000001cd2c860000)

Polling page: 0x000001cd00890000

Metaspace:

Usage:
  Non-class:     10.09 MB used.
      Class:      1.35 MB used.
       Both:     11.44 MB used.

Virtual space:
  Non-class space:       64.00 MB reserved,      10.19 MB ( 16%) committed,  1 nodes.
      Class space:        1.00 GB reserved,       1.44 MB ( <1%) committed,  1 nodes.
             Both:        1.06 GB reserved,      11.62 MB (  1%) committed. 

Chunk freelists:
   Non-Class:  5.23 MB
       Class:  14.56 MB
        Both:  19.80 MB

MaxMetaspaceSize: unlimited
CompressedClassSpaceSize: 1.00 GB
Initial GC threshold: 21.00 MB
Current GC threshold: 21.00 MB
CDS: on
MetaspaceReclaimPolicy: balanced
 - commit_granule_bytes: 65536.
 - commit_granule_words: 8192.
 - virtual_space_node_default_size: 8388608.
 - enlarge_chunks_in_place: 1.
 - new_chunks_are_fully_committed: 0.
 - uncommit_free_chunks: 1.
 - use_allocation_guard: 0.
 - handle_deallocations: 1.


Internal statistics:

num_allocs_failed_limit: 0.
num_arena_births: 156.
num_arena_deaths: 0.
num_vsnodes_births: 2.
num_vsnodes_deaths: 0.
num_space_committed: 186.
num_space_uncommitted: 0.
num_chunks_returned_to_freelist: 0.
num_chunks_taken_from_freelist: 525.
num_chunk_merges: 0.
num_chunk_splits: 351.
num_chunks_enlarged: 274.
num_purges: 0.
num_inconsistent_stats: 0.

CodeHeap 'non-profiled nmethods': size=119168Kb used=645Kb max_used=645Kb free=118522Kb
 bounds [0x000001cd11d40000, 0x000001cd11fb0000, 0x000001cd191a0000]
CodeHeap 'profiled nmethods': size=119104Kb used=3518Kb max_used=3518Kb free=115585Kb
 bounds [0x000001cd0a1a0000, 0x000001cd0a510000, 0x000001cd115f0000]
CodeHeap 'non-nmethods': size=7488Kb used=2878Kb max_used=2894Kb free=4609Kb
 bounds [0x000001cd115f0000, 0x000001cd118d0000, 0x000001cd11d40000]
 total_blobs=2326 nmethods=1841 adapters=394
 compilation: enabled
              stopped_count=0, restarted_count=0
 full_count=0

Compilation events (20 events):
Event: 0.599 Thread 0x000001cd2fa9ffc0 nmethod 1832 0x000001cd0a509190 code [0x000001cd0a5093a0, 0x000001cd0a509aa8]
Event: 0.599 Thread 0x000001cd2fa9ffc0 1837       3       sun.reflect.generics.parser.SignatureParser::make (8 bytes)
Event: 0.599 Thread 0x000001cd2faa29f0 nmethod 1835 0x000001cd0a50b110 code [0x000001cd0a50b2e0, 0x000001cd0a50b768]
Event: 0.599 Thread 0x000001cd2cb188e0 nmethod 1836 0x000001cd0a50b910 code [0x000001cd0a50bae0, 0x000001cd0a50bec8]
Event: 0.599 Thread 0x000001cd2faa24e0 nmethod 1829 0x000001cd0a509d90 code [0x000001cd0a509fe0, 0x000001cd0a50abe8]
Event: 0.599 Thread 0x000001cd2faa29f0 1838       3       sun.reflect.generics.parser.SignatureParser::<init> (5 bytes)
Event: 0.599 Thread 0x000001cd2cb188e0 1839       3       sun.reflect.generics.parser.SignatureParser::init (16 bytes)
Event: 0.599 Thread 0x000001cd2faa24e0 1842       3       sun.reflect.generics.scope.AbstractScope::<init> (10 bytes)
Event: 0.599 Thread 0x000001cd2fa9ffc0 nmethod 1837 0x000001cd0a50c090 code [0x000001cd0a50c240, 0x000001cd0a50c438]
Event: 0.599 Thread 0x000001cd2fa9ffc0 1843       3       sun.reflect.generics.factory.CoreReflectionFactory::make (10 bytes)
Event: 0.599 Thread 0x000001cd2faa29f0 nmethod 1838 0x000001cd0a50c510 code [0x000001cd0a50c6a0, 0x000001cd0a50c7f8]
Event: 0.599 Thread 0x000001cd2cb188e0 nmethod 1839 0x000001cd0a50c890 code [0x000001cd0a50ca20, 0x000001cd0a50cb98]
Event: 0.599 Thread 0x000001cd2faa29f0 1844       3       sun.reflect.generics.factory.CoreReflectionFactory::<init> (15 bytes)
Event: 0.599 Thread 0x000001cd2faa24e0 nmethod 1842 0x000001cd0a50cc10 code [0x000001cd0a50cda0, 0x000001cd0a50cf58]
Event: 0.599 Thread 0x000001cd2cb188e0 1840       3       sun.reflect.generics.scope.ClassScope::make (9 bytes)
Event: 0.599 Thread 0x000001cd2faa24e0 1841       3       sun.reflect.generics.scope.ClassScope::<init> (6 bytes)
Event: 0.599 Thread 0x000001cd2fa9ffc0 nmethod 1843 0x000001cd0a50d010 code [0x000001cd0a50d1c0, 0x000001cd0a50d498]
Event: 0.599 Thread 0x000001cd2faa29f0 nmethod 1844 0x000001cd0a50d590 code [0x000001cd0a50d740, 0x000001cd0a50d978]
Event: 0.599 Thread 0x000001cd2cb188e0 nmethod 1840 0x000001cd0a50da10 code [0x000001cd0a50dbc0, 0x000001cd0a50de98]
Event: 0.600 Thread 0x000001cd2faa24e0 nmethod 1841 0x000001cd0a50df90 code [0x000001cd0a50e140, 0x000001cd0a50e378]

GC Heap History (4 events):
Event: 0.365 GC heap before
{Heap before GC invocations=0 (full 0):
 garbage-first heap   total 524288K, used 24576K [0x0000000603400000, 0x0000000800000000)
  region size 4096K, 6 young (24576K), 0 survivors (0K)
 Metaspace       used 5660K, committed 5760K, reserved 1114112K
  class space    used 670K, committed 704K, reserved 1048576K
}
Event: 0.368 GC heap after
{Heap after GC invocations=1 (full 0):
 garbage-first heap   total 524288K, used 6780K [0x0000000603400000, 0x0000000800000000)
  region size 4096K, 1 young (4096K), 1 survivors (4096K)
 Metaspace       used 5660K, committed 5760K, reserved 1114112K
  class space    used 670K, committed 704K, reserved 1048576K
}
Event: 0.551 GC heap before
{Heap before GC invocations=1 (full 0):
 garbage-first heap   total 524288K, used 27260K [0x0000000603400000, 0x0000000800000000)
  region size 4096K, 6 young (24576K), 1 survivors (4096K)
 Metaspace       used 10404K, committed 10688K, reserved 1114112K
  class space    used 1251K, committed 1408K, reserved 1048576K
}
Event: 0.553 GC heap after
{Heap after GC invocations=2 (full 0):
 garbage-first heap   total 524288K, used 8388K [0x0000000603400000, 0x0000000800000000)
  region size 4096K, 1 young (4096K), 1 survivors (4096K)
 Metaspace       used 10404K, committed 10688K, reserved 1114112K
  class space    used 1251K, committed 1408K, reserved 1048576K
}

Deoptimization events (20 events):
Event: 0.562 Thread 0x000001cd75f9c4c0 Uncommon trap: trap_request=0xffffff45 fr.pc=0x000001cd11d4bc1c relative=0x00000000000003fc
Event: 0.562 Thread 0x000001cd75f9c4c0 Uncommon trap: reason=unstable_if action=reinterpret pc=0x000001cd11d4bc1c method=java.lang.AbstractStringBuilder.isLatin1()Z @ 10 c2
Event: 0.563 Thread 0x000001cd75f9c4c0 DEOPT PACKING pc=0x000001cd11d4bc1c sp=0x000000ae08efde70
Event: 0.563 Thread 0x000001cd75f9c4c0 DEOPT UNPACKING pc=0x000001cd116423a3 sp=0x000000ae08efddf0 mode 2
Event: 0.565 Thread 0x000001cd75f9c4c0 Uncommon trap: trap_request=0xffffff45 fr.pc=0x000001cd11d925c8 relative=0x0000000000000048
Event: 0.565 Thread 0x000001cd75f9c4c0 Uncommon trap: reason=unstable_if action=reinterpret pc=0x000001cd11d925c8 method=java.lang.CharacterData.of(I)Ljava/lang/CharacterData; @ 4 c2
Event: 0.565 Thread 0x000001cd75f9c4c0 DEOPT PACKING pc=0x000001cd11d925c8 sp=0x000000ae08efd620
Event: 0.565 Thread 0x000001cd75f9c4c0 DEOPT UNPACKING pc=0x000001cd116423a3 sp=0x000000ae08efd5b8 mode 2
Event: 0.575 Thread 0x000001cd02914c90 Uncommon trap: trap_request=0xffffff45 fr.pc=0x000001cd11dac7dc relative=0x00000000000010bc
Event: 0.575 Thread 0x000001cd02914c90 Uncommon trap: reason=unstable_if action=reinterpret pc=0x000001cd11dac7dc method=java.util.concurrent.ConcurrentHashMap.addCount(JI)V @ 171 c2
Event: 0.575 Thread 0x000001cd02914c90 DEOPT PACKING pc=0x000001cd11dac7dc sp=0x000000ae06afe4f0
Event: 0.575 Thread 0x000001cd02914c90 DEOPT UNPACKING pc=0x000001cd116423a3 sp=0x000000ae06afe3b0 mode 2
Event: 0.585 Thread 0x000001cd02914c90 Uncommon trap: trap_request=0xffffff45 fr.pc=0x000001cd11dc055c relative=0x000000000000023c
Event: 0.585 Thread 0x000001cd02914c90 Uncommon trap: reason=unstable_if action=reinterpret pc=0x000001cd11dc055c method=org.springframework.util.ConcurrentReferenceHashMap$Segment.restructureIfNecessary(Z)V @ 21 c2
Event: 0.585 Thread 0x000001cd02914c90 DEOPT PACKING pc=0x000001cd11dc055c sp=0x000000ae06afdf80
Event: 0.585 Thread 0x000001cd02914c90 DEOPT UNPACKING pc=0x000001cd116423a3 sp=0x000000ae06afdf50 mode 2
Event: 0.591 Thread 0x000001cd02914c90 Uncommon trap: trap_request=0xffffff45 fr.pc=0x000001cd11da7afc relative=0x00000000000002dc
Event: 0.591 Thread 0x000001cd02914c90 Uncommon trap: reason=unstable_if action=reinterpret pc=0x000001cd11da7afc method=jdk.internal.org.objectweb.asm.SymbolTable.put(Ljdk/internal/org/objectweb/asm/SymbolTable$Entry;)Ljdk/internal/org/objectweb/asm/SymbolTable$Entry; @ 13 c2
Event: 0.591 Thread 0x000001cd02914c90 DEOPT PACKING pc=0x000001cd11da7afc sp=0x000000ae06afd720
Event: 0.591 Thread 0x000001cd02914c90 DEOPT UNPACKING pc=0x000001cd116423a3 sp=0x000000ae06afd6a0 mode 2

Classes unloaded (0 events):
No events

Classes redefined (0 events):
No events

Internal exceptions (20 events):
Event: 0.389 Thread 0x000001cd02914c90 Exception <a 'java/lang/NoSuchMethodError'{0x000000062320a148}: 'java.lang.Object java.lang.invoke.DirectMethodHandle$Holder.invokeSpecial(java.lang.Object, java.lang.Object, java.lang.Object, java.lang.Object, java.lang.Object, java.lang.Object, java.lang.Object, int)'> (0x000000062320a148) 
thrown [s\open\src\hotspot\share\interpreter\linkResolver.cpp, line 759]
Event: 0.407 Thread 0x000001cd02914c90 Exception <a 'java/lang/NoSuchMethodError'{0x00000006233b3670}: 'int java.lang.invoke.DirectMethodHandle$Holder.invokeInterface(java.lang.Object, java.lang.Object)'> (0x00000006233b3670) 
thrown [s\open\src\hotspot\share\interpreter\linkResolver.cpp, line 759]
Event: 0.425 Thread 0x000001cd02914c90 Exception <a 'java/lang/NoSuchMethodError'{0x0000000622d19478}: 'java.lang.Object java.lang.invoke.DirectMethodHandle$Holder.invokeSpecial(java.lang.Object, java.lang.Object, java.lang.Object, int, java.lang.Object)'> (0x0000000622d19478) 
thrown [s\open\src\hotspot\share\interpreter\linkResolver.cpp, line 759]
Event: 0.426 Thread 0x000001cd02914c90 Exception <a 'java/lang/NoSuchMethodError'{0x0000000622d21ad8}: 'java.lang.Object java.lang.invoke.DirectMethodHandle$Holder.newInvokeSpecial(java.lang.Object, java.lang.Object, java.lang.Object, int, java.lang.Object)'> (0x0000000622d21ad8) 
thrown [s\open\src\hotspot\share\interpreter\linkResolver.cpp, line 759]
Event: 0.426 Thread 0x000001cd02914c90 Exception <a 'java/lang/NoSuchMethodError'{0x0000000622d294a8}: 'java.lang.Object java.lang.invoke.Invokers$Holder.linkToTargetMethod(java.lang.Object, java.lang.Object, int, java.lang.Object, java.lang.Object)'> (0x0000000622d294a8) 
thrown [s\open\src\hotspot\share\interpreter\linkResolver.cpp, line 759]
Event: 0.427 Thread 0x000001cd02914c90 Exception <a 'java/lang/NoSuchMethodError'{0x0000000622d38e48}: 'java.lang.Object java.lang.invoke.DirectMethodHandle$Holder.newInvokeSpecial(java.lang.Object, int, java.lang.Object)'> (0x0000000622d38e48) 
thrown [s\open\src\hotspot\share\interpreter\linkResolver.cpp, line 759]
Event: 0.427 Thread 0x000001cd02914c90 Exception <a 'java/lang/NoSuchMethodError'{0x0000000622d3db28}: 'int java.lang.invoke.DirectMethodHandle$Holder.invokeSpecialIFC(java.lang.Object, java.lang.Object, java.lang.Object, java.lang.Object)'> (0x0000000622d3db28) 
thrown [s\open\src\hotspot\share\interpreter\linkResolver.cpp, line 759]
Event: 0.438 Thread 0x000001cd02914c90 Exception <a 'java/lang/NoSuchMethodError'{0x0000000622e116d8}: 'void java.lang.invoke.DirectMethodHandle$Holder.invokeInterface(java.lang.Object, java.lang.Object, java.lang.Object)'> (0x0000000622e116d8) 
thrown [s\open\src\hotspot\share\interpreter\linkResolver.cpp, line 759]
Event: 0.448 Thread 0x000001cd02914c90 Exception <a 'java/lang/NoSuchMethodError'{0x0000000622e894d0}: 'void java.lang.invoke.DirectMethodHandle$Holder.invokeStatic(java.lang.Object, java.lang.Object)'> (0x0000000622e894d0) 
thrown [s\open\src\hotspot\share\interpreter\linkResolver.cpp, line 759]
Event: 0.448 Thread 0x000001cd02914c90 Exception <a 'java/lang/NoSuchMethodError'{0x0000000622e8ccd0}: 'void java.lang.invoke.DirectMethodHandle$Holder.invokeStaticInit(java.lang.Object, java.lang.Object)'> (0x0000000622e8ccd0) 
thrown [s\open\src\hotspot\share\interpreter\linkResolver.cpp, line 759]
Event: 0.449 Thread 0x000001cd02914c90 Exception <a 'java/lang/NoSuchMethodError'{0x0000000622e9a878}: 'void java.lang.invoke.DirectMethodHandle$Holder.invokeStaticInit(java.lang.Object, java.lang.Object, java.lang.Object)'> (0x0000000622e9a878) 
thrown [s\open\src\hotspot\share\interpreter\linkResolver.cpp, line 759]
Event: 0.452 Thread 0x000001cd02914c90 Exception <a 'java/lang/NoSuchMethodError'{0x0000000622ed88a0}: 'java.lang.Object java.lang.invoke.DirectMethodHandle$Holder.invokeStatic(java.lang.Object, java.lang.Object, long, java.lang.Object)'> (0x0000000622ed88a0) 
thrown [s\open\src\hotspot\share\interpreter\linkResolver.cpp, line 759]
Event: 0.452 Thread 0x000001cd02914c90 Exception <a 'java/lang/NoSuchMethodError'{0x0000000622edc338}: 'java.lang.Object java.lang.invoke.DirectMethodHandle$Holder.invokeStaticInit(java.lang.Object, java.lang.Object, long, java.lang.Object)'> (0x0000000622edc338) 
thrown [s\open\src\hotspot\share\interpreter\linkResolver.cpp, line 759]
Event: 0.452 Thread 0x000001cd02914c90 Exception <a 'java/lang/NoSuchMethodError'{0x0000000622ee3088}: 'java.lang.Object java.lang.invoke.DirectMethodHandle$Holder.newInvokeSpecial(java.lang.Object, java.lang.Object, long)'> (0x0000000622ee3088) 
thrown [s\open\src\hotspot\share\interpreter\linkResolver.cpp, line 759]
Event: 0.452 Thread 0x000001cd02914c90 Exception <a 'java/lang/NoSuchMethodError'{0x0000000622ee6bf8}: 'java.lang.Object java.lang.invoke.Invokers$Holder.linkToTargetMethod(java.lang.Object, long, java.lang.Object)'> (0x0000000622ee6bf8) 
thrown [s\open\src\hotspot\share\interpreter\linkResolver.cpp, line 759]
Event: 0.459 Thread 0x000001cd02914c90 Exception <a 'java/lang/NoSuchMethodError'{0x0000000622f35750}: 'void java.lang.invoke.DirectMethodHandle$Holder.invokeVirtual(java.lang.Object, java.lang.Object, java.lang.Object, java.lang.Object)'> (0x0000000622f35750) 
thrown [s\open\src\hotspot\share\interpreter\linkResolver.cpp, line 759]
Event: 0.481 Thread 0x000001cd02914c90 Exception <a 'java/lang/NoSuchMethodError'{0x00000006228df1c8}: 'void java.lang.invoke.DirectMethodHandle$Holder.invokeSpecial(java.lang.Object, java.lang.Object, java.lang.Object)'> (0x00000006228df1c8) 
thrown [s\open\src\hotspot\share\interpreter\linkResolver.cpp, line 759]
Event: 0.481 Thread 0x000001cd02914c90 Exception <a 'java/lang/NoSuchMethodError'{0x00000006228e57a0}: 'void java.lang.invoke.DirectMethodHandle$Holder.invokeSpecial(java.lang.Object, java.lang.Object, java.lang.Object, java.lang.Object, java.lang.Object)'> (0x00000006228e57a0) 
thrown [s\open\src\hotspot\share\interpreter\linkResolver.cpp, line 759]
Event: 0.487 Thread 0x000001cd75f9c4c0 Exception <a 'java/lang/NoClassDefFoundError'{0x000000062293d830}: jakarta/validation/Validation> (0x000000062293d830) 
thrown [s\open\src\hotspot\share\classfile\systemDictionary.cpp, line 245]
Event: 0.488 Thread 0x000001cd02914c90 Exception <a 'java/lang/IncompatibleClassChangeError'{0x000000062291a2f8}: Found class java.lang.Object, but interface was expected> (0x000000062291a2f8) 
thrown [s\open\src\hotspot\share\interpreter\linkResolver.cpp, line 826]

VM Operations (20 events):
Event: 0.131 Executing VM operation: HandshakeAllThreads
Event: 0.131 Executing VM operation: HandshakeAllThreads done
Event: 0.136 Executing VM operation: HandshakeAllThreads
Event: 0.136 Executing VM operation: HandshakeAllThreads done
Event: 0.186 Executing VM operation: HandshakeAllThreads
Event: 0.186 Executing VM operation: HandshakeAllThreads done
Event: 0.200 Executing VM operation: HandshakeAllThreads
Event: 0.200 Executing VM operation: HandshakeAllThreads done
Event: 0.309 Executing VM operation: HandshakeAllThreads
Event: 0.309 Executing VM operation: HandshakeAllThreads done
Event: 0.365 Executing VM operation: G1CollectForAllocation
Event: 0.368 Executing VM operation: G1CollectForAllocation done
Event: 0.413 Executing VM operation: HandshakeAllThreads
Event: 0.413 Executing VM operation: HandshakeAllThreads done
Event: 0.479 Executing VM operation: HandshakeAllThreads
Event: 0.479 Executing VM operation: HandshakeAllThreads done
Event: 0.551 Executing VM operation: G1CollectForAllocation
Event: 0.553 Executing VM operation: G1CollectForAllocation done
Event: 0.565 Executing VM operation: HandshakeAllThreads
Event: 0.565 Executing VM operation: HandshakeAllThreads done

Events (20 events):
Event: 0.586 loading class jdk/internal/reflect/ByteVector done
Event: 0.586 loading class jdk/internal/reflect/ByteVectorImpl done
Event: 0.586 loading class jdk/internal/reflect/ClassFileAssembler
Event: 0.586 loading class jdk/internal/reflect/ClassFileAssembler done
Event: 0.586 loading class jdk/internal/reflect/UTF8
Event: 0.586 loading class jdk/internal/reflect/UTF8 done
Event: 0.586 loading class jdk/internal/reflect/Label
Event: 0.586 loading class jdk/internal/reflect/Label done
Event: 0.586 loading class jdk/internal/reflect/Label$PatchInfo
Event: 0.587 loading class jdk/internal/reflect/Label$PatchInfo done
Event: 0.587 loading class jdk/internal/reflect/MethodAccessorGenerator$1
Event: 0.587 loading class jdk/internal/reflect/MethodAccessorGenerator$1 done
Event: 0.587 loading class jdk/internal/reflect/ClassDefiner
Event: 0.587 loading class jdk/internal/reflect/ClassDefiner done
Event: 0.587 loading class jdk/internal/reflect/ClassDefiner$1
Event: 0.587 loading class jdk/internal/reflect/ClassDefiner$1 done
Event: 0.587 loading class jdk/internal/reflect/BootstrapConstructorAccessorImpl
Event: 0.587 loading class jdk/internal/reflect/BootstrapConstructorAccessorImpl done
Event: 0.589 loading class java/lang/annotation/Repeatable
Event: 0.590 loading class java/lang/annotation/Repeatable done


Dynamic libraries:
0x00007ff7ae470000 - 0x00007ff7ae480000 	C:\Program Files\Java\jdk-17\bin\java.exe
0x00007ffda68f0000 - 0x00007ffda6b06000 	C:\WINDOWS\SYSTEM32\ntdll.dll
0x00007ffda5840000 - 0x00007ffda5904000 	C:\WINDOWS\System32\KERNEL32.DLL
0x00007ffda3f50000 - 0x00007ffda42f6000 	C:\WINDOWS\System32\KERNELBASE.dll
0x00007ffda3c30000 - 0x00007ffda3d41000 	C:\WINDOWS\System32\ucrtbase.dll
0x00007ffd88cc0000 - 0x00007ffd88cd9000 	C:\Program Files\Java\jdk-17\bin\jli.dll
0x00007ffd88ca0000 - 0x00007ffd88cbb000 	C:\Program Files\Java\jdk-17\bin\VCRUNTIME140.dll
0x00007ffda5db0000 - 0x00007ffda5e62000 	C:\WINDOWS\System32\ADVAPI32.dll
0x00007ffda5690000 - 0x00007ffda5737000 	C:\WINDOWS\System32\msvcrt.dll
0x00007ffda6720000 - 0x00007ffda67c8000 	C:\WINDOWS\System32\sechost.dll
0x00007ffda4610000 - 0x00007ffda4638000 	C:\WINDOWS\System32\bcrypt.dll
0x00007ffda5e70000 - 0x00007ffda5f85000 	C:\WINDOWS\System32\RPCRT4.dll
0x00007ffda59d0000 - 0x00007ffda5b7d000 	C:\WINDOWS\System32\USER32.dll
0x00007ffda3dc0000 - 0x00007ffda3de6000 	C:\WINDOWS\System32\win32u.dll
0x00007ffda6010000 - 0x00007ffda6039000 	C:\WINDOWS\System32\GDI32.dll
0x00007ffd943c0000 - 0x00007ffd94653000 	C:\WINDOWS\WinSxS\amd64_microsoft.windows.common-controls_6595b64144ccf1df_6.0.22621.3235_none_270f74e173860f98\COMCTL32.dll
0x00007ffda4380000 - 0x00007ffda4498000 	C:\WINDOWS\System32\gdi32full.dll
0x00007ffda3df0000 - 0x00007ffda3e8a000 	C:\WINDOWS\System32\msvcp_win.dll
0x00007ffd9e1a0000 - 0x00007ffd9e1aa000 	C:\WINDOWS\SYSTEM32\VERSION.dll
0x00007ffda5650000 - 0x00007ffda5681000 	C:\WINDOWS\System32\IMM32.DLL
0x00007ffd85d50000 - 0x00007ffd85d5c000 	C:\Program Files\Java\jdk-17\bin\vcruntime140_1.dll
0x00007ffd4d1f0000 - 0x00007ffd4d27e000 	C:\Program Files\Java\jdk-17\bin\msvcp140.dll
0x00007ffd218c0000 - 0x00007ffd2249e000 	C:\Program Files\Java\jdk-17\bin\server\jvm.dll
0x00007ffda4890000 - 0x00007ffda4898000 	C:\WINDOWS\System32\PSAPI.DLL
0x00007ffd9e980000 - 0x00007ffd9e989000 	C:\WINDOWS\SYSTEM32\WSOCK32.dll
0x00007ffd94860000 - 0x00007ffd94894000 	C:\WINDOWS\SYSTEM32\WINMM.dll
0x00007ffda6550000 - 0x00007ffda65c1000 	C:\WINDOWS\System32\WS2_32.dll
0x00007ffda2d20000 - 0x00007ffda2d38000 	C:\WINDOWS\SYSTEM32\kernel.appcore.dll
0x00007ffd85a50000 - 0x00007ffd85a5a000 	C:\Program Files\Java\jdk-17\bin\jimage.dll
0x00007ffd9d740000 - 0x00007ffd9d973000 	C:\WINDOWS\SYSTEM32\DBGHELP.DLL
0x00007ffda4900000 - 0x00007ffda4c88000 	C:\WINDOWS\System32\combase.dll
0x00007ffda67d0000 - 0x00007ffda68a7000 	C:\WINDOWS\System32\OLEAUT32.dll
0x00007ffd9d630000 - 0x00007ffd9d662000 	C:\WINDOWS\SYSTEM32\dbgcore.DLL
0x00007ffda4300000 - 0x00007ffda437a000 	C:\WINDOWS\System32\bcryptPrimitives.dll
0x00007ffd83fe0000 - 0x00007ffd84005000 	C:\Program Files\Java\jdk-17\bin\java.dll
0x00007ffd2afc0000 - 0x00007ffd2b097000 	C:\Program Files\Java\jdk-17\bin\jsvml.dll
0x00007ffda4df0000 - 0x00007ffda564c000 	C:\WINDOWS\System32\SHELL32.dll
0x00007ffda1b40000 - 0x00007ffda2438000 	C:\WINDOWS\SYSTEM32\windows.storage.dll
0x00007ffda1a00000 - 0x00007ffda1b3e000 	C:\WINDOWS\SYSTEM32\wintypes.dll
0x00007ffda5740000 - 0x00007ffda5833000 	C:\WINDOWS\System32\SHCORE.dll
0x00007ffda48a0000 - 0x00007ffda48fe000 	C:\WINDOWS\System32\shlwapi.dll
0x00007ffda3b60000 - 0x00007ffda3b86000 	C:\WINDOWS\SYSTEM32\profapi.dll
0x00007ffd812c0000 - 0x00007ffd812d9000 	C:\Program Files\Java\jdk-17\bin\net.dll
0x00007ffd9f0d0000 - 0x00007ffd9f207000 	C:\WINDOWS\SYSTEM32\WINHTTP.dll
0x00007ffda31a0000 - 0x00007ffda3209000 	C:\WINDOWS\system32\mswsock.dll
0x00007ffd80450000 - 0x00007ffd80466000 	C:\Program Files\Java\jdk-17\bin\nio.dll
0x00007ffd80430000 - 0x00007ffd80448000 	C:\Program Files\Java\jdk-17\bin\zip.dll

dbghelp: loaded successfully - version: 4.0.5 - missing functions: none
symbol engine: initialized successfully - sym options: 0x614 - pdb path: .;C:\Program Files\Java\jdk-17\bin;C:\WINDOWS\SYSTEM32;C:\WINDOWS\WinSxS\amd64_microsoft.windows.common-controls_6595b64144ccf1df_6.0.22621.3235_none_270f74e173860f98;C:\Program Files\Java\jdk-17\bin\server

VM Arguments:
jvm_args: -Dfile.encoding=x-windows-949 -Duser.country=KR -Duser.language=ko -Duser.variant 
java_command: com.example.CODINAVI.CodinaviApplication
java_class_path (initial): C:\Users\JMJ\CODINAVI\PracticeSpringBoot\build\classes\java\main;C:\Users\JMJ\CODINAVI\PracticeSpringBoot\build\resources\main;C:\Users\JMJ\.gradle\caches\modules-2\files-2.1\org.springframework.boot\spring-boot-starter-data-jpa\3.1.0\1a53916d640ad5d27ba3a3c3d053c9c90ab35bcc\spring-boot-starter-data-jpa-3.1.0.jar;C:\Users\JMJ\.gradle\caches\modules-2\files-2.1\org.springframework.boot\spring-boot-starter-mustache\3.1.0\5956b8a4f2f548e5d5ea82f2735ac56e301b93ce\spring-boot-starter-mustache-3.1.0.jar;C:\Users\JMJ\.gradle\caches\modules-2\files-2.1\org.springframework.boot\spring-boot-starter-thymeleaf\3.1.0\4a5c40234e5cccee3c479d874900ead1fe529bb4\spring-boot-starter-thymeleaf-3.1.0.jar;C:\Users\JMJ\.gradle\caches\modules-2\files-2.1\org.springframework.boot\spring-boot-starter-web\3.1.0\36a8666047ea49114e0974bece35e2ef68cf975f\spring-boot-starter-web-3.1.0.jar;C:\Users\JMJ\.gradle\caches\modules-2\files-2.1\org.tensorflow\tensorflow-core-platform\0.2.0\d30cc3d68e5986db988c96e97a008b2a139513cd\tensorflow-core-platform-0.2.0.jar;C:\Users\JMJ\.gradle\caches\modules-2\files-2.1\org.tensorflow\tensorflow-core-api\0.2.0\eaae39d502c8b92ad43f6d0bfaafec153cbf198e\tensorflow-core-api-0.2.0.jar;C:\Users\JMJ\.gradle\caches\modules-2\files-2.1\org.tensorflow\tensorflow-core-api\0.2.0\9ef75e646da905b4cf16507ca56ac7a76acc5827\tensorflow-core-api-0.2.0-linux-x86_64.jar;C:\Users\JMJ\.gradle\caches\modules-2\files-2.1\org.tensorflow\tensorflow-core-api\0.2.0\582feb7e57ae6477e1b4a46399bae747468e2c16\tensorflow-core-api-0.2.0-macosx-x86_64.jar;C:\Users\JMJ\.gradle\caches\modules-2\files-2.1\org.tensorflow\tensorflow-core-api\0.2.0\191a03152ddaf4cda768585749cdc798de087dc7\tensorflow-core-api-0.2.0-windows-x86_64.jar;C:\Users\JMJ\.gradle\caches\modules-2\files-2.1\com.h2database\h2\2.1.214\d5c2005c9e3279201e12d4776c948578b16bf8b2\h2-2.1.214.jar;C:\Users\JMJ\.gradle\caches\modules-2\files-2.1\org.springframework.boot\spring-boot-starter-aop\3.1.0\417ff6178235117
Launcher Type: SUN_STANDARD

[Global flags]
     intx CICompilerCount                          = 12                                        {product} {ergonomic}
     uint ConcGCThreads                            = 3                                         {product} {ergonomic}
     uint G1ConcRefinementThreads                  = 13                                        {product} {ergonomic}
   size_t G1HeapRegionSize                         = 4194304                                   {product} {ergonomic}
    uintx GCDrainStackTargetSize                   = 64                                        {product} {ergonomic}
   size_t InitialHeapSize                          = 536870912                                 {product} {ergonomic}
   size_t MarkStackSize                            = 4194304                                   {product} {ergonomic}
   size_t MaxHeapSize                              = 8535408640                                {product} {ergonomic}
   size_t MaxNewSize                               = 5121245184                                {product} {ergonomic}
   size_t MinHeapDeltaBytes                        = 4194304                                   {product} {ergonomic}
   size_t MinHeapSize                              = 8388608                                   {product} {ergonomic}
    uintx NonNMethodCodeHeapSize                   = 7602480                                {pd product} {ergonomic}
    uintx NonProfiledCodeHeapSize                  = 122027880                              {pd product} {ergonomic}
    uintx ProfiledCodeHeapSize                     = 122027880                              {pd product} {ergonomic}
    uintx ReservedCodeCacheSize                    = 251658240                              {pd product} {ergonomic}
     bool SegmentedCodeCache                       = true                                      {product} {ergonomic}
   size_t SoftMaxHeapSize                          = 8535408640                             {manageable} {ergonomic}
     bool UseCompressedClassPointers               = true                           {product lp64_product} {ergonomic}
     bool UseCompressedOops                        = true                           {product lp64_product} {ergonomic}
     bool UseG1GC                                  = true                                      {product} {ergonomic}
     bool UseLargePagesIndividualAllocation        = false                                  {pd product} {ergonomic}

Logging:
Log output configuration:
 #0: stdout all=warning uptime,level,tags
 #1: stderr all=off uptime,level,tags

Environment Variables:
JAVA_HOME=C:\Program Files\Java\jdk-17
PATH=C:\Program Files\Common Files\Oracle\Java\javapath;C:\Windows\system32;C:\Windows;C:\Windows\System32\Wbem;C:\Windows\System32\WindowsPowerShell\v1.0\;C:\Windows\System32\OpenSSH\;C:\Program Files (x86)\NVIDIA Corporation\PhysX\Common;C:\Program Files\Common Files\Teruten\DSFilter;C:\WINDOWS\system32;C:\WINDOWS;C:\WINDOWS\System32\Wbem;C:\WINDOWS\System32\WindowsPowerShell\v1.0\;C:\WINDOWS\System32\OpenSSH\;C:\Program Files (x86)\PowerShell\7\;C:\ProgramData\chocolatey\bin;C:\Program Files\Git\cmd;C:\Program Files\Java\jdk-17\bin;C:\Program Files (x86)\PuTTY\;C:\Program Files\MySQL\MySQL Shell 8.0\bin\;C:\Users\JMJ\AppData\Local\Microsoft\WindowsApps;C:\Users\user\AppData\Local\afreeca;C:\Users\user\AppData\Local\Programs\Microsoft VS Code\bin;C:\Users\user\AppData\Local\Programs\Microsoft VS Code\bin;;C:\Program Files\JetBrains\IntelliJ IDEA Community Edition 2023.2.3\bin;
USERNAME=JMJ
OS=Windows_NT
PROCESSOR_IDENTIFIER=Intel64 Family 6 Model 151 Stepping 2, GenuineIntel



---------------  S Y S T E M  ---------------

OS:
 Windows 11 , 64 bit Build 22621 (10.0.22621.3235)
OS uptime: 3 days 16:14 hours
Hyper-V role detected

CPU: total 16 (initial active 16) (8 cores per cpu, 2 threads per core) family 6 model 151 stepping 2 microcode 0x15, cx8, cmov, fxsr, ht, mmx, 3dnowpref, sse, sse2, sse3, ssse3, sse4.1, sse4.2, popcnt, lzcnt, tsc, tscinvbit, avx, avx2, aes, erms, clmul, bmi1, bmi2, adx, sha, fma, vzeroupper, clflush, clflushopt, clwb, hv

Memory: 4k page, system-wide physical 32559M (9295M free)
TotalPageFile size 32559M (AvailPageFile size 3M)
current process WorkingSet (physical memory assigned to process): 111M, peak: 111M
current process commit charge ("private bytes"): 658M, peak: 658M

vm_info: Java HotSpot(TM) 64-Bit Server VM (17.0.8+9-LTS-211) for windows-amd64 JRE (17.0.8+9-LTS-211), built on Jun 14 2023 10:34:31 by "mach5one" with MS VC++ 17.1 (VS2022)

END.
