#
# There is insufficient memory for the Java Runtime Environment to continue.
# Native memory allocation (mmap) failed to map 536870912 bytes for G1 virtual space
# Possible reasons:
#   The system is out of physical RAM or swap space
#   The process is running with CompressedOops enabled, and the Java Heap may be blocking the growth of the native heap
# Possible solutions:
#   Reduce memory load on the system
#   Increase physical memory or swap space
#   Check if swap backing store is full
#   Decrease Java heap size (-Xmx/-Xms)
#   Decrease number of Java threads
#   Decrease Java thread stack sizes (-Xss)
#   Set larger code cache with -XX:ReservedCodeCacheSize=
#   JVM is running with Zero Based Compressed Oops mode in which the Java heap is
#     placed in the first 32GB address space. The Java Heap base address is the
#     maximum limit for the native heap growth. Please use -XX:HeapBaseMinAddress
#     to set the Java Heap base and to place the Java Heap above 32GB virtual address.
# This output file may be truncated or incomplete.
#
#  Out of Memory Error (os_windows.cpp:3550), pid=57060, tid=56504
#
# JRE version:  (17.0.8+9) (build )
# Java VM: Java HotSpot(TM) 64-Bit Server VM (17.0.8+9-LTS-211, mixed mode, sharing, tiered, compressed oops, compressed class ptrs, g1 gc, windows-amd64)
# No core dump will be written. Minidumps are not enabled by default on client versions of Windows
#

---------------  S U M M A R Y ------------

Command Line: -Dfile.encoding=x-windows-949 -Duser.country=KR -Duser.language=ko -Duser.variant com.example.CODINAVI.CodinaviApplication

Host: 12th Gen Intel(R) Core(TM) i5-12600K, 16 cores, 31G,  Windows 11 , 64 bit Build 22621 (10.0.22621.3235)
Time: Mon Mar 11 02:50:03 2024  Windows 11 , 64 bit Build 22621 (10.0.22621.3235) elapsed time: 0.008284 seconds (0d 0h 0m 0s)

---------------  T H R E A D  ---------------

Current thread (0x00000298ba2878c0):  JavaThread "Unknown thread" [_thread_in_vm, id=56504, stack(0x0000009c54400000,0x0000009c54500000)]

Stack: [0x0000009c54400000,0x0000009c54500000]
Native frames: (J=compiled Java code, j=interpreted, Vv=VM code, C=native code)
V  [jvm.dll+0x677d0a]
V  [jvm.dll+0x7d8c54]
V  [jvm.dll+0x7da3fe]
V  [jvm.dll+0x7daa63]
V  [jvm.dll+0x245c5f]
V  [jvm.dll+0x674bb9]
V  [jvm.dll+0x6694f2]
V  [jvm.dll+0x3031d6]
V  [jvm.dll+0x30a756]
V  [jvm.dll+0x359f9e]
V  [jvm.dll+0x35a1cf]
V  [jvm.dll+0x2da3e8]
V  [jvm.dll+0x2db354]
V  [jvm.dll+0x7aa711]
V  [jvm.dll+0x367b51]
V  [jvm.dll+0x789979]
V  [jvm.dll+0x3eb05f]
V  [jvm.dll+0x3ecae1]
C  [jli.dll+0x5297]
C  [ucrtbase.dll+0x29363]
C  [KERNEL32.DLL+0x1257d]
C  [ntdll.dll+0x5aa58]


---------------  P R O C E S S  ---------------

Threads class SMR info:
_java_thread_list=0x00007ffd255f59d8, length=0, elements={
}

Java Threads: ( => current thread )

Other Threads:
  0x00000298ba3334a0 GCTaskThread "GC Thread#0" [stack: 0x0000009c54500000,0x0000009c54600000] [id=55992]
  0x00000298e4297fc0 ConcurrentGCThread "G1 Main Marker" [stack: 0x0000009c54600000,0x0000009c54700000] [id=55968]
  0x00000298e42989d0 ConcurrentGCThread "G1 Conc#0" [stack: 0x0000009c54700000,0x0000009c54800000] [id=55764]

[error occurred during error reporting (printing all threads), id 0xc0000005, EXCEPTION_ACCESS_VIOLATION (0xc0000005) at pc=0x00007ffd24e2b047]

VM state: not at safepoint (not fully initialized)

VM Mutex/Monitor currently owned by a thread:  ([mutex/lock_event])
[0x00000298ba283ed0] Heap_lock - owner thread: 0x00000298ba2878c0

Heap address: 0x0000000603400000, size: 8140 MB, Compressed Oops mode: Zero based, Oop shift amount: 3

CDS archive(s) mapped at: [0x0000000000000000-0x0000000000000000-0x0000000000000000), size 0, SharedBaseAddress: 0x0000000800000000, ArchiveRelocationMode: 1.
Narrow klass base: 0x0000000000000000, Narrow klass shift: 0, Narrow klass range: 0x0

GC Precious Log:
<Empty>

Heap:
 garbage-first heap   total 0K, used 0K [0x0000000603400000, 0x0000000800000000)
  region size 4096K, 0 young (0K), 0 survivors (0K)

[error occurred during error reporting (printing heap information), id 0xc0000005, EXCEPTION_ACCESS_VIOLATION (0xc0000005) at pc=0x00007ffd25211499]

GC Heap History (0 events):
No events

Deoptimization events (0 events):
No events

Classes unloaded (0 events):
No events

Classes redefined (0 events):
No events

Internal exceptions (0 events):
No events

VM Operations (0 events):
No events

Events (1 events):
Event: 0.006 Loaded shared library C:\Program Files\Java\jdk-17\bin\java.dll


Dynamic libraries:
0x00007ff7a1300000 - 0x00007ff7a1310000 	C:\Program Files\Java\jdk-17\bin\java.exe
0x00007ffda68f0000 - 0x00007ffda6b06000 	C:\WINDOWS\SYSTEM32\ntdll.dll
0x00007ffda5840000 - 0x00007ffda5904000 	C:\WINDOWS\System32\KERNEL32.DLL
0x00007ffda3f50000 - 0x00007ffda42f6000 	C:\WINDOWS\System32\KERNELBASE.dll
0x00007ffda3c30000 - 0x00007ffda3d41000 	C:\WINDOWS\System32\ucrtbase.dll
0x00007ffd91570000 - 0x00007ffd9158b000 	C:\Program Files\Java\jdk-17\bin\VCRUNTIME140.dll
0x00007ffd91c70000 - 0x00007ffd91c89000 	C:\Program Files\Java\jdk-17\bin\jli.dll
0x00007ffda5db0000 - 0x00007ffda5e62000 	C:\WINDOWS\System32\ADVAPI32.dll
0x00007ffda5690000 - 0x00007ffda5737000 	C:\WINDOWS\System32\msvcrt.dll
0x00007ffda6720000 - 0x00007ffda67c8000 	C:\WINDOWS\System32\sechost.dll
0x00007ffda4610000 - 0x00007ffda4638000 	C:\WINDOWS\System32\bcrypt.dll
0x00007ffda5e70000 - 0x00007ffda5f85000 	C:\WINDOWS\System32\RPCRT4.dll
0x00007ffda59d0000 - 0x00007ffda5b7d000 	C:\WINDOWS\System32\USER32.dll
0x00007ffda3dc0000 - 0x00007ffda3de6000 	C:\WINDOWS\System32\win32u.dll
0x00007ffda6010000 - 0x00007ffda6039000 	C:\WINDOWS\System32\GDI32.dll
0x00007ffda4380000 - 0x00007ffda4498000 	C:\WINDOWS\System32\gdi32full.dll
0x00007ffda3df0000 - 0x00007ffda3e8a000 	C:\WINDOWS\System32\msvcp_win.dll
0x00007ffd943c0000 - 0x00007ffd94653000 	C:\WINDOWS\WinSxS\amd64_microsoft.windows.common-controls_6595b64144ccf1df_6.0.22621.3235_none_270f74e173860f98\COMCTL32.dll
0x00007ffd9e1a0000 - 0x00007ffd9e1aa000 	C:\WINDOWS\SYSTEM32\VERSION.dll
0x00007ffda5650000 - 0x00007ffda5681000 	C:\WINDOWS\System32\IMM32.DLL
0x00007ffd9c820000 - 0x00007ffd9c82c000 	C:\Program Files\Java\jdk-17\bin\vcruntime140_1.dll
0x00007ffd86360000 - 0x00007ffd863ee000 	C:\Program Files\Java\jdk-17\bin\msvcp140.dll
0x00007ffd24b40000 - 0x00007ffd2571e000 	C:\Program Files\Java\jdk-17\bin\server\jvm.dll
0x00007ffda4890000 - 0x00007ffda4898000 	C:\WINDOWS\System32\PSAPI.DLL
0x00007ffd94860000 - 0x00007ffd94894000 	C:\WINDOWS\SYSTEM32\WINMM.dll
0x00007ffd7cae0000 - 0x00007ffd7cae9000 	C:\WINDOWS\SYSTEM32\WSOCK32.dll
0x00007ffda6550000 - 0x00007ffda65c1000 	C:\WINDOWS\System32\WS2_32.dll
0x00007ffda2d20000 - 0x00007ffda2d38000 	C:\WINDOWS\SYSTEM32\kernel.appcore.dll
0x00007ffd95ff0000 - 0x00007ffd95ffa000 	C:\Program Files\Java\jdk-17\bin\jimage.dll
0x00007ffd9d740000 - 0x00007ffd9d973000 	C:\WINDOWS\SYSTEM32\DBGHELP.DLL
0x00007ffda4900000 - 0x00007ffda4c88000 	C:\WINDOWS\System32\combase.dll
0x00007ffda67d0000 - 0x00007ffda68a7000 	C:\WINDOWS\System32\OLEAUT32.dll
0x00007ffd9d630000 - 0x00007ffd9d662000 	C:\WINDOWS\SYSTEM32\dbgcore.DLL
0x00007ffda4300000 - 0x00007ffda437a000 	C:\WINDOWS\System32\bcryptPrimitives.dll
0x00007ffd87610000 - 0x00007ffd87635000 	C:\Program Files\Java\jdk-17\bin\java.dll

dbghelp: loaded successfully - version: 4.0.5 - missing functions: none
symbol engine: initialized successfully - sym options: 0x614 - pdb path: .;C:\Program Files\Java\jdk-17\bin;C:\WINDOWS\SYSTEM32;C:\WINDOWS\WinSxS\amd64_microsoft.windows.common-controls_6595b64144ccf1df_6.0.22621.3235_none_270f74e173860f98;C:\Program Files\Java\jdk-17\bin\server

VM Arguments:
jvm_args: -Dfile.encoding=x-windows-949 -Duser.country=KR -Duser.language=ko -Duser.variant 
java_command: com.example.CODINAVI.CodinaviApplication
java_class_path (initial): C:\Users\JMJ\CODINAVI\PracticeSpringBoot\build\classes\java\main;C:\Users\JMJ\CODINAVI\PracticeSpringBoot\build\resources\main;C:\Users\JMJ\.gradle\caches\modules-2\files-2.1\org.springframework.boot\spring-boot-starter-data-jpa\3.1.0\1a53916d640ad5d27ba3a3c3d053c9c90ab35bcc\spring-boot-starter-data-jpa-3.1.0.jar;C:\Users\JMJ\.gradle\caches\modules-2\files-2.1\org.springframework.boot\spring-boot-starter-mustache\3.1.0\5956b8a4f2f548e5d5ea82f2735ac56e301b93ce\spring-boot-starter-mustache-3.1.0.jar;C:\Users\JMJ\.gradle\caches\modules-2\files-2.1\org.springframework.boot\spring-boot-starter-thymeleaf\3.1.0\4a5c40234e5cccee3c479d874900ead1fe529bb4\spring-boot-starter-thymeleaf-3.1.0.jar;C:\Users\JMJ\.gradle\caches\modules-2\files-2.1\org.springframework.boot\spring-boot-starter-web\3.1.0\36a8666047ea49114e0974bece35e2ef68cf975f\spring-boot-starter-web-3.1.0.jar;C:\Users\JMJ\.gradle\caches\modules-2\files-2.1\org.tensorflow\tensorflow-core-platform\0.2.0\d30cc3d68e5986db988c96e97a008b2a139513cd\tensorflow-core-platform-0.2.0.jar;C:\Users\JMJ\.gradle\caches\modules-2\files-2.1\org.tensorflow\tensorflow-core-api\0.2.0\eaae39d502c8b92ad43f6d0bfaafec153cbf198e\tensorflow-core-api-0.2.0.jar;C:\Users\JMJ\.gradle\caches\modules-2\files-2.1\org.tensorflow\tensorflow-core-api\0.2.0\9ef75e646da905b4cf16507ca56ac7a76acc5827\tensorflow-core-api-0.2.0-linux-x86_64.jar;C:\Users\JMJ\.gradle\caches\modules-2\files-2.1\org.tensorflow\tensorflow-core-api\0.2.0\582feb7e57ae6477e1b4a46399bae747468e2c16\tensorflow-core-api-0.2.0-macosx-x86_64.jar;C:\Users\JMJ\.gradle\caches\modules-2\files-2.1\org.tensorflow\tensorflow-core-api\0.2.0\191a03152ddaf4cda768585749cdc798de087dc7\tensorflow-core-api-0.2.0-windows-x86_64.jar;C:\Users\JMJ\.gradle\caches\modules-2\files-2.1\com.h2database\h2\2.1.214\d5c2005c9e3279201e12d4776c948578b16bf8b2\h2-2.1.214.jar;C:\Users\JMJ\.gradle\caches\modules-2\files-2.1\org.springframework.boot\spring-boot-starter-aop\3.1.0\417ff6178235117
Launcher Type: SUN_STANDARD

[Global flags]
     intx CICompilerCount                          = 12                                        {product} {ergonomic}
     uint ConcGCThreads                            = 3                                         {product} {ergonomic}
     uint G1ConcRefinementThreads                  = 13                                        {product} {ergonomic}
   size_t G1HeapRegionSize                         = 4194304                                   {product} {ergonomic}
    uintx GCDrainStackTargetSize                   = 64                                        {product} {ergonomic}
   size_t InitialHeapSize                          = 536870912                                 {product} {ergonomic}
   size_t MarkStackSize                            = 4194304                                   {product} {ergonomic}
   size_t MaxHeapSize                              = 8535408640                                {product} {ergonomic}
   size_t MinHeapDeltaBytes                        = 4194304                                   {product} {ergonomic}
   size_t MinHeapSize                              = 8388608                                   {product} {ergonomic}
    uintx NonNMethodCodeHeapSize                   = 7602480                                {pd product} {ergonomic}
    uintx NonProfiledCodeHeapSize                  = 122027880                              {pd product} {ergonomic}
    uintx ProfiledCodeHeapSize                     = 122027880                              {pd product} {ergonomic}
    uintx ReservedCodeCacheSize                    = 251658240                              {pd product} {ergonomic}
     bool SegmentedCodeCache                       = true                                      {product} {ergonomic}
   size_t SoftMaxHeapSize                          = 8535408640                             {manageable} {ergonomic}
     bool UseCompressedClassPointers               = true                           {product lp64_product} {ergonomic}
     bool UseCompressedOops                        = true                           {product lp64_product} {ergonomic}
     bool UseG1GC                                  = true                                      {product} {ergonomic}
     bool UseLargePagesIndividualAllocation        = false                                  {pd product} {ergonomic}

Logging:
Log output configuration:
 #0: stdout all=warning uptime,level,tags
 #1: stderr all=off uptime,level,tags

Environment Variables:
JAVA_HOME=C:\Program Files\Java\jdk-17
PATH=C:\Program Files\Common Files\Oracle\Java\javapath;C:\Windows\system32;C:\Windows;C:\Windows\System32\Wbem;C:\Windows\System32\WindowsPowerShell\v1.0\;C:\Windows\System32\OpenSSH\;C:\Program Files (x86)\NVIDIA Corporation\PhysX\Common;C:\Program Files\Common Files\Teruten\DSFilter;C:\WINDOWS\system32;C:\WINDOWS;C:\WINDOWS\System32\Wbem;C:\WINDOWS\System32\WindowsPowerShell\v1.0\;C:\WINDOWS\System32\OpenSSH\;C:\Program Files (x86)\PowerShell\7\;C:\ProgramData\chocolatey\bin;C:\Program Files\Git\cmd;C:\Program Files\Java\jdk-17\bin;C:\Program Files (x86)\PuTTY\;C:\Program Files\MySQL\MySQL Shell 8.0\bin\;C:\Users\JMJ\AppData\Local\Microsoft\WindowsApps;C:\Users\user\AppData\Local\afreeca;C:\Users\user\AppData\Local\Programs\Microsoft VS Code\bin;C:\Users\user\AppData\Local\Programs\Microsoft VS Code\bin;;C:\Program Files\JetBrains\IntelliJ IDEA Community Edition 2023.2.3\bin;
USERNAME=JMJ
OS=Windows_NT
PROCESSOR_IDENTIFIER=Intel64 Family 6 Model 151 Stepping 2, GenuineIntel



---------------  S Y S T E M  ---------------

OS:
 Windows 11 , 64 bit Build 22621 (10.0.22621.3235)
OS uptime: 0 days 23:18 hours
Hyper-V role detected

CPU: total 16 (initial active 16) (8 cores per cpu, 2 threads per core) family 6 model 151 stepping 2 microcode 0x15, cx8, cmov, fxsr, ht, mmx, 3dnowpref, sse, sse2, sse3, ssse3, sse4.1, sse4.2, popcnt, lzcnt, tsc, tscinvbit, avx, avx2, aes, erms, clmul, bmi1, bmi2, adx, sha, fma, vzeroupper, clflush, clflushopt, clwb, hv

Memory: 4k page, system-wide physical 32559M (12301M free)
TotalPageFile size 32559M (AvailPageFile size 359M)
current process WorkingSet (physical memory assigned to process): 11M, peak: 11M
current process commit charge ("private bytes"): 71M, peak: 583M

vm_info: Java HotSpot(TM) 64-Bit Server VM (17.0.8+9-LTS-211) for windows-amd64 JRE (17.0.8+9-LTS-211), built on Jun 14 2023 10:34:31 by "mach5one" with MS VC++ 17.1 (VS2022)

END.
