#
# There is insufficient memory for the Java Runtime Environment to continue.
# Native memory allocation (malloc) failed to allocate 32744 bytes for ChunkPool::allocate
# Possible reasons:
#   The system is out of physical RAM or swap space
#   The process is running with CompressedOops enabled, and the Java Heap may be blocking the growth of the native heap
# Possible solutions:
#   Reduce memory load on the system
#   Increase physical memory or swap space
#   Check if swap backing store is full
#   Decrease Java heap size (-Xmx/-Xms)
#   Decrease number of Java threads
#   Decrease Java thread stack sizes (-Xss)
#   Set larger code cache with -XX:ReservedCodeCacheSize=
#   JVM is running with Unscaled Compressed Oops mode in which the Java heap is
#     placed in the first 4GB address space. The Java Heap base address is the
#     maximum limit for the native heap growth. Please use -XX:HeapBaseMinAddress
#     to set the Java Heap base and to place the Java Heap above 4GB virtual address.
# This output file may be truncated or incomplete.
#
#  Out of Memory Error (arena.cpp:78), pid=40984, tid=47612
#
# JRE version: Java(TM) SE Runtime Environment (17.0.8+9) (build 17.0.8+9-LTS-211)
# Java VM: Java HotSpot(TM) 64-Bit Server VM (17.0.8+9-LTS-211, mixed mode, sharing, tiered, compressed oops, compressed class ptrs, g1 gc, windows-amd64)
# No core dump will be written. Minidumps are not enabled by default on client versions of Windows
#

---------------  S U M M A R Y ------------

Command Line: --add-opens=java.base/java.util=ALL-UNNAMED --add-opens=java.base/java.lang=ALL-UNNAMED --add-opens=java.base/java.lang.invoke=ALL-UNNAMED --add-opens=java.prefs/java.util.prefs=ALL-UNNAMED --add-opens=java.base/java.nio.charset=ALL-UNNAMED --add-opens=java.base/java.net=ALL-UNNAMED --add-opens=java.base/java.util.concurrent.atomic=ALL-UNNAMED -XX:MaxMetaspaceSize=384m -XX:+HeapDumpOnOutOfMemoryError -Xms256m -Xmx512m -Dfile.encoding=x-windows-949 -Duser.country=KR -Duser.language=ko -Duser.variant -javaagent:C:\Users\JMJ\.gradle\wrapper\dists\gradle-8.5-bin\5t9huq95ubn472n8rpzujfbqh\gradle-8.5\lib\agents\gradle-instrumentation-agent-8.5.jar org.gradle.launcher.daemon.bootstrap.GradleDaemon 8.5

Host: 12th Gen Intel(R) Core(TM) i5-12600K, 16 cores, 31G,  Windows 11 , 64 bit Build 22621 (10.0.22621.3235)
Time: Mon Mar 11 02:18:16 2024  Windows 11 , 64 bit Build 22621 (10.0.22621.3235) elapsed time: 1.364126 seconds (0d 0h 0m 1s)

---------------  T H R E A D  ---------------

Current thread (0x0000026b352b6260):  JavaThread "C1 CompilerThread2" daemon [_thread_in_native, id=47612, stack(0x000000ff17b00000,0x000000ff17c00000)]


Current CompileTask:
C1:   1364 2547       3       java.lang.invoke.MethodHandles$Lookup::getDirectMethodCommon (280 bytes)

Stack: [0x000000ff17b00000,0x000000ff17c00000]
Native frames: (J=compiled Java code, j=interpreted, Vv=VM code, C=native code)
V  [jvm.dll+0x677d0a]
V  [jvm.dll+0x7d8c54]
V  [jvm.dll+0x7da3fe]
V  [jvm.dll+0x7daa63]
V  [jvm.dll+0x245c5f]
V  [jvm.dll+0xaacc0]
V  [jvm.dll+0xab00c]
V  [jvm.dll+0x63b5a4]
V  [jvm.dll+0x63c19a]
V  [jvm.dll+0x63bbd0]
V  [jvm.dll+0x1cb5fd]
V  [jvm.dll+0x143d09]
V  [jvm.dll+0x138404]
V  [jvm.dll+0x143968]
V  [jvm.dll+0x146a77]
V  [jvm.dll+0x146495]
V  [jvm.dll+0x13e1c0]
V  [jvm.dll+0x14044e]
V  [jvm.dll+0x13ea55]
V  [jvm.dll+0x138b98]
V  [jvm.dll+0x1480f6]
V  [jvm.dll+0x1342a0]
V  [jvm.dll+0x134600]
V  [jvm.dll+0x1348c8]
V  [jvm.dll+0x133d61]
V  [jvm.dll+0x135a0d]
V  [jvm.dll+0x2270be]
V  [jvm.dll+0x22535b]
V  [jvm.dll+0x78e7bc]
V  [jvm.dll+0x788bba]
V  [jvm.dll+0x676b35]
C  [ucrtbase.dll+0x29363]
C  [KERNEL32.DLL+0x1257d]
C  [ntdll.dll+0x5aa58]


---------------  P R O C E S S  ---------------

Threads class SMR info:
_java_thread_list=0x0000026b50247200, length=30, elements={
0x0000026b17d6f7e0, 0x0000026b350c4470, 0x0000026b350c50e0, 0x0000026b350df3a0,
0x0000026b350dfd50, 0x0000026b350e0700, 0x0000026b350e10b0, 0x0000026b350e2650,
0x0000026b350e7d20, 0x0000026b350ea630, 0x0000026b350abcf0, 0x0000026b352b1c90,
0x0000026b352b6260, 0x0000026b352dadc0, 0x0000026b35307af0, 0x0000026b353b43c0,
0x0000026b357a0740, 0x0000026b506115b0, 0x0000026b4fe81900, 0x0000026b506451c0,
0x0000026b4fbf8570, 0x0000026b4fcc6cf0, 0x0000026b5096e2b0, 0x0000026b4ffc7840,
0x0000026b4f783100, 0x0000026b4f971850, 0x0000026b4f9721f0, 0x0000026b4f971380,
0x0000026b4f971d20, 0x0000026b4f973ed0
}

Java Threads: ( => current thread )
  0x0000026b17d6f7e0 JavaThread "main" [_thread_blocked, id=39288, stack(0x000000ff16900000,0x000000ff16a00000)]
  0x0000026b350c4470 JavaThread "Reference Handler" daemon [_thread_blocked, id=33808, stack(0x000000ff17000000,0x000000ff17100000)]
  0x0000026b350c50e0 JavaThread "Finalizer" daemon [_thread_blocked, id=50136, stack(0x000000ff17100000,0x000000ff17200000)]
  0x0000026b350df3a0 JavaThread "Signal Dispatcher" daemon [_thread_blocked, id=53980, stack(0x000000ff17200000,0x000000ff17300000)]
  0x0000026b350dfd50 JavaThread "Attach Listener" daemon [_thread_blocked, id=2028, stack(0x000000ff17300000,0x000000ff17400000)]
  0x0000026b350e0700 JavaThread "Service Thread" daemon [_thread_blocked, id=53960, stack(0x000000ff17400000,0x000000ff17500000)]
  0x0000026b350e10b0 JavaThread "Monitor Deflation Thread" daemon [_thread_blocked, id=51436, stack(0x000000ff17500000,0x000000ff17600000)]
  0x0000026b350e2650 JavaThread "C2 CompilerThread0" daemon [_thread_in_native, id=37736, stack(0x000000ff17600000,0x000000ff17700000)]
  0x0000026b350e7d20 JavaThread "C1 CompilerThread0" daemon [_thread_in_native, id=33948, stack(0x000000ff17700000,0x000000ff17800000)]
  0x0000026b350ea630 JavaThread "Sweeper thread" daemon [_thread_blocked, id=5336, stack(0x000000ff17800000,0x000000ff17900000)]
  0x0000026b350abcf0 JavaThread "Common-Cleaner" daemon [_thread_blocked, id=53312, stack(0x000000ff17900000,0x000000ff17a00000)]
  0x0000026b352b1c90 JavaThread "C1 CompilerThread1" daemon [_thread_in_native, id=3672, stack(0x000000ff17a00000,0x000000ff17b00000)]
=>0x0000026b352b6260 JavaThread "C1 CompilerThread2" daemon [_thread_in_native, id=47612, stack(0x000000ff17b00000,0x000000ff17c00000)]
  0x0000026b352dadc0 JavaThread "C1 CompilerThread3" daemon [_thread_blocked, id=40956, stack(0x000000ff17c00000,0x000000ff17d00000)]
  0x0000026b35307af0 JavaThread "C2 CompilerThread1" daemon [_thread_in_native, id=52952, stack(0x000000ff17d00000,0x000000ff17e00000)]
  0x0000026b353b43c0 JavaThread "Notification Thread" daemon [_thread_blocked, id=9892, stack(0x000000ff17e00000,0x000000ff17f00000)]
  0x0000026b357a0740 JavaThread "C2 CompilerThread2" daemon [_thread_in_native, id=39588, stack(0x000000ff18000000,0x000000ff18100000)]
  0x0000026b506115b0 JavaThread "Daemon health stats" [_thread_blocked, id=37368, stack(0x000000ff18600000,0x000000ff18700000)]
  0x0000026b4fe81900 JavaThread "Incoming local TCP Connector on port 59194" [_thread_in_native, id=53244, stack(0x000000ff18700000,0x000000ff18800000)]
  0x0000026b506451c0 JavaThread "Daemon periodic checks" [_thread_blocked, id=39904, stack(0x000000ff18800000,0x000000ff18900000)]
  0x0000026b4fbf8570 JavaThread "Daemon" [_thread_blocked, id=47816, stack(0x000000ff18900000,0x000000ff18a00000)]
  0x0000026b4fcc6cf0 JavaThread "Handler for socket connection from /127.0.0.1:59194 to /127.0.0.1:59195" [_thread_in_native, id=54056, stack(0x000000ff18a00000,0x000000ff18b00000)]
  0x0000026b5096e2b0 JavaThread "Cancel handler" [_thread_blocked, id=40384, stack(0x000000ff18b00000,0x000000ff18c00000)]
  0x0000026b4ffc7840 JavaThread "Daemon worker" [_thread_in_vm, id=46748, stack(0x000000ff18c00000,0x000000ff18d00000)]
  0x0000026b4f783100 JavaThread "Asynchronous log dispatcher for DefaultDaemonConnection: socket connection from /127.0.0.1:59194 to /127.0.0.1:59195" [_thread_blocked, id=30072, stack(0x000000ff18d00000,0x000000ff18e00000)]
  0x0000026b4f971850 JavaThread "Stdin handler" [_thread_blocked, id=49244, stack(0x000000ff18e00000,0x000000ff18f00000)]
  0x0000026b4f9721f0 JavaThread "Daemon client event forwarder" [_thread_blocked, id=48220, stack(0x000000ff18f00000,0x000000ff19000000)]
  0x0000026b4f971380 JavaThread "Cache worker for journal cache (C:\Users\JMJ\.gradle\caches\journal-1)" [_thread_blocked, id=54012, stack(0x000000ff19000000,0x000000ff19100000)]
  0x0000026b4f971d20 JavaThread "File lock request listener" [_thread_in_native, id=49840, stack(0x000000ff19100000,0x000000ff19200000)]
  0x0000026b4f973ed0 JavaThread "Cache worker for file hash cache (C:\Users\JMJ\.gradle\caches\8.5\fileHashes)" [_thread_blocked, id=50836, stack(0x000000ff19200000,0x000000ff19300000)]

Other Threads:
  0x0000026b350ba530 VMThread "VM Thread" [stack: 0x000000ff16f00000,0x000000ff17000000] [id=27008]
  0x0000026b17d72460 WatcherThread [stack: 0x000000ff17f00000,0x000000ff18000000] [id=53424]
  0x0000026b17da3340 GCTaskThread "GC Thread#0" [stack: 0x000000ff16a00000,0x000000ff16b00000] [id=50004]
  0x0000026b358290d0 GCTaskThread "GC Thread#1" [stack: 0x000000ff18100000,0x000000ff18200000] [id=40220]
  0x0000026b35553ee0 GCTaskThread "GC Thread#2" [stack: 0x000000ff18200000,0x000000ff18300000] [id=36268]
  0x0000026b4f3b62d0 GCTaskThread "GC Thread#3" [stack: 0x000000ff18300000,0x000000ff18400000] [id=49592]
  0x0000026b4f677180 GCTaskThread "GC Thread#4" [stack: 0x000000ff18400000,0x000000ff18500000] [id=51868]
  0x0000026b4f48e6b0 GCTaskThread "GC Thread#5" [stack: 0x000000ff18500000,0x000000ff18600000] [id=36236]
  0x0000026b17daa1a0 ConcurrentGCThread "G1 Main Marker" [stack: 0x000000ff16b00000,0x000000ff16c00000] [id=43808]
  0x0000026b17daaab0 ConcurrentGCThread "G1 Conc#0" [stack: 0x000000ff16c00000,0x000000ff16d00000] [id=38776]
  0x0000026b17e3e2c0 ConcurrentGCThread "G1 Refine#0" [stack: 0x000000ff16d00000,0x000000ff16e00000] [id=41660]
  0x0000026b17e3ebe0 ConcurrentGCThread "G1 Service" [stack: 0x000000ff16e00000,0x000000ff16f00000] [id=40988]

Threads with active compile tasks:
C2 CompilerThread0     1381 2539       4       java.net.URLClassLoader$1::run (5 bytes)
C1 CompilerThread0     1381 2546       3       java.lang.invoke.MethodHandles$Lookup::findBoundCallerLookup (30 bytes)
C1 CompilerThread1     1381 2549       3       java.lang.invoke.MethodHandles$Lookup::maybeBindCaller (72 bytes)
C1 CompilerThread2     1381 2547       3       java.lang.invoke.MethodHandles$Lookup::getDirectMethodCommon (280 bytes)
C2 CompilerThread1     1381 2474   !   4       java.net.URLClassLoader::findClass (47 bytes)
C2 CompilerThread2     1381 2435   !   4       java.lang.ClassLoader::loadClass (121 bytes)

VM state: not at safepoint (normal execution)

VM Mutex/Monitor currently owned by a thread: None

Heap address: 0x00000000e0000000, size: 512 MB, Compressed Oops mode: 32-bit

CDS archive(s) mapped at: [0x0000026b36000000-0x0000026b36bd0000-0x0000026b36bd0000), size 12386304, SharedBaseAddress: 0x0000026b36000000, ArchiveRelocationMode: 1.
Compressed class space mapped at: 0x0000026b37000000-0x0000026b4b000000, reserved size: 335544320
Narrow klass base: 0x0000026b36000000, Narrow klass shift: 0, Narrow klass range: 0x100000000

GC Precious Log:
 CPUs: 16 total, 16 available
 Memory: 32559M
 Large Page Support: Disabled
 NUMA Support: Disabled
 Compressed Oops: Enabled (32-bit)
 Heap Region Size: 1M
 Heap Min Capacity: 256M
 Heap Initial Capacity: 256M
 Heap Max Capacity: 512M
 Pre-touch: Disabled
 Parallel Workers: 13
 Concurrent Workers: 3
 Concurrent Refinement Workers: 13
 Periodic GC: Disabled

Heap:
 garbage-first heap   total 262144K, used 103627K [0x00000000e0000000, 0x0000000100000000)
  region size 1024K, 92 young (94208K), 1 survivors (1024K)
 Metaspace       used 17779K, committed 18048K, reserved 393216K
  class space    used 2572K, committed 2688K, reserved 327680K

Heap Regions: E=young(eden), S=young(survivor), O=old, HS=humongous(starts), HC=humongous(continues), CS=collection set, F=free, OA=open archive, CA=closed archive, TAMS=top-at-mark-start (previous, next)
|   0|0x00000000e0000000, 0x00000000e0100000, 0x00000000e0100000|100%|HS|  |TAMS 0x00000000e0000000, 0x00000000e0000000| Complete 
|   1|0x00000000e0100000, 0x00000000e0200000, 0x00000000e0200000|100%|HC|  |TAMS 0x00000000e0100000, 0x00000000e0100000| Complete 
|   2|0x00000000e0200000, 0x00000000e0300000, 0x00000000e0300000|100%|HC|  |TAMS 0x00000000e0200000, 0x00000000e0200000| Complete 
|   3|0x00000000e0300000, 0x00000000e0400000, 0x00000000e0400000|100%|HC|  |TAMS 0x00000000e0300000, 0x00000000e0300000| Complete 
|   4|0x00000000e0400000, 0x00000000e0500000, 0x00000000e0500000|100%| O|  |TAMS 0x00000000e0400000, 0x00000000e0400000| Untracked 
|   5|0x00000000e0500000, 0x00000000e0600000, 0x00000000e0600000|100%| O|  |TAMS 0x00000000e0500000, 0x00000000e0500000| Untracked 
|   6|0x00000000e0600000, 0x00000000e0700000, 0x00000000e0700000|100%| O|  |TAMS 0x00000000e0600000, 0x00000000e0600000| Untracked 
|   7|0x00000000e0700000, 0x00000000e0800000, 0x00000000e0800000|100%| O|  |TAMS 0x00000000e0700000, 0x00000000e0700000| Untracked 
|   8|0x00000000e0800000, 0x00000000e0900000, 0x00000000e0900000|100%| O|  |TAMS 0x00000000e0800000, 0x00000000e0800000| Untracked 
|   9|0x00000000e0900000, 0x00000000e0a00000, 0x00000000e0a00000|100%| O|  |TAMS 0x00000000e0900000, 0x00000000e0900000| Untracked 
|  10|0x00000000e0a00000, 0x00000000e0a4d000, 0x00000000e0b00000| 30%| O|  |TAMS 0x00000000e0a00000, 0x00000000e0a00000| Untracked 
|  11|0x00000000e0b00000, 0x00000000e0c00000, 0x00000000e0c00000|100%|HS|  |TAMS 0x00000000e0b00000, 0x00000000e0b00000| Complete 
|  12|0x00000000e0c00000, 0x00000000e0c00000, 0x00000000e0d00000|  0%| F|  |TAMS 0x00000000e0c00000, 0x00000000e0c00000| Untracked 
|  13|0x00000000e0d00000, 0x00000000e0d00000, 0x00000000e0e00000|  0%| F|  |TAMS 0x00000000e0d00000, 0x00000000e0d00000| Untracked 
|  14|0x00000000e0e00000, 0x00000000e0e00000, 0x00000000e0f00000|  0%| F|  |TAMS 0x00000000e0e00000, 0x00000000e0e00000| Untracked 
|  15|0x00000000e0f00000, 0x00000000e0f00000, 0x00000000e1000000|  0%| F|  |TAMS 0x00000000e0f00000, 0x00000000e0f00000| Untracked 
|  16|0x00000000e1000000, 0x00000000e1000000, 0x00000000e1100000|  0%| F|  |TAMS 0x00000000e1000000, 0x00000000e1000000| Untracked 
|  17|0x00000000e1100000, 0x00000000e1100000, 0x00000000e1200000|  0%| F|  |TAMS 0x00000000e1100000, 0x00000000e1100000| Untracked 
|  18|0x00000000e1200000, 0x00000000e1200000, 0x00000000e1300000|  0%| F|  |TAMS 0x00000000e1200000, 0x00000000e1200000| Untracked 
|  19|0x00000000e1300000, 0x00000000e1300000, 0x00000000e1400000|  0%| F|  |TAMS 0x00000000e1300000, 0x00000000e1300000| Untracked 
|  20|0x00000000e1400000, 0x00000000e1400000, 0x00000000e1500000|  0%| F|  |TAMS 0x00000000e1400000, 0x00000000e1400000| Untracked 
|  21|0x00000000e1500000, 0x00000000e1500000, 0x00000000e1600000|  0%| F|  |TAMS 0x00000000e1500000, 0x00000000e1500000| Untracked 
|  22|0x00000000e1600000, 0x00000000e1600000, 0x00000000e1700000|  0%| F|  |TAMS 0x00000000e1600000, 0x00000000e1600000| Untracked 
|  23|0x00000000e1700000, 0x00000000e1700000, 0x00000000e1800000|  0%| F|  |TAMS 0x00000000e1700000, 0x00000000e1700000| Untracked 
|  24|0x00000000e1800000, 0x00000000e1800000, 0x00000000e1900000|  0%| F|  |TAMS 0x00000000e1800000, 0x00000000e1800000| Untracked 
|  25|0x00000000e1900000, 0x00000000e1900000, 0x00000000e1a00000|  0%| F|  |TAMS 0x00000000e1900000, 0x00000000e1900000| Untracked 
|  26|0x00000000e1a00000, 0x00000000e1a00000, 0x00000000e1b00000|  0%| F|  |TAMS 0x00000000e1a00000, 0x00000000e1a00000| Untracked 
|  27|0x00000000e1b00000, 0x00000000e1b00000, 0x00000000e1c00000|  0%| F|  |TAMS 0x00000000e1b00000, 0x00000000e1b00000| Untracked 
|  28|0x00000000e1c00000, 0x00000000e1c00000, 0x00000000e1d00000|  0%| F|  |TAMS 0x00000000e1c00000, 0x00000000e1c00000| Untracked 
|  29|0x00000000e1d00000, 0x00000000e1d00000, 0x00000000e1e00000|  0%| F|  |TAMS 0x00000000e1d00000, 0x00000000e1d00000| Untracked 
|  30|0x00000000e1e00000, 0x00000000e1e00000, 0x00000000e1f00000|  0%| F|  |TAMS 0x00000000e1e00000, 0x00000000e1e00000| Untracked 
|  31|0x00000000e1f00000, 0x00000000e1f00000, 0x00000000e2000000|  0%| F|  |TAMS 0x00000000e1f00000, 0x00000000e1f00000| Untracked 
|  32|0x00000000e2000000, 0x00000000e2000000, 0x00000000e2100000|  0%| F|  |TAMS 0x00000000e2000000, 0x00000000e2000000| Untracked 
|  33|0x00000000e2100000, 0x00000000e2100000, 0x00000000e2200000|  0%| F|  |TAMS 0x00000000e2100000, 0x00000000e2100000| Untracked 
|  34|0x00000000e2200000, 0x00000000e2200000, 0x00000000e2300000|  0%| F|  |TAMS 0x00000000e2200000, 0x00000000e2200000| Untracked 
|  35|0x00000000e2300000, 0x00000000e2300000, 0x00000000e2400000|  0%| F|  |TAMS 0x00000000e2300000, 0x00000000e2300000| Untracked 
|  36|0x00000000e2400000, 0x00000000e2400000, 0x00000000e2500000|  0%| F|  |TAMS 0x00000000e2400000, 0x00000000e2400000| Untracked 
|  37|0x00000000e2500000, 0x00000000e2500000, 0x00000000e2600000|  0%| F|  |TAMS 0x00000000e2500000, 0x00000000e2500000| Untracked 
|  38|0x00000000e2600000, 0x00000000e2600000, 0x00000000e2700000|  0%| F|  |TAMS 0x00000000e2600000, 0x00000000e2600000| Untracked 
|  39|0x00000000e2700000, 0x00000000e2700000, 0x00000000e2800000|  0%| F|  |TAMS 0x00000000e2700000, 0x00000000e2700000| Untracked 
|  40|0x00000000e2800000, 0x00000000e2800000, 0x00000000e2900000|  0%| F|  |TAMS 0x00000000e2800000, 0x00000000e2800000| Untracked 
|  41|0x00000000e2900000, 0x00000000e2900000, 0x00000000e2a00000|  0%| F|  |TAMS 0x00000000e2900000, 0x00000000e2900000| Untracked 
|  42|0x00000000e2a00000, 0x00000000e2a00000, 0x00000000e2b00000|  0%| F|  |TAMS 0x00000000e2a00000, 0x00000000e2a00000| Untracked 
|  43|0x00000000e2b00000, 0x00000000e2b00000, 0x00000000e2c00000|  0%| F|  |TAMS 0x00000000e2b00000, 0x00000000e2b00000| Untracked 
|  44|0x00000000e2c00000, 0x00000000e2c00000, 0x00000000e2d00000|  0%| F|  |TAMS 0x00000000e2c00000, 0x00000000e2c00000| Untracked 
|  45|0x00000000e2d00000, 0x00000000e2d00000, 0x00000000e2e00000|  0%| F|  |TAMS 0x00000000e2d00000, 0x00000000e2d00000| Untracked 
|  46|0x00000000e2e00000, 0x00000000e2e00000, 0x00000000e2f00000|  0%| F|  |TAMS 0x00000000e2e00000, 0x00000000e2e00000| Untracked 
|  47|0x00000000e2f00000, 0x00000000e2f00000, 0x00000000e3000000|  0%| F|  |TAMS 0x00000000e2f00000, 0x00000000e2f00000| Untracked 
|  48|0x00000000e3000000, 0x00000000e3000000, 0x00000000e3100000|  0%| F|  |TAMS 0x00000000e3000000, 0x00000000e3000000| Untracked 
|  49|0x00000000e3100000, 0x00000000e3100000, 0x00000000e3200000|  0%| F|  |TAMS 0x00000000e3100000, 0x00000000e3100000| Untracked 
|  50|0x00000000e3200000, 0x00000000e3200000, 0x00000000e3300000|  0%| F|  |TAMS 0x00000000e3200000, 0x00000000e3200000| Untracked 
|  51|0x00000000e3300000, 0x00000000e3300000, 0x00000000e3400000|  0%| F|  |TAMS 0x00000000e3300000, 0x00000000e3300000| Untracked 
|  52|0x00000000e3400000, 0x00000000e3400000, 0x00000000e3500000|  0%| F|  |TAMS 0x00000000e3400000, 0x00000000e3400000| Untracked 
|  53|0x00000000e3500000, 0x00000000e3500000, 0x00000000e3600000|  0%| F|  |TAMS 0x00000000e3500000, 0x00000000e3500000| Untracked 
|  54|0x00000000e3600000, 0x00000000e3600000, 0x00000000e3700000|  0%| F|  |TAMS 0x00000000e3600000, 0x00000000e3600000| Untracked 
|  55|0x00000000e3700000, 0x00000000e3700000, 0x00000000e3800000|  0%| F|  |TAMS 0x00000000e3700000, 0x00000000e3700000| Untracked 
|  56|0x00000000e3800000, 0x00000000e3800000, 0x00000000e3900000|  0%| F|  |TAMS 0x00000000e3800000, 0x00000000e3800000| Untracked 
|  57|0x00000000e3900000, 0x00000000e3900000, 0x00000000e3a00000|  0%| F|  |TAMS 0x00000000e3900000, 0x00000000e3900000| Untracked 
|  58|0x00000000e3a00000, 0x00000000e3a00000, 0x00000000e3b00000|  0%| F|  |TAMS 0x00000000e3a00000, 0x00000000e3a00000| Untracked 
|  59|0x00000000e3b00000, 0x00000000e3b00000, 0x00000000e3c00000|  0%| F|  |TAMS 0x00000000e3b00000, 0x00000000e3b00000| Untracked 
|  60|0x00000000e3c00000, 0x00000000e3c00000, 0x00000000e3d00000|  0%| F|  |TAMS 0x00000000e3c00000, 0x00000000e3c00000| Untracked 
|  61|0x00000000e3d00000, 0x00000000e3d00000, 0x00000000e3e00000|  0%| F|  |TAMS 0x00000000e3d00000, 0x00000000e3d00000| Untracked 
|  62|0x00000000e3e00000, 0x00000000e3e00000, 0x00000000e3f00000|  0%| F|  |TAMS 0x00000000e3e00000, 0x00000000e3e00000| Untracked 
|  63|0x00000000e3f00000, 0x00000000e3f00000, 0x00000000e4000000|  0%| F|  |TAMS 0x00000000e3f00000, 0x00000000e3f00000| Untracked 
|  64|0x00000000e4000000, 0x00000000e4000000, 0x00000000e4100000|  0%| F|  |TAMS 0x00000000e4000000, 0x00000000e4000000| Untracked 
|  65|0x00000000e4100000, 0x00000000e4100000, 0x00000000e4200000|  0%| F|  |TAMS 0x00000000e4100000, 0x00000000e4100000| Untracked 
|  66|0x00000000e4200000, 0x00000000e4200000, 0x00000000e4300000|  0%| F|  |TAMS 0x00000000e4200000, 0x00000000e4200000| Untracked 
|  67|0x00000000e4300000, 0x00000000e4300000, 0x00000000e4400000|  0%| F|  |TAMS 0x00000000e4300000, 0x00000000e4300000| Untracked 
|  68|0x00000000e4400000, 0x00000000e4400000, 0x00000000e4500000|  0%| F|  |TAMS 0x00000000e4400000, 0x00000000e4400000| Untracked 
|  69|0x00000000e4500000, 0x00000000e4500000, 0x00000000e4600000|  0%| F|  |TAMS 0x00000000e4500000, 0x00000000e4500000| Untracked 
|  70|0x00000000e4600000, 0x00000000e4600000, 0x00000000e4700000|  0%| F|  |TAMS 0x00000000e4600000, 0x00000000e4600000| Untracked 
|  71|0x00000000e4700000, 0x00000000e4700000, 0x00000000e4800000|  0%| F|  |TAMS 0x00000000e4700000, 0x00000000e4700000| Untracked 
|  72|0x00000000e4800000, 0x00000000e4800000, 0x00000000e4900000|  0%| F|  |TAMS 0x00000000e4800000, 0x00000000e4800000| Untracked 
|  73|0x00000000e4900000, 0x00000000e4900000, 0x00000000e4a00000|  0%| F|  |TAMS 0x00000000e4900000, 0x00000000e4900000| Untracked 
|  74|0x00000000e4a00000, 0x00000000e4a00000, 0x00000000e4b00000|  0%| F|  |TAMS 0x00000000e4a00000, 0x00000000e4a00000| Untracked 
|  75|0x00000000e4b00000, 0x00000000e4b00000, 0x00000000e4c00000|  0%| F|  |TAMS 0x00000000e4b00000, 0x00000000e4b00000| Untracked 
|  76|0x00000000e4c00000, 0x00000000e4c00000, 0x00000000e4d00000|  0%| F|  |TAMS 0x00000000e4c00000, 0x00000000e4c00000| Untracked 
|  77|0x00000000e4d00000, 0x00000000e4d00000, 0x00000000e4e00000|  0%| F|  |TAMS 0x00000000e4d00000, 0x00000000e4d00000| Untracked 
|  78|0x00000000e4e00000, 0x00000000e4e00000, 0x00000000e4f00000|  0%| F|  |TAMS 0x00000000e4e00000, 0x00000000e4e00000| Untracked 
|  79|0x00000000e4f00000, 0x00000000e4f00000, 0x00000000e5000000|  0%| F|  |TAMS 0x00000000e4f00000, 0x00000000e4f00000| Untracked 
|  80|0x00000000e5000000, 0x00000000e5000000, 0x00000000e5100000|  0%| F|  |TAMS 0x00000000e5000000, 0x00000000e5000000| Untracked 
|  81|0x00000000e5100000, 0x00000000e5100000, 0x00000000e5200000|  0%| F|  |TAMS 0x00000000e5100000, 0x00000000e5100000| Untracked 
|  82|0x00000000e5200000, 0x00000000e5200000, 0x00000000e5300000|  0%| F|  |TAMS 0x00000000e5200000, 0x00000000e5200000| Untracked 
|  83|0x00000000e5300000, 0x00000000e5300000, 0x00000000e5400000|  0%| F|  |TAMS 0x00000000e5300000, 0x00000000e5300000| Untracked 
|  84|0x00000000e5400000, 0x00000000e5400000, 0x00000000e5500000|  0%| F|  |TAMS 0x00000000e5400000, 0x00000000e5400000| Untracked 
|  85|0x00000000e5500000, 0x00000000e5500000, 0x00000000e5600000|  0%| F|  |TAMS 0x00000000e5500000, 0x00000000e5500000| Untracked 
|  86|0x00000000e5600000, 0x00000000e5600000, 0x00000000e5700000|  0%| F|  |TAMS 0x00000000e5600000, 0x00000000e5600000| Untracked 
|  87|0x00000000e5700000, 0x00000000e5700000, 0x00000000e5800000|  0%| F|  |TAMS 0x00000000e5700000, 0x00000000e5700000| Untracked 
|  88|0x00000000e5800000, 0x00000000e5800000, 0x00000000e5900000|  0%| F|  |TAMS 0x00000000e5800000, 0x00000000e5800000| Untracked 
|  89|0x00000000e5900000, 0x00000000e5900000, 0x00000000e5a00000|  0%| F|  |TAMS 0x00000000e5900000, 0x00000000e5900000| Untracked 
|  90|0x00000000e5a00000, 0x00000000e5a00000, 0x00000000e5b00000|  0%| F|  |TAMS 0x00000000e5a00000, 0x00000000e5a00000| Untracked 
|  91|0x00000000e5b00000, 0x00000000e5b00000, 0x00000000e5c00000|  0%| F|  |TAMS 0x00000000e5b00000, 0x00000000e5b00000| Untracked 
|  92|0x00000000e5c00000, 0x00000000e5c00000, 0x00000000e5d00000|  0%| F|  |TAMS 0x00000000e5c00000, 0x00000000e5c00000| Untracked 
|  93|0x00000000e5d00000, 0x00000000e5d00000, 0x00000000e5e00000|  0%| F|  |TAMS 0x00000000e5d00000, 0x00000000e5d00000| Untracked 
|  94|0x00000000e5e00000, 0x00000000e5e00000, 0x00000000e5f00000|  0%| F|  |TAMS 0x00000000e5e00000, 0x00000000e5e00000| Untracked 
|  95|0x00000000e5f00000, 0x00000000e5f00000, 0x00000000e6000000|  0%| F|  |TAMS 0x00000000e5f00000, 0x00000000e5f00000| Untracked 
|  96|0x00000000e6000000, 0x00000000e6000000, 0x00000000e6100000|  0%| F|  |TAMS 0x00000000e6000000, 0x00000000e6000000| Untracked 
|  97|0x00000000e6100000, 0x00000000e6100000, 0x00000000e6200000|  0%| F|  |TAMS 0x00000000e6100000, 0x00000000e6100000| Untracked 
|  98|0x00000000e6200000, 0x00000000e6200000, 0x00000000e6300000|  0%| F|  |TAMS 0x00000000e6200000, 0x00000000e6200000| Untracked 
|  99|0x00000000e6300000, 0x00000000e6300000, 0x00000000e6400000|  0%| F|  |TAMS 0x00000000e6300000, 0x00000000e6300000| Untracked 
| 100|0x00000000e6400000, 0x00000000e6400000, 0x00000000e6500000|  0%| F|  |TAMS 0x00000000e6400000, 0x00000000e6400000| Untracked 
| 101|0x00000000e6500000, 0x00000000e6500000, 0x00000000e6600000|  0%| F|  |TAMS 0x00000000e6500000, 0x00000000e6500000| Untracked 
| 102|0x00000000e6600000, 0x00000000e6600000, 0x00000000e6700000|  0%| F|  |TAMS 0x00000000e6600000, 0x00000000e6600000| Untracked 
| 103|0x00000000e6700000, 0x00000000e6700000, 0x00000000e6800000|  0%| F|  |TAMS 0x00000000e6700000, 0x00000000e6700000| Untracked 
| 104|0x00000000e6800000, 0x00000000e6800000, 0x00000000e6900000|  0%| F|  |TAMS 0x00000000e6800000, 0x00000000e6800000| Untracked 
| 105|0x00000000e6900000, 0x00000000e6900000, 0x00000000e6a00000|  0%| F|  |TAMS 0x00000000e6900000, 0x00000000e6900000| Untracked 
| 106|0x00000000e6a00000, 0x00000000e6a00000, 0x00000000e6b00000|  0%| F|  |TAMS 0x00000000e6a00000, 0x00000000e6a00000| Untracked 
| 107|0x00000000e6b00000, 0x00000000e6b00000, 0x00000000e6c00000|  0%| F|  |TAMS 0x00000000e6b00000, 0x00000000e6b00000| Untracked 
| 108|0x00000000e6c00000, 0x00000000e6c00000, 0x00000000e6d00000|  0%| F|  |TAMS 0x00000000e6c00000, 0x00000000e6c00000| Untracked 
| 109|0x00000000e6d00000, 0x00000000e6d00000, 0x00000000e6e00000|  0%| F|  |TAMS 0x00000000e6d00000, 0x00000000e6d00000| Untracked 
| 110|0x00000000e6e00000, 0x00000000e6e00000, 0x00000000e6f00000|  0%| F|  |TAMS 0x00000000e6e00000, 0x00000000e6e00000| Untracked 
| 111|0x00000000e6f00000, 0x00000000e6f00000, 0x00000000e7000000|  0%| F|  |TAMS 0x00000000e6f00000, 0x00000000e6f00000| Untracked 
| 112|0x00000000e7000000, 0x00000000e7000000, 0x00000000e7100000|  0%| F|  |TAMS 0x00000000e7000000, 0x00000000e7000000| Untracked 
| 113|0x00000000e7100000, 0x00000000e7100000, 0x00000000e7200000|  0%| F|  |TAMS 0x00000000e7100000, 0x00000000e7100000| Untracked 
| 114|0x00000000e7200000, 0x00000000e7200000, 0x00000000e7300000|  0%| F|  |TAMS 0x00000000e7200000, 0x00000000e7200000| Untracked 
| 115|0x00000000e7300000, 0x00000000e7300000, 0x00000000e7400000|  0%| F|  |TAMS 0x00000000e7300000, 0x00000000e7300000| Untracked 
| 116|0x00000000e7400000, 0x00000000e7400000, 0x00000000e7500000|  0%| F|  |TAMS 0x00000000e7400000, 0x00000000e7400000| Untracked 
| 117|0x00000000e7500000, 0x00000000e7500000, 0x00000000e7600000|  0%| F|  |TAMS 0x00000000e7500000, 0x00000000e7500000| Untracked 
| 118|0x00000000e7600000, 0x00000000e7600000, 0x00000000e7700000|  0%| F|  |TAMS 0x00000000e7600000, 0x00000000e7600000| Untracked 
| 119|0x00000000e7700000, 0x00000000e7700000, 0x00000000e7800000|  0%| F|  |TAMS 0x00000000e7700000, 0x00000000e7700000| Untracked 
| 120|0x00000000e7800000, 0x00000000e7800000, 0x00000000e7900000|  0%| F|  |TAMS 0x00000000e7800000, 0x00000000e7800000| Untracked 
| 121|0x00000000e7900000, 0x00000000e7900000, 0x00000000e7a00000|  0%| F|  |TAMS 0x00000000e7900000, 0x00000000e7900000| Untracked 
| 122|0x00000000e7a00000, 0x00000000e7a00000, 0x00000000e7b00000|  0%| F|  |TAMS 0x00000000e7a00000, 0x00000000e7a00000| Untracked 
| 123|0x00000000e7b00000, 0x00000000e7b00000, 0x00000000e7c00000|  0%| F|  |TAMS 0x00000000e7b00000, 0x00000000e7b00000| Untracked 
| 124|0x00000000e7c00000, 0x00000000e7c00000, 0x00000000e7d00000|  0%| F|  |TAMS 0x00000000e7c00000, 0x00000000e7c00000| Untracked 
| 125|0x00000000e7d00000, 0x00000000e7d00000, 0x00000000e7e00000|  0%| F|  |TAMS 0x00000000e7d00000, 0x00000000e7d00000| Untracked 
| 126|0x00000000e7e00000, 0x00000000e7e00000, 0x00000000e7f00000|  0%| F|  |TAMS 0x00000000e7e00000, 0x00000000e7e00000| Untracked 
| 127|0x00000000e7f00000, 0x00000000e7f00000, 0x00000000e8000000|  0%| F|  |TAMS 0x00000000e7f00000, 0x00000000e7f00000| Untracked 
| 128|0x00000000e8000000, 0x00000000e8000000, 0x00000000e8100000|  0%| F|  |TAMS 0x00000000e8000000, 0x00000000e8000000| Untracked 
| 129|0x00000000e8100000, 0x00000000e8100000, 0x00000000e8200000|  0%| F|  |TAMS 0x00000000e8100000, 0x00000000e8100000| Untracked 
| 130|0x00000000e8200000, 0x00000000e8200000, 0x00000000e8300000|  0%| F|  |TAMS 0x00000000e8200000, 0x00000000e8200000| Untracked 
| 131|0x00000000e8300000, 0x00000000e8300000, 0x00000000e8400000|  0%| F|  |TAMS 0x00000000e8300000, 0x00000000e8300000| Untracked 
| 132|0x00000000e8400000, 0x00000000e8400000, 0x00000000e8500000|  0%| F|  |TAMS 0x00000000e8400000, 0x00000000e8400000| Untracked 
| 133|0x00000000e8500000, 0x00000000e8500000, 0x00000000e8600000|  0%| F|  |TAMS 0x00000000e8500000, 0x00000000e8500000| Untracked 
| 134|0x00000000e8600000, 0x00000000e8600000, 0x00000000e8700000|  0%| F|  |TAMS 0x00000000e8600000, 0x00000000e8600000| Untracked 
| 135|0x00000000e8700000, 0x00000000e8700000, 0x00000000e8800000|  0%| F|  |TAMS 0x00000000e8700000, 0x00000000e8700000| Untracked 
| 136|0x00000000e8800000, 0x00000000e8800000, 0x00000000e8900000|  0%| F|  |TAMS 0x00000000e8800000, 0x00000000e8800000| Untracked 
| 137|0x00000000e8900000, 0x00000000e8900000, 0x00000000e8a00000|  0%| F|  |TAMS 0x00000000e8900000, 0x00000000e8900000| Untracked 
| 138|0x00000000e8a00000, 0x00000000e8a00000, 0x00000000e8b00000|  0%| F|  |TAMS 0x00000000e8a00000, 0x00000000e8a00000| Untracked 
| 139|0x00000000e8b00000, 0x00000000e8b00000, 0x00000000e8c00000|  0%| F|  |TAMS 0x00000000e8b00000, 0x00000000e8b00000| Untracked 
| 140|0x00000000e8c00000, 0x00000000e8c00000, 0x00000000e8d00000|  0%| F|  |TAMS 0x00000000e8c00000, 0x00000000e8c00000| Untracked 
| 141|0x00000000e8d00000, 0x00000000e8d00000, 0x00000000e8e00000|  0%| F|  |TAMS 0x00000000e8d00000, 0x00000000e8d00000| Untracked 
| 142|0x00000000e8e00000, 0x00000000e8e00000, 0x00000000e8f00000|  0%| F|  |TAMS 0x00000000e8e00000, 0x00000000e8e00000| Untracked 
| 143|0x00000000e8f00000, 0x00000000e8f00000, 0x00000000e9000000|  0%| F|  |TAMS 0x00000000e8f00000, 0x00000000e8f00000| Untracked 
| 144|0x00000000e9000000, 0x00000000e9000000, 0x00000000e9100000|  0%| F|  |TAMS 0x00000000e9000000, 0x00000000e9000000| Untracked 
| 145|0x00000000e9100000, 0x00000000e9100000, 0x00000000e9200000|  0%| F|  |TAMS 0x00000000e9100000, 0x00000000e9100000| Untracked 
| 146|0x00000000e9200000, 0x00000000e9200000, 0x00000000e9300000|  0%| F|  |TAMS 0x00000000e9200000, 0x00000000e9200000| Untracked 
| 147|0x00000000e9300000, 0x00000000e9300000, 0x00000000e9400000|  0%| F|  |TAMS 0x00000000e9300000, 0x00000000e9300000| Untracked 
| 148|0x00000000e9400000, 0x00000000e9400000, 0x00000000e9500000|  0%| F|  |TAMS 0x00000000e9400000, 0x00000000e9400000| Untracked 
| 149|0x00000000e9500000, 0x00000000e9500000, 0x00000000e9600000|  0%| F|  |TAMS 0x00000000e9500000, 0x00000000e9500000| Untracked 
| 150|0x00000000e9600000, 0x00000000e9600000, 0x00000000e9700000|  0%| F|  |TAMS 0x00000000e9600000, 0x00000000e9600000| Untracked 
| 151|0x00000000e9700000, 0x00000000e9700000, 0x00000000e9800000|  0%| F|  |TAMS 0x00000000e9700000, 0x00000000e9700000| Untracked 
| 152|0x00000000e9800000, 0x00000000e9800000, 0x00000000e9900000|  0%| F|  |TAMS 0x00000000e9800000, 0x00000000e9800000| Untracked 
| 153|0x00000000e9900000, 0x00000000e9900000, 0x00000000e9a00000|  0%| F|  |TAMS 0x00000000e9900000, 0x00000000e9900000| Untracked 
| 154|0x00000000e9a00000, 0x00000000e9a00000, 0x00000000e9b00000|  0%| F|  |TAMS 0x00000000e9a00000, 0x00000000e9a00000| Untracked 
| 155|0x00000000e9b00000, 0x00000000e9b00000, 0x00000000e9c00000|  0%| F|  |TAMS 0x00000000e9b00000, 0x00000000e9b00000| Untracked 
| 156|0x00000000e9c00000, 0x00000000e9c00000, 0x00000000e9d00000|  0%| F|  |TAMS 0x00000000e9c00000, 0x00000000e9c00000| Untracked 
| 157|0x00000000e9d00000, 0x00000000e9d00000, 0x00000000e9e00000|  0%| F|  |TAMS 0x00000000e9d00000, 0x00000000e9d00000| Untracked 
| 158|0x00000000e9e00000, 0x00000000e9e00000, 0x00000000e9f00000|  0%| F|  |TAMS 0x00000000e9e00000, 0x00000000e9e00000| Untracked 
| 159|0x00000000e9f00000, 0x00000000e9f00000, 0x00000000ea000000|  0%| F|  |TAMS 0x00000000e9f00000, 0x00000000e9f00000| Untracked 
| 160|0x00000000ea000000, 0x00000000ea000000, 0x00000000ea100000|  0%| F|  |TAMS 0x00000000ea000000, 0x00000000ea000000| Untracked 
| 161|0x00000000ea100000, 0x00000000ea100000, 0x00000000ea200000|  0%| F|  |TAMS 0x00000000ea100000, 0x00000000ea100000| Untracked 
| 162|0x00000000ea200000, 0x00000000ea200000, 0x00000000ea300000|  0%| F|  |TAMS 0x00000000ea200000, 0x00000000ea200000| Untracked 
| 163|0x00000000ea300000, 0x00000000ea300000, 0x00000000ea400000|  0%| F|  |TAMS 0x00000000ea300000, 0x00000000ea300000| Untracked 
| 164|0x00000000ea400000, 0x00000000ea47df20, 0x00000000ea500000| 49%| E|  |TAMS 0x00000000ea400000, 0x00000000ea400000| Complete 
| 165|0x00000000ea500000, 0x00000000ea600000, 0x00000000ea600000|100%| E|CS|TAMS 0x00000000ea500000, 0x00000000ea500000| Complete 
| 166|0x00000000ea600000, 0x00000000ea700000, 0x00000000ea700000|100%| E|CS|TAMS 0x00000000ea600000, 0x00000000ea600000| Complete 
| 167|0x00000000ea700000, 0x00000000ea800000, 0x00000000ea800000|100%| E|CS|TAMS 0x00000000ea700000, 0x00000000ea700000| Complete 
| 168|0x00000000ea800000, 0x00000000ea900000, 0x00000000ea900000|100%| E|CS|TAMS 0x00000000ea800000, 0x00000000ea800000| Complete 
| 169|0x00000000ea900000, 0x00000000eaa00000, 0x00000000eaa00000|100%| E|CS|TAMS 0x00000000ea900000, 0x00000000ea900000| Complete 
| 170|0x00000000eaa00000, 0x00000000eab00000, 0x00000000eab00000|100%| E|CS|TAMS 0x00000000eaa00000, 0x00000000eaa00000| Complete 
| 171|0x00000000eab00000, 0x00000000eac00000, 0x00000000eac00000|100%| E|CS|TAMS 0x00000000eab00000, 0x00000000eab00000| Complete 
| 172|0x00000000eac00000, 0x00000000ead00000, 0x00000000ead00000|100%| E|  |TAMS 0x00000000eac00000, 0x00000000eac00000| Complete 
| 173|0x00000000ead00000, 0x00000000eae00000, 0x00000000eae00000|100%| E|CS|TAMS 0x00000000ead00000, 0x00000000ead00000| Complete 
| 174|0x00000000eae00000, 0x00000000eaf00000, 0x00000000eaf00000|100%| E|CS|TAMS 0x00000000eae00000, 0x00000000eae00000| Complete 
| 175|0x00000000eaf00000, 0x00000000eb000000, 0x00000000eb000000|100%| E|CS|TAMS 0x00000000eaf00000, 0x00000000eaf00000| Complete 
| 176|0x00000000eb000000, 0x00000000eb100000, 0x00000000eb100000|100%| E|CS|TAMS 0x00000000eb000000, 0x00000000eb000000| Complete 
| 177|0x00000000eb100000, 0x00000000eb200000, 0x00000000eb200000|100%| E|CS|TAMS 0x00000000eb100000, 0x00000000eb100000| Complete 
| 178|0x00000000eb200000, 0x00000000eb300000, 0x00000000eb300000|100%| E|CS|TAMS 0x00000000eb200000, 0x00000000eb200000| Complete 
| 179|0x00000000eb300000, 0x00000000eb400000, 0x00000000eb400000|100%| E|CS|TAMS 0x00000000eb300000, 0x00000000eb300000| Complete 
| 180|0x00000000eb400000, 0x00000000eb500000, 0x00000000eb500000|100%| E|CS|TAMS 0x00000000eb400000, 0x00000000eb400000| Complete 
| 181|0x00000000eb500000, 0x00000000eb600000, 0x00000000eb600000|100%| E|CS|TAMS 0x00000000eb500000, 0x00000000eb500000| Complete 
| 182|0x00000000eb600000, 0x00000000eb700000, 0x00000000eb700000|100%| E|CS|TAMS 0x00000000eb600000, 0x00000000eb600000| Complete 
| 183|0x00000000eb700000, 0x00000000eb800000, 0x00000000eb800000|100%| E|CS|TAMS 0x00000000eb700000, 0x00000000eb700000| Complete 
| 184|0x00000000eb800000, 0x00000000eb900000, 0x00000000eb900000|100%| E|CS|TAMS 0x00000000eb800000, 0x00000000eb800000| Complete 
| 185|0x00000000eb900000, 0x00000000eba00000, 0x00000000eba00000|100%| E|CS|TAMS 0x00000000eb900000, 0x00000000eb900000| Complete 
| 186|0x00000000eba00000, 0x00000000ebb00000, 0x00000000ebb00000|100%| E|CS|TAMS 0x00000000eba00000, 0x00000000eba00000| Complete 
| 187|0x00000000ebb00000, 0x00000000ebc00000, 0x00000000ebc00000|100%| E|CS|TAMS 0x00000000ebb00000, 0x00000000ebb00000| Complete 
| 188|0x00000000ebc00000, 0x00000000ebd00000, 0x00000000ebd00000|100%| E|CS|TAMS 0x00000000ebc00000, 0x00000000ebc00000| Complete 
| 189|0x00000000ebd00000, 0x00000000ebe00000, 0x00000000ebe00000|100%| E|CS|TAMS 0x00000000ebd00000, 0x00000000ebd00000| Complete 
| 190|0x00000000ebe00000, 0x00000000ebf00000, 0x00000000ebf00000|100%| E|CS|TAMS 0x00000000ebe00000, 0x00000000ebe00000| Complete 
| 191|0x00000000ebf00000, 0x00000000ec000000, 0x00000000ec000000|100%| E|CS|TAMS 0x00000000ebf00000, 0x00000000ebf00000| Complete 
| 192|0x00000000ec000000, 0x00000000ec100000, 0x00000000ec100000|100%| E|CS|TAMS 0x00000000ec000000, 0x00000000ec000000| Complete 
| 193|0x00000000ec100000, 0x00000000ec200000, 0x00000000ec200000|100%| E|CS|TAMS 0x00000000ec100000, 0x00000000ec100000| Complete 
| 194|0x00000000ec200000, 0x00000000ec300000, 0x00000000ec300000|100%| E|CS|TAMS 0x00000000ec200000, 0x00000000ec200000| Complete 
| 195|0x00000000ec300000, 0x00000000ec400000, 0x00000000ec400000|100%| E|CS|TAMS 0x00000000ec300000, 0x00000000ec300000| Complete 
| 196|0x00000000ec400000, 0x00000000ec500000, 0x00000000ec500000|100%| E|CS|TAMS 0x00000000ec400000, 0x00000000ec400000| Complete 
| 197|0x00000000ec500000, 0x00000000ec600000, 0x00000000ec600000|100%| E|CS|TAMS 0x00000000ec500000, 0x00000000ec500000| Complete 
| 198|0x00000000ec600000, 0x00000000ec700000, 0x00000000ec700000|100%| E|CS|TAMS 0x00000000ec600000, 0x00000000ec600000| Complete 
| 199|0x00000000ec700000, 0x00000000ec800000, 0x00000000ec800000|100%| E|CS|TAMS 0x00000000ec700000, 0x00000000ec700000| Complete 
| 200|0x00000000ec800000, 0x00000000ec900000, 0x00000000ec900000|100%| E|CS|TAMS 0x00000000ec800000, 0x00000000ec800000| Complete 
| 201|0x00000000ec900000, 0x00000000eca00000, 0x00000000eca00000|100%| E|CS|TAMS 0x00000000ec900000, 0x00000000ec900000| Complete 
| 202|0x00000000eca00000, 0x00000000ecb00000, 0x00000000ecb00000|100%| E|CS|TAMS 0x00000000eca00000, 0x00000000eca00000| Complete 
| 203|0x00000000ecb00000, 0x00000000ecc00000, 0x00000000ecc00000|100%| E|CS|TAMS 0x00000000ecb00000, 0x00000000ecb00000| Complete 
| 204|0x00000000ecc00000, 0x00000000ecd00000, 0x00000000ecd00000|100%| E|CS|TAMS 0x00000000ecc00000, 0x00000000ecc00000| Complete 
| 205|0x00000000ecd00000, 0x00000000ece00000, 0x00000000ece00000|100%| E|CS|TAMS 0x00000000ecd00000, 0x00000000ecd00000| Complete 
| 206|0x00000000ece00000, 0x00000000ecf00000, 0x00000000ecf00000|100%| E|CS|TAMS 0x00000000ece00000, 0x00000000ece00000| Complete 
| 207|0x00000000ecf00000, 0x00000000ed000000, 0x00000000ed000000|100%| E|CS|TAMS 0x00000000ecf00000, 0x00000000ecf00000| Complete 
| 208|0x00000000ed000000, 0x00000000ed100000, 0x00000000ed100000|100%| E|CS|TAMS 0x00000000ed000000, 0x00000000ed000000| Complete 
| 209|0x00000000ed100000, 0x00000000ed200000, 0x00000000ed200000|100%| E|CS|TAMS 0x00000000ed100000, 0x00000000ed100000| Complete 
| 210|0x00000000ed200000, 0x00000000ed300000, 0x00000000ed300000|100%| E|CS|TAMS 0x00000000ed200000, 0x00000000ed200000| Complete 
| 211|0x00000000ed300000, 0x00000000ed400000, 0x00000000ed400000|100%| E|CS|TAMS 0x00000000ed300000, 0x00000000ed300000| Complete 
| 212|0x00000000ed400000, 0x00000000ed500000, 0x00000000ed500000|100%| E|CS|TAMS 0x00000000ed400000, 0x00000000ed400000| Complete 
| 213|0x00000000ed500000, 0x00000000ed600000, 0x00000000ed600000|100%| E|CS|TAMS 0x00000000ed500000, 0x00000000ed500000| Complete 
| 214|0x00000000ed600000, 0x00000000ed700000, 0x00000000ed700000|100%| E|CS|TAMS 0x00000000ed600000, 0x00000000ed600000| Complete 
| 215|0x00000000ed700000, 0x00000000ed800000, 0x00000000ed800000|100%| E|CS|TAMS 0x00000000ed700000, 0x00000000ed700000| Complete 
| 216|0x00000000ed800000, 0x00000000ed900000, 0x00000000ed900000|100%| E|CS|TAMS 0x00000000ed800000, 0x00000000ed800000| Complete 
| 217|0x00000000ed900000, 0x00000000eda00000, 0x00000000eda00000|100%| E|CS|TAMS 0x00000000ed900000, 0x00000000ed900000| Complete 
| 218|0x00000000eda00000, 0x00000000edb00000, 0x00000000edb00000|100%| E|CS|TAMS 0x00000000eda00000, 0x00000000eda00000| Complete 
| 219|0x00000000edb00000, 0x00000000edc00000, 0x00000000edc00000|100%| E|CS|TAMS 0x00000000edb00000, 0x00000000edb00000| Complete 
| 220|0x00000000edc00000, 0x00000000edd00000, 0x00000000edd00000|100%| E|CS|TAMS 0x00000000edc00000, 0x00000000edc00000| Complete 
| 221|0x00000000edd00000, 0x00000000ede00000, 0x00000000ede00000|100%| E|CS|TAMS 0x00000000edd00000, 0x00000000edd00000| Complete 
| 222|0x00000000ede00000, 0x00000000edf00000, 0x00000000edf00000|100%| E|CS|TAMS 0x00000000ede00000, 0x00000000ede00000| Complete 
| 223|0x00000000edf00000, 0x00000000ee000000, 0x00000000ee000000|100%| E|CS|TAMS 0x00000000edf00000, 0x00000000edf00000| Complete 
| 224|0x00000000ee000000, 0x00000000ee100000, 0x00000000ee100000|100%| E|CS|TAMS 0x00000000ee000000, 0x00000000ee000000| Complete 
| 225|0x00000000ee100000, 0x00000000ee1e5ce0, 0x00000000ee200000| 89%| S|CS|TAMS 0x00000000ee100000, 0x00000000ee100000| Complete 
| 226|0x00000000ee200000, 0x00000000ee300000, 0x00000000ee300000|100%| E|CS|TAMS 0x00000000ee200000, 0x00000000ee200000| Complete 
| 227|0x00000000ee300000, 0x00000000ee400000, 0x00000000ee400000|100%| E|CS|TAMS 0x00000000ee300000, 0x00000000ee300000| Complete 
| 228|0x00000000ee400000, 0x00000000ee500000, 0x00000000ee500000|100%| E|CS|TAMS 0x00000000ee400000, 0x00000000ee400000| Complete 
| 229|0x00000000ee500000, 0x00000000ee600000, 0x00000000ee600000|100%| E|CS|TAMS 0x00000000ee500000, 0x00000000ee500000| Complete 
| 230|0x00000000ee600000, 0x00000000ee700000, 0x00000000ee700000|100%| E|CS|TAMS 0x00000000ee600000, 0x00000000ee600000| Complete 
| 231|0x00000000ee700000, 0x00000000ee800000, 0x00000000ee800000|100%| E|CS|TAMS 0x00000000ee700000, 0x00000000ee700000| Complete 
| 232|0x00000000ee800000, 0x00000000ee900000, 0x00000000ee900000|100%| E|CS|TAMS 0x00000000ee800000, 0x00000000ee800000| Complete 
| 233|0x00000000ee900000, 0x00000000eea00000, 0x00000000eea00000|100%| E|CS|TAMS 0x00000000ee900000, 0x00000000ee900000| Complete 
| 234|0x00000000eea00000, 0x00000000eeb00000, 0x00000000eeb00000|100%| E|CS|TAMS 0x00000000eea00000, 0x00000000eea00000| Complete 
| 235|0x00000000eeb00000, 0x00000000eec00000, 0x00000000eec00000|100%| E|CS|TAMS 0x00000000eeb00000, 0x00000000eeb00000| Complete 
| 236|0x00000000eec00000, 0x00000000eed00000, 0x00000000eed00000|100%| E|CS|TAMS 0x00000000eec00000, 0x00000000eec00000| Complete 
| 237|0x00000000eed00000, 0x00000000eee00000, 0x00000000eee00000|100%| E|CS|TAMS 0x00000000eed00000, 0x00000000eed00000| Complete 
| 238|0x00000000eee00000, 0x00000000eef00000, 0x00000000eef00000|100%| E|CS|TAMS 0x00000000eee00000, 0x00000000eee00000| Complete 
| 239|0x00000000eef00000, 0x00000000ef000000, 0x00000000ef000000|100%| E|CS|TAMS 0x00000000eef00000, 0x00000000eef00000| Complete 
| 240|0x00000000ef000000, 0x00000000ef100000, 0x00000000ef100000|100%| E|CS|TAMS 0x00000000ef000000, 0x00000000ef000000| Complete 
| 241|0x00000000ef100000, 0x00000000ef200000, 0x00000000ef200000|100%| E|CS|TAMS 0x00000000ef100000, 0x00000000ef100000| Complete 
| 242|0x00000000ef200000, 0x00000000ef300000, 0x00000000ef300000|100%| E|CS|TAMS 0x00000000ef200000, 0x00000000ef200000| Complete 
| 243|0x00000000ef300000, 0x00000000ef400000, 0x00000000ef400000|100%| E|CS|TAMS 0x00000000ef300000, 0x00000000ef300000| Complete 
| 244|0x00000000ef400000, 0x00000000ef500000, 0x00000000ef500000|100%| E|CS|TAMS 0x00000000ef400000, 0x00000000ef400000| Complete 
| 245|0x00000000ef500000, 0x00000000ef600000, 0x00000000ef600000|100%| E|CS|TAMS 0x00000000ef500000, 0x00000000ef500000| Complete 
| 246|0x00000000ef600000, 0x00000000ef700000, 0x00000000ef700000|100%| E|CS|TAMS 0x00000000ef600000, 0x00000000ef600000| Complete 
| 247|0x00000000ef700000, 0x00000000ef800000, 0x00000000ef800000|100%| E|CS|TAMS 0x00000000ef700000, 0x00000000ef700000| Complete 
| 248|0x00000000ef800000, 0x00000000ef900000, 0x00000000ef900000|100%| E|CS|TAMS 0x00000000ef800000, 0x00000000ef800000| Complete 
| 249|0x00000000ef900000, 0x00000000efa00000, 0x00000000efa00000|100%| E|CS|TAMS 0x00000000ef900000, 0x00000000ef900000| Complete 
| 250|0x00000000efa00000, 0x00000000efb00000, 0x00000000efb00000|100%| E|CS|TAMS 0x00000000efa00000, 0x00000000efa00000| Complete 
| 251|0x00000000efb00000, 0x00000000efc00000, 0x00000000efc00000|100%| E|CS|TAMS 0x00000000efb00000, 0x00000000efb00000| Complete 
| 252|0x00000000efc00000, 0x00000000efd00000, 0x00000000efd00000|100%| E|CS|TAMS 0x00000000efc00000, 0x00000000efc00000| Complete 
| 253|0x00000000efd00000, 0x00000000efe00000, 0x00000000efe00000|100%| E|CS|TAMS 0x00000000efd00000, 0x00000000efd00000| Complete 
| 254|0x00000000efe00000, 0x00000000eff00000, 0x00000000eff00000|100%| E|CS|TAMS 0x00000000efe00000, 0x00000000efe00000| Complete 
| 255|0x00000000eff00000, 0x00000000f0000000, 0x00000000f0000000|100%| E|CS|TAMS 0x00000000eff00000, 0x00000000eff00000| Complete 

Card table byte_map: [0x0000026b30ed0000,0x0000026b30fd0000] _byte_map_base: 0x0000026b307d0000

Marking Bits (Prev, Next): (CMBitMap*) 0x0000026b17da4860, (CMBitMap*) 0x0000026b17da48a0
 Prev Bits: [0x0000026b310d0000, 0x0000026b318d0000)
 Next Bits: [0x0000026b318d0000, 0x0000026b320d0000)

Polling page: 0x0000026b17e40000

Metaspace:

Usage:
  Non-class:     14.85 MB used.
      Class:      2.51 MB used.
       Both:     17.36 MB used.

Virtual space:
  Non-class space:       64.00 MB reserved,      15.00 MB ( 23%) committed,  1 nodes.
      Class space:      320.00 MB reserved,       2.62 MB ( <1%) committed,  1 nodes.
             Both:      384.00 MB reserved,      17.62 MB (  5%) committed. 

Chunk freelists:
   Non-Class:  976.00 KB
       Class:  13.38 MB
        Both:  14.33 MB

MaxMetaspaceSize: 384.00 MB
CompressedClassSpaceSize: 320.00 MB
Initial GC threshold: 21.00 MB
Current GC threshold: 21.00 MB
CDS: on
MetaspaceReclaimPolicy: balanced
 - commit_granule_bytes: 65536.
 - commit_granule_words: 8192.
 - virtual_space_node_default_size: 8388608.
 - enlarge_chunks_in_place: 1.
 - new_chunks_are_fully_committed: 0.
 - uncommit_free_chunks: 1.
 - use_allocation_guard: 0.
 - handle_deallocations: 1.


Internal statistics:

num_allocs_failed_limit: 0.
num_arena_births: 216.
num_arena_deaths: 0.
num_vsnodes_births: 2.
num_vsnodes_deaths: 0.
num_space_committed: 282.
num_space_uncommitted: 0.
num_chunks_returned_to_freelist: 0.
num_chunks_taken_from_freelist: 795.
num_chunk_merges: 0.
num_chunk_splits: 537.
num_chunks_enlarged: 394.
num_purges: 0.
num_inconsistent_stats: 0.

CodeHeap 'non-profiled nmethods': size=119168Kb used=1267Kb max_used=1267Kb free=117900Kb
 bounds [0x0000026b289b0000, 0x0000026b28c20000, 0x0000026b2fe10000]
CodeHeap 'profiled nmethods': size=119104Kb used=5415Kb max_used=5415Kb free=113688Kb
 bounds [0x0000026b20e10000, 0x0000026b21360000, 0x0000026b28260000]
CodeHeap 'non-nmethods': size=7488Kb used=2921Kb max_used=2953Kb free=4566Kb
 bounds [0x0000026b28260000, 0x0000026b28550000, 0x0000026b289b0000]
 total_blobs=3082 nmethods=2538 adapters=453
 compilation: enabled
              stopped_count=0, restarted_count=0
 full_count=0

Compilation events (20 events):
Event: 1.315 Thread 0x0000026b352dadc0 nmethod 2532 0x0000026b21354190 code [0x0000026b21354400, 0x0000026b21354ff8]
Event: 1.315 Thread 0x0000026b352b6260 nmethod 2531 0x0000026b21355490 code [0x0000026b213557a0, 0x0000026b21356e48]
Event: 1.329 Thread 0x0000026b350e2650 2534       4       java.lang.ref.Cleaner::register (25 bytes)
Event: 1.329 Thread 0x0000026b352b6260 2535       3       java.lang.Class::copyConstructors (38 bytes)
Event: 1.330 Thread 0x0000026b352b6260 nmethod 2535 0x0000026b21357410 code [0x0000026b21357680, 0x0000026b213581f8]
Event: 1.335 Thread 0x0000026b350e2650 nmethod 2534 0x0000026b28aeb310 code [0x0000026b28aeb4c0, 0x0000026b28aec038]
Event: 1.335 Thread 0x0000026b350e2650 2536       4       java.util.ArrayDeque::pollFirst (36 bytes)
Event: 1.335 Thread 0x0000026b350e2650 nmethod 2536 0x0000026b28aec490 code [0x0000026b28aec600, 0x0000026b28aec718]
Event: 1.335 Thread 0x0000026b350e2650 2537       4       java.util.ArrayList::iterator (9 bytes)
Event: 1.336 Thread 0x0000026b350e2650 nmethod 2537 0x0000026b28aec810 code [0x0000026b28aec9a0, 0x0000026b28aeca98]
Event: 1.343 Thread 0x0000026b350e2650 2539       4       java.net.URLClassLoader$1::run (5 bytes)
Event: 1.346 Thread 0x0000026b350e7d20 2542       3       sun.reflect.generics.factory.CoreReflectionFactory::make (10 bytes)
Event: 1.346 Thread 0x0000026b350e7d20 nmethod 2542 0x0000026b21358690 code [0x0000026b21358840, 0x0000026b21358af8]
Event: 1.354 Thread 0x0000026b352b6260 2543       3       java.util.LinkedList::node (65 bytes)
Event: 1.354 Thread 0x0000026b352b6260 nmethod 2543 0x0000026b21358c10 code [0x0000026b21358dc0, 0x0000026b21359098]
Event: 1.362 Thread 0x0000026b350e7d20 2546       3       java.lang.invoke.MethodHandles$Lookup::findBoundCallerLookup (30 bytes)
Event: 1.362 Thread 0x0000026b352b6260 2547       3       java.lang.invoke.MethodHandles$Lookup::getDirectMethodCommon (280 bytes)
Event: 1.362 Thread 0x0000026b352dadc0 2548       3       java.lang.invoke.MethodHandles$Lookup::checkMethod (87 bytes)
Event: 1.362 Thread 0x0000026b352b1c90 2549       3       java.lang.invoke.MethodHandles$Lookup::maybeBindCaller (72 bytes)
Event: 1.363 Thread 0x0000026b352dadc0 nmethod 2548 0x0000026b21359210 code [0x0000026b21359420, 0x0000026b21359b98]

GC Heap History (4 events):
Event: 0.325 GC heap before
{Heap before GC invocations=0 (full 0):
 garbage-first heap   total 262144K, used 26624K [0x00000000e0000000, 0x0000000100000000)
  region size 1024K, 23 young (23552K), 0 survivors (0K)
 Metaspace       used 2899K, committed 3072K, reserved 393216K
  class space    used 359K, committed 448K, reserved 327680K
}
Event: 0.327 GC heap after
{Heap after GC invocations=1 (full 0):
 garbage-first heap   total 262144K, used 10448K [0x00000000e0000000, 0x0000000100000000)
  region size 1024K, 3 young (3072K), 3 survivors (3072K)
 Metaspace       used 2899K, committed 3072K, reserved 393216K
  class space    used 359K, committed 448K, reserved 327680K
}
Event: 0.539 GC heap before
{Heap before GC invocations=1 (full 0):
 garbage-first heap   total 262144K, used 38096K [0x00000000e0000000, 0x0000000100000000)
  region size 1024K, 30 young (30720K), 3 survivors (3072K)
 Metaspace       used 4097K, committed 4224K, reserved 393216K
  class space    used 497K, committed 576K, reserved 327680K
}
Event: 0.540 GC heap after
{Heap after GC invocations=2 (full 0):
 garbage-first heap   total 262144K, used 11467K [0x00000000e0000000, 0x0000000100000000)
  region size 1024K, 1 young (1024K), 1 survivors (1024K)
 Metaspace       used 4097K, committed 4224K, reserved 393216K
  class space    used 497K, committed 576K, reserved 327680K
}

Deoptimization events (20 events):
Event: 1.192 Thread 0x0000026b4ffc7840 DEOPT PACKING pc=0x0000026b28a3df4c sp=0x000000ff18cfcca0
Event: 1.192 Thread 0x0000026b4ffc7840 DEOPT UNPACKING pc=0x0000026b282b23a3 sp=0x000000ff18cfcb38 mode 2
Event: 1.202 Thread 0x0000026b4ffc7840 Uncommon trap: trap_request=0xffffff45 fr.pc=0x0000026b289d4448 relative=0x00000000000009e8
Event: 1.202 Thread 0x0000026b4ffc7840 Uncommon trap: reason=unstable_if action=reinterpret pc=0x0000026b289d4448 method=java.io.WinNTFileSystem.resolve(Ljava/lang/String;Ljava/lang/String;)Ljava/lang/String; @ 19 c2
Event: 1.202 Thread 0x0000026b4ffc7840 DEOPT PACKING pc=0x0000026b289d4448 sp=0x000000ff18cfcb70
Event: 1.202 Thread 0x0000026b4ffc7840 DEOPT UNPACKING pc=0x0000026b282b23a3 sp=0x000000ff18cfcb28 mode 2
Event: 1.203 Thread 0x0000026b4ffc7840 Uncommon trap: trap_request=0xffffff45 fr.pc=0x0000026b28a28dc8 relative=0x00000000000005a8
Event: 1.203 Thread 0x0000026b4ffc7840 Uncommon trap: reason=unstable_if action=reinterpret pc=0x0000026b28a28dc8 method=java.io.File.getName()Ljava/lang/String; @ 16 c2
Event: 1.203 Thread 0x0000026b4ffc7840 DEOPT PACKING pc=0x0000026b28a28dc8 sp=0x000000ff18cfcb20
Event: 1.203 Thread 0x0000026b4ffc7840 DEOPT UNPACKING pc=0x0000026b282b23a3 sp=0x000000ff18cfcaf0 mode 2
Event: 1.286 Thread 0x0000026b4ffc7840 Uncommon trap: trap_request=0xffffff45 fr.pc=0x0000026b28aaedf4 relative=0x0000000000000074
Event: 1.286 Thread 0x0000026b4ffc7840 Uncommon trap: reason=unstable_if action=reinterpret pc=0x0000026b28aaedf4 method=jdk.internal.misc.Unsafe.convEndian(ZI)I @ 4 c2
Event: 1.286 Thread 0x0000026b4ffc7840 DEOPT PACKING pc=0x0000026b28aaedf4 sp=0x000000ff18cfa970
Event: 1.286 Thread 0x0000026b4ffc7840 DEOPT UNPACKING pc=0x0000026b282b23a3 sp=0x000000ff18cfa878 mode 2
Event: 1.292 Thread 0x0000026b4ffc7840 DEOPT PACKING pc=0x0000026b213210ea sp=0x000000ff18cf6a40
Event: 1.292 Thread 0x0000026b4ffc7840 DEOPT UNPACKING pc=0x0000026b282b2b43 sp=0x000000ff18cf5f50 mode 0
Event: 1.305 Thread 0x0000026b4ffc7840 DEOPT PACKING pc=0x0000026b213210ea sp=0x000000ff18cfae50
Event: 1.305 Thread 0x0000026b4ffc7840 DEOPT UNPACKING pc=0x0000026b282b2b43 sp=0x000000ff18cfa360 mode 0
Event: 1.310 Thread 0x0000026b4ffc7840 DEOPT PACKING pc=0x0000026b213210c9 sp=0x000000ff18cfaf60
Event: 1.310 Thread 0x0000026b4ffc7840 DEOPT UNPACKING pc=0x0000026b282b2b43 sp=0x000000ff18cfa470 mode 0

Classes unloaded (0 events):
No events

Classes redefined (0 events):
No events

Internal exceptions (20 events):
Event: 1.083 Thread 0x0000026b4ffc7840 Exception <a 'java/lang/NoSuchMethodError'{0x00000000ec9065d8}: 'void java.lang.invoke.DirectMethodHandle$Holder.invokeSpecial(java.lang.Object, java.lang.Object, java.lang.Object, java.lang.Object, java.lang.Object)'> (0x00000000ec9065d8) 
thrown [s\open\src\hotspot\share\interpreter\linkResolver.cpp, line 759]
Event: 1.083 Thread 0x0000026b4ffc7840 Exception <a 'java/lang/NoSuchMethodError'{0x00000000ec91a3f0}: 'void java.lang.invoke.DirectMethodHandle$Holder.invokeStaticInit(java.lang.Object, java.lang.Object)'> (0x00000000ec91a3f0) 
thrown [s\open\src\hotspot\share\interpreter\linkResolver.cpp, line 759]
Event: 1.095 Thread 0x0000026b4ffc7840 Exception <a 'java/lang/NoSuchMethodError'{0x00000000ec8242e0}: 'java.lang.Object java.lang.invoke.DirectMethodHandle$Holder.newInvokeSpecial(java.lang.Object, java.lang.Object, java.lang.Object, int, java.lang.Object, java.lang.Object)'> (0x00000000ec8242e0) 
thrown [s\open\src\hotspot\share\interpreter\linkResolver.cpp, line 759]
Event: 1.114 Thread 0x0000026b4ffc7840 Exception <a 'java/lang/NoSuchMethodError'{0x00000000ec7e5a40}: 'void java.lang.invoke.DelegatingMethodHandle$Holder.reinvoke_L(java.lang.Object, java.lang.Object, java.lang.Object, java.lang.Object, java.lang.Object, java.lang.Object, java.lang.Object, java.lang.Object, java.lang.Object, java.lang.Object)'> (0x00000000ec7e5a40) 
thrown [s\open\src\hotspot\share\interpreter\linkResolver.cpp, line 759]
Event: 1.114 Thread 0x0000026b4ffc7840 Exception <a 'java/lang/NoSuchMethodError'{0x00000000ec7edeb0}: 'java.lang.Object java.lang.invoke.DirectMethodHandle$Holder.invokeSpecial(java.lang.Object, java.lang.Object, java.lang.Object, java.lang.Object, java.lang.Object, java.lang.Object, java.lang.Object, java.lang.Object, java.lang.Object, java.lang.Object)'> (0x00000000ec7edeb0) 
thrown [s\open\src\hotspot\share\interpreter\linkResolver.cpp, line 759]
Event: 1.114 Thread 0x0000026b4ffc7840 Exception <a 'java/lang/NoSuchMethodError'{0x00000000ec7f2780}: 'java.lang.Object java.lang.invoke.Invokers$Holder.invoker(java.lang.Object, java.lang.Object, java.lang.Object, java.lang.Object, java.lang.Object, java.lang.Object, java.lang.Object, java.lang.Object, java.lang.Object, java.lang.Object)'> (0x00000000ec7f2780) 
thrown [s\open\src\hotspot\share\interpreter\linkResolver.cpp, line 759]
Event: 1.115 Thread 0x0000026b4ffc7840 Exception <a 'java/lang/NoSuchMethodError'{0x00000000ec7f8308}: 'java.lang.Object java.lang.invoke.DirectMethodHandle$Holder.invokeSpecial(java.lang.Object, java.lang.Object, java.lang.Object, java.lang.Object, java.lang.Object, java.lang.Object, java.lang.Object, java.lang.Object, java.lang.Object, java.lang.Object, java.lang.Object)'> (0x00000000ec7f8308) 
thrown [s\open\src\hotspot\share\interpreter\linkResolver.cpp, line 759]
Event: 1.170 Thread 0x0000026b4ffc7840 Exception <a 'java/lang/NoSuchMethodError'{0x00000000ec1e6920}: 'void java.lang.invoke.DirectMethodHandle$Holder.invokeStaticInit(java.lang.Object)'> (0x00000000ec1e6920) 
thrown [s\open\src\hotspot\share\interpreter\linkResolver.cpp, line 759]
Event: 1.176 Thread 0x0000026b4ffc7840 Exception <a 'java/lang/NoSuchMethodError'{0x00000000ec097400}: 'java.lang.Object java.lang.invoke.DirectMethodHandle$Holder.newInvokeSpecial(java.lang.Object, java.lang.Object, java.lang.Object, int)'> (0x00000000ec097400) 
thrown [s\open\src\hotspot\share\interpreter\linkResolver.cpp, line 759]
Event: 1.176 Thread 0x0000026b4ffc7840 Exception <a 'java/lang/NoSuchMethodError'{0x00000000ec09bd30}: 'java.lang.Object java.lang.invoke.DirectMethodHandle$Holder.invokeSpecial(java.lang.Object, java.lang.Object, java.lang.Object, java.lang.Object, int)'> (0x00000000ec09bd30) 
thrown [s\open\src\hotspot\share\interpreter\linkResolver.cpp, line 759]
Event: 1.177 Thread 0x0000026b4ffc7840 Exception <a 'java/lang/NoSuchMethodError'{0x00000000ec09fe48}: 'java.lang.Object java.lang.invoke.Invokers$Holder.linkToTargetMethod(java.lang.Object, java.lang.Object, int, java.lang.Object)'> (0x00000000ec09fe48) 
thrown [s\open\src\hotspot\share\interpreter\linkResolver.cpp, line 759]
Event: 1.237 Thread 0x0000026b4f9721f0 Exception <a 'java/lang/NoSuchMethodError'{0x00000000eb8b4480}: static Lorg/gradle/internal/build/event/types/DefaultOperationStartedProgressEvent;.<clinit>()V> (0x00000000eb8b4480) 
thrown [s\open\src\hotspot\share\prims\jni.cpp, line 1107]
Event: 1.237 Thread 0x0000026b4f9721f0 Exception <a 'java/lang/NoSuchMethodError'{0x00000000eb8b6548}: static Lorg/gradle/internal/build/event/types/AbstractProgressEvent;.<clinit>()V> (0x00000000eb8b6548) 
thrown [s\open\src\hotspot\share\prims\jni.cpp, line 1107]
Event: 1.238 Thread 0x0000026b4f9721f0 Exception <a 'java/lang/NoSuchMethodError'{0x00000000eb8bf5f8}: static Lorg/gradle/internal/build/event/types/DefaultOperationDescriptor;.<clinit>()V> (0x00000000eb8bf5f8) 
thrown [s\open\src\hotspot\share\prims\jni.cpp, line 1107]
Event: 1.239 Thread 0x0000026b4f9721f0 Exception <a 'java/lang/NoSuchMethodError'{0x00000000eb8d6078}: static Lorg/gradle/internal/operations/OperationIdentifier;.<clinit>()V> (0x00000000eb8d6078) 
thrown [s\open\src\hotspot\share\prims\jni.cpp, line 1107]
Event: 1.293 Thread 0x0000026b4ffc7840 Exception <a 'java/lang/NoSuchMethodError'{0x00000000eae03ab0}: 'int java.lang.invoke.DirectMethodHandle$Holder.invokeSpecialIFC(java.lang.Object, java.lang.Object, java.lang.Object, java.lang.Object)'> (0x00000000eae03ab0) 
thrown [s\open\src\hotspot\share\interpreter\linkResolver.cpp, line 759]
Event: 1.294 Thread 0x0000026b4ffc7840 Exception <a 'java/lang/NoSuchMethodError'{0x00000000eae12d30}: 'java.lang.Object java.lang.invoke.DirectMethodHandle$Holder.invokeInterface(java.lang.Object, java.lang.Object, java.lang.Object)'> (0x00000000eae12d30) 
thrown [s\open\src\hotspot\share\interpreter\linkResolver.cpp, line 759]
Event: 1.294 Thread 0x0000026b4ffc7840 Exception <a 'java/lang/IncompatibleClassChangeError'{0x00000000eae16bf0}: Found class java.lang.Object, but interface was expected> (0x00000000eae16bf0) 
thrown [s\open\src\hotspot\share\interpreter\linkResolver.cpp, line 826]
Event: 1.314 Thread 0x0000026b4ffc7840 Exception <a 'java/lang/NoSuchMethodError'{0x00000000eac7f300}: 'int java.lang.invoke.DirectMethodHandle$Holder.invokeStatic(java.lang.Object, java.lang.Object, java.lang.Object, java.lang.Object)'> (0x00000000eac7f300) 
thrown [s\open\src\hotspot\share\interpreter\linkResolver.cpp, line 759]
Event: 1.314 Thread 0x0000026b4ffc7840 Exception <a 'java/lang/NoSuchMethodError'{0x00000000eac82f28}: 'java.lang.Object java.lang.invoke.Invokers$Holder.invokeExact_MT(java.lang.Object, java.lang.Object, java.lang.Object, java.lang.Object, java.lang.Object, java.lang.Object)'> (0x00000000eac82f28) 
thrown [s\open\src\hotspot\share\interpreter\linkResolver.cpp, line 759]

VM Operations (20 events):
Event: 0.787 Executing VM operation: HandshakeAllThreads
Event: 0.787 Executing VM operation: HandshakeAllThreads done
Event: 0.841 Executing VM operation: HandshakeAllThreads
Event: 0.841 Executing VM operation: HandshakeAllThreads done
Event: 0.947 Executing VM operation: HandshakeAllThreads
Event: 0.947 Executing VM operation: HandshakeAllThreads done
Event: 0.964 Executing VM operation: HandshakeAllThreads
Event: 0.964 Executing VM operation: HandshakeAllThreads done
Event: 0.990 Executing VM operation: ICBufferFull
Event: 0.991 Executing VM operation: ICBufferFull done
Event: 1.205 Executing VM operation: HandshakeAllThreads
Event: 1.205 Executing VM operation: HandshakeAllThreads done
Event: 1.205 Executing VM operation: HandshakeAllThreads
Event: 1.205 Executing VM operation: HandshakeAllThreads done
Event: 1.218 Executing VM operation: HandshakeAllThreads
Event: 1.218 Executing VM operation: HandshakeAllThreads done
Event: 1.218 Executing VM operation: HandshakeAllThreads
Event: 1.218 Executing VM operation: HandshakeAllThreads done
Event: 1.307 Executing VM operation: ICBufferFull
Event: 1.307 Executing VM operation: ICBufferFull done

Events (20 events):
Event: 1.292 loading class java/util/concurrent/Semaphore
Event: 1.292 loading class java/util/concurrent/Semaphore done
Event: 1.293 loading class java/nio/file/FileVisitOption
Event: 1.293 loading class java/nio/file/FileVisitOption done
Event: 1.294 loading class java/util/stream/ReduceOps$1
Event: 1.294 loading class java/util/stream/ReduceOps$1 done
Event: 1.294 loading class java/util/stream/ReduceOps$1ReducingSink
Event: 1.294 loading class java/util/stream/ReduceOps$1ReducingSink done
Event: 1.310 loading class java/lang/ThreadLocal$SuppliedThreadLocal
Event: 1.310 loading class java/lang/ThreadLocal$SuppliedThreadLocal done
Event: 1.356 loading class javax/xml/parsers/ParserConfigurationException
Event: 1.356 loading class javax/xml/parsers/ParserConfigurationException done
Event: 1.356 loading class org/xml/sax/SAXException
Event: 1.357 loading class org/xml/sax/SAXException done
Event: 1.357 loading class javax/xml/xpath/XPathExpressionException
Event: 1.357 loading class javax/xml/xpath/XPathException
Event: 1.357 loading class javax/xml/xpath/XPathException done
Event: 1.357 loading class javax/xml/xpath/XPathExpressionException done
Event: 1.357 loading class org/xml/sax/ErrorHandler
Event: 1.357 loading class org/xml/sax/ErrorHandler done


Dynamic libraries:
0x00007ff7a1300000 - 0x00007ff7a1310000 	C:\Program Files\Java\jdk-17\bin\java.exe
0x00007ffda68f0000 - 0x00007ffda6b06000 	C:\WINDOWS\SYSTEM32\ntdll.dll
0x00007ffda5840000 - 0x00007ffda5904000 	C:\WINDOWS\System32\KERNEL32.DLL
0x00007ffda3f50000 - 0x00007ffda42f6000 	C:\WINDOWS\System32\KERNELBASE.dll
0x00007ffda3c30000 - 0x00007ffda3d41000 	C:\WINDOWS\System32\ucrtbase.dll
0x00007ffd91c70000 - 0x00007ffd91c8b000 	C:\Program Files\Java\jdk-17\bin\VCRUNTIME140.dll
0x00007ffd91570000 - 0x00007ffd91589000 	C:\Program Files\Java\jdk-17\bin\jli.dll
0x00007ffda5db0000 - 0x00007ffda5e62000 	C:\WINDOWS\System32\ADVAPI32.dll
0x00007ffda5690000 - 0x00007ffda5737000 	C:\WINDOWS\System32\msvcrt.dll
0x00007ffda6720000 - 0x00007ffda67c8000 	C:\WINDOWS\System32\sechost.dll
0x00007ffda4610000 - 0x00007ffda4638000 	C:\WINDOWS\System32\bcrypt.dll
0x00007ffda5e70000 - 0x00007ffda5f85000 	C:\WINDOWS\System32\RPCRT4.dll
0x00007ffda59d0000 - 0x00007ffda5b7d000 	C:\WINDOWS\System32\USER32.dll
0x00007ffda3dc0000 - 0x00007ffda3de6000 	C:\WINDOWS\System32\win32u.dll
0x00007ffda6010000 - 0x00007ffda6039000 	C:\WINDOWS\System32\GDI32.dll
0x00007ffda4380000 - 0x00007ffda4498000 	C:\WINDOWS\System32\gdi32full.dll
0x00007ffda3df0000 - 0x00007ffda3e8a000 	C:\WINDOWS\System32\msvcp_win.dll
0x00007ffd943c0000 - 0x00007ffd94653000 	C:\WINDOWS\WinSxS\amd64_microsoft.windows.common-controls_6595b64144ccf1df_6.0.22621.3235_none_270f74e173860f98\COMCTL32.dll
0x00007ffd9e1a0000 - 0x00007ffd9e1aa000 	C:\WINDOWS\SYSTEM32\VERSION.dll
0x00007ffda5650000 - 0x00007ffda5681000 	C:\WINDOWS\System32\IMM32.DLL
0x00007ffd9ed20000 - 0x00007ffd9ed2c000 	C:\Program Files\Java\jdk-17\bin\vcruntime140_1.dll
0x00007ffd86360000 - 0x00007ffd863ee000 	C:\Program Files\Java\jdk-17\bin\msvcp140.dll
0x00007ffd24b40000 - 0x00007ffd2571e000 	C:\Program Files\Java\jdk-17\bin\server\jvm.dll
0x00007ffda4890000 - 0x00007ffda4898000 	C:\WINDOWS\System32\PSAPI.DLL
0x00007ffd7cae0000 - 0x00007ffd7cae9000 	C:\WINDOWS\SYSTEM32\WSOCK32.dll
0x00007ffd94860000 - 0x00007ffd94894000 	C:\WINDOWS\SYSTEM32\WINMM.dll
0x00007ffda6550000 - 0x00007ffda65c1000 	C:\WINDOWS\System32\WS2_32.dll
0x00007ffda2d20000 - 0x00007ffda2d38000 	C:\WINDOWS\SYSTEM32\kernel.appcore.dll
0x00007ffd9eb90000 - 0x00007ffd9eb9a000 	C:\Program Files\Java\jdk-17\bin\jimage.dll
0x00007ffd9d740000 - 0x00007ffd9d973000 	C:\WINDOWS\SYSTEM32\DBGHELP.DLL
0x00007ffda4900000 - 0x00007ffda4c88000 	C:\WINDOWS\System32\combase.dll
0x00007ffda67d0000 - 0x00007ffda68a7000 	C:\WINDOWS\System32\OLEAUT32.dll
0x00007ffd9d630000 - 0x00007ffd9d662000 	C:\WINDOWS\SYSTEM32\dbgcore.DLL
0x00007ffda4300000 - 0x00007ffda437a000 	C:\WINDOWS\System32\bcryptPrimitives.dll
0x00007ffd9e8e0000 - 0x00007ffd9e8ee000 	C:\Program Files\Java\jdk-17\bin\instrument.dll
0x00007ffd87580000 - 0x00007ffd875a5000 	C:\Program Files\Java\jdk-17\bin\java.dll
0x00007ffd2ad00000 - 0x00007ffd2add7000 	C:\Program Files\Java\jdk-17\bin\jsvml.dll
0x00007ffda4df0000 - 0x00007ffda564c000 	C:\WINDOWS\System32\SHELL32.dll
0x00007ffda1b40000 - 0x00007ffda2438000 	C:\WINDOWS\SYSTEM32\windows.storage.dll
0x00007ffda1a00000 - 0x00007ffda1b3e000 	C:\WINDOWS\SYSTEM32\wintypes.dll
0x00007ffda5740000 - 0x00007ffda5833000 	C:\WINDOWS\System32\SHCORE.dll
0x00007ffda48a0000 - 0x00007ffda48fe000 	C:\WINDOWS\System32\shlwapi.dll
0x00007ffda3b60000 - 0x00007ffda3b86000 	C:\WINDOWS\SYSTEM32\profapi.dll
0x00007ffd91520000 - 0x00007ffd91538000 	C:\Program Files\Java\jdk-17\bin\zip.dll
0x00007ffd88820000 - 0x00007ffd88839000 	C:\Program Files\Java\jdk-17\bin\net.dll
0x00007ffd9f0d0000 - 0x00007ffd9f207000 	C:\WINDOWS\SYSTEM32\WINHTTP.dll
0x00007ffda31a0000 - 0x00007ffda3209000 	C:\WINDOWS\system32\mswsock.dll
0x00007ffd86280000 - 0x00007ffd86296000 	C:\Program Files\Java\jdk-17\bin\nio.dll
0x00007ffd9ce20000 - 0x00007ffd9ce30000 	C:\Program Files\Java\jdk-17\bin\verify.dll
0x00007ffd487b0000 - 0x00007ffd487d7000 	C:\Users\JMJ\.gradle\native\c067742578af261105cb4f569cf0c3c89f3d7b1fecec35dd04571415982c5e48\windows-amd64\native-platform.dll
0x00007ffd2abb0000 - 0x00007ffd2acf4000 	C:\Users\JMJ\.gradle\native\38dada09dfb8b06ba9b0570ebf7e218e3eb74d4ef43ca46872605cf95ebc2f47\windows-amd64\native-platform-file-events.dll
0x00007ffd871e0000 - 0x00007ffd871ea000 	C:\Program Files\Java\jdk-17\bin\management.dll
0x00007ffd86270000 - 0x00007ffd8627b000 	C:\Program Files\Java\jdk-17\bin\management_ext.dll
0x00007ffda33c0000 - 0x00007ffda33db000 	C:\WINDOWS\SYSTEM32\CRYPTSP.dll
0x00007ffda2c80000 - 0x00007ffda2cb5000 	C:\WINDOWS\system32\rsaenh.dll
0x00007ffda3260000 - 0x00007ffda328c000 	C:\WINDOWS\SYSTEM32\USERENV.dll
0x00007ffda33e0000 - 0x00007ffda33ec000 	C:\WINDOWS\SYSTEM32\CRYPTBASE.dll
0x00007ffda2700000 - 0x00007ffda272d000 	C:\WINDOWS\SYSTEM32\IPHLPAPI.DLL
0x00007ffda5910000 - 0x00007ffda5919000 	C:\WINDOWS\System32\NSI.dll
0x00007ffd9f050000 - 0x00007ffd9f069000 	C:\WINDOWS\SYSTEM32\dhcpcsvc6.DLL
0x00007ffd9f030000 - 0x00007ffd9f04f000 	C:\WINDOWS\SYSTEM32\dhcpcsvc.DLL
0x00007ffda2730000 - 0x00007ffda2829000 	C:\WINDOWS\SYSTEM32\DNSAPI.dll
0x00007ffd86260000 - 0x00007ffd8626e000 	C:\Program Files\Java\jdk-17\bin\sunmscapi.dll
0x00007ffda44a0000 - 0x00007ffda4606000 	C:\WINDOWS\System32\CRYPT32.dll
0x00007ffda35f0000 - 0x00007ffda361e000 	C:\WINDOWS\SYSTEM32\ncrypt.dll
0x00007ffda35b0000 - 0x00007ffda35e7000 	C:\WINDOWS\SYSTEM32\NTASN1.dll
0x00007ffd4ca80000 - 0x00007ffd4ca88000 	C:\WINDOWS\system32\wshunix.dll

dbghelp: loaded successfully - version: 4.0.5 - missing functions: none
symbol engine: initialized successfully - sym options: 0x614 - pdb path: .;C:\Program Files\Java\jdk-17\bin;C:\WINDOWS\SYSTEM32;C:\WINDOWS\WinSxS\amd64_microsoft.windows.common-controls_6595b64144ccf1df_6.0.22621.3235_none_270f74e173860f98;C:\Program Files\Java\jdk-17\bin\server;C:\Users\JMJ\.gradle\native\c067742578af261105cb4f569cf0c3c89f3d7b1fecec35dd04571415982c5e48\windows-amd64;C:\Users\JMJ\.gradle\native\38dada09dfb8b06ba9b0570ebf7e218e3eb74d4ef43ca46872605cf95ebc2f47\windows-amd64

VM Arguments:
jvm_args: --add-opens=java.base/java.util=ALL-UNNAMED --add-opens=java.base/java.lang=ALL-UNNAMED --add-opens=java.base/java.lang.invoke=ALL-UNNAMED --add-opens=java.prefs/java.util.prefs=ALL-UNNAMED --add-opens=java.base/java.nio.charset=ALL-UNNAMED --add-opens=java.base/java.net=ALL-UNNAMED --add-opens=java.base/java.util.concurrent.atomic=ALL-UNNAMED -XX:MaxMetaspaceSize=384m -XX:+HeapDumpOnOutOfMemoryError -Xms256m -Xmx512m -Dfile.encoding=x-windows-949 -Duser.country=KR -Duser.language=ko -Duser.variant -javaagent:C:\Users\JMJ\.gradle\wrapper\dists\gradle-8.5-bin\5t9huq95ubn472n8rpzujfbqh\gradle-8.5\lib\agents\gradle-instrumentation-agent-8.5.jar 
java_command: org.gradle.launcher.daemon.bootstrap.GradleDaemon 8.5
java_class_path (initial): C:\Users\JMJ\.gradle\wrapper\dists\gradle-8.5-bin\5t9huq95ubn472n8rpzujfbqh\gradle-8.5\lib\gradle-launcher-8.5.jar
Launcher Type: SUN_STANDARD

[Global flags]
     intx CICompilerCount                          = 12                                        {product} {ergonomic}
   size_t CompressedClassSpaceSize                 = 335544320                                 {product} {ergonomic}
     uint ConcGCThreads                            = 3                                         {product} {ergonomic}
     uint G1ConcRefinementThreads                  = 13                                        {product} {ergonomic}
   size_t G1HeapRegionSize                         = 1048576                                   {product} {ergonomic}
    uintx GCDrainStackTargetSize                   = 64                                        {product} {ergonomic}
     bool HeapDumpOnOutOfMemoryError               = true                                   {manageable} {command line}
   size_t InitialHeapSize                          = 268435456                                 {product} {command line}
   size_t MarkStackSize                            = 4194304                                   {product} {ergonomic}
   size_t MaxHeapSize                              = 536870912                                 {product} {command line}
   size_t MaxMetaspaceSize                         = 402653184                                 {product} {command line}
   size_t MaxNewSize                               = 321912832                                 {product} {ergonomic}
   size_t MinHeapDeltaBytes                        = 1048576                                   {product} {ergonomic}
   size_t MinHeapSize                              = 268435456                                 {product} {command line}
    uintx NonNMethodCodeHeapSize                   = 7602480                                {pd product} {ergonomic}
    uintx NonProfiledCodeHeapSize                  = 122027880                              {pd product} {ergonomic}
    uintx ProfiledCodeHeapSize                     = 122027880                              {pd product} {ergonomic}
    uintx ReservedCodeCacheSize                    = 251658240                              {pd product} {ergonomic}
     bool SegmentedCodeCache                       = true                                      {product} {ergonomic}
   size_t SoftMaxHeapSize                          = 536870912                              {manageable} {ergonomic}
     bool UseCompressedClassPointers               = true                           {product lp64_product} {ergonomic}
     bool UseCompressedOops                        = true                           {product lp64_product} {ergonomic}
     bool UseG1GC                                  = true                                      {product} {ergonomic}
     bool UseLargePagesIndividualAllocation        = false                                  {pd product} {ergonomic}

Logging:
Log output configuration:
 #0: stdout all=warning uptime,level,tags
 #1: stderr all=off uptime,level,tags

Environment Variables:
JAVA_HOME=C:\Program Files\Java\jdk-17
PATH=C:\Program Files\Common Files\Oracle\Java\javapath;C:\Windows\system32;C:\Windows;C:\Windows\System32\Wbem;C:\Windows\System32\WindowsPowerShell\v1.0\;C:\Windows\System32\OpenSSH\;C:\Program Files (x86)\NVIDIA Corporation\PhysX\Common;C:\Program Files\Common Files\Teruten\DSFilter;C:\WINDOWS\system32;C:\WINDOWS;C:\WINDOWS\System32\Wbem;C:\WINDOWS\System32\WindowsPowerShell\v1.0\;C:\WINDOWS\System32\OpenSSH\;C:\Program Files (x86)\PowerShell\7\;C:\ProgramData\chocolatey\bin;C:\Program Files\Git\cmd;C:\Program Files\Java\jdk-17\bin;C:\Program Files (x86)\PuTTY\;C:\Program Files\MySQL\MySQL Shell 8.0\bin\;C:\Users\JMJ\AppData\Local\Microsoft\WindowsApps;C:\Users\user\AppData\Local\afreeca;C:\Users\user\AppData\Local\Programs\Microsoft VS Code\bin;C:\Users\user\AppData\Local\Programs\Microsoft VS Code\bin;;C:\Program Files\JetBrains\IntelliJ IDEA Community Edition 2023.2.3\bin;
USERNAME=JMJ
OS=Windows_NT
PROCESSOR_IDENTIFIER=Intel64 Family 6 Model 151 Stepping 2, GenuineIntel



---------------  S Y S T E M  ---------------

OS:
 Windows 11 , 64 bit Build 22621 (10.0.22621.3235)
OS uptime: 0 days 22:47 hours
Hyper-V role detected

CPU: total 16 (initial active 16) (8 cores per cpu, 2 threads per core) family 6 model 151 stepping 2 microcode 0x15, cx8, cmov, fxsr, ht, mmx, 3dnowpref, sse, sse2, sse3, ssse3, sse4.1, sse4.2, popcnt, lzcnt, tsc, tscinvbit, avx, avx2, aes, erms, clmul, bmi1, bmi2, adx, sha, fma, vzeroupper, clflush, clflushopt, clwb, hv

Memory: 4k page, system-wide physical 32559M (11941M free)
TotalPageFile size 32559M (AvailPageFile size 2M)
current process WorkingSet (physical memory assigned to process): 239M, peak: 239M
current process commit charge ("private bytes"): 458M, peak: 458M

vm_info: Java HotSpot(TM) 64-Bit Server VM (17.0.8+9-LTS-211) for windows-amd64 JRE (17.0.8+9-LTS-211), built on Jun 14 2023 10:34:31 by "mach5one" with MS VC++ 17.1 (VS2022)

END.
