
  .   ____          _            __ _ _
 /\\ / ___'_ __ _ _(_)_ __  __ _ \ \ \ \
( ( )\___ | '_ | '_| | '_ \/ _` | \ \ \ \
 \\/  ___)| |_)| | | | | || (_| |  ) ) ) )
  '  |____| .__|_| |_|_| |_\__, | / / / /
 =========|_|==============|___/=/_/_/_/
 :: Spring Boot ::                (v3.1.0)

2024-03-08T23:16:08.476Z  INFO 2784 --- [           main] c.example.CODINAVI.CodinaviApplication   : Starting CodinaviApplication v0.0.1-SNAPSHOT using Java 17.0.10 with PID 2784 (/home/ec2-user/PracticeSpringBoot/build/libs/CODINAVI-0.0.1-SNAPSHOT.jar started by ec2-user in /home/ec2-user/PracticeSpringBoot)
2024-03-08T23:16:08.479Z  INFO 2784 --- [           main] c.example.CODINAVI.CodinaviApplication   : No active profile set, falling back to 1 default profile: "default"
2024-03-08T23:16:10.199Z  INFO 2784 --- [           main] .s.d.r.c.RepositoryConfigurationDelegate : Bootstrapping Spring Data JPA repositories in DEFAULT mode.
2024-03-08T23:16:10.249Z  INFO 2784 --- [           main] .s.d.r.c.RepositoryConfigurationDelegate : Finished Spring Data repository scanning in 27 ms. Found 0 JPA repository interfaces.
2024-03-08T23:16:11.668Z  INFO 2784 --- [           main] o.s.b.w.embedded.tomcat.TomcatWebServer  : Tomcat initialized with port(s): 8080 (http)
2024-03-08T23:16:11.737Z  INFO 2784 --- [           main] o.apache.catalina.core.StandardService   : Starting service [Tomcat]
2024-03-08T23:16:11.737Z  INFO 2784 --- [           main] o.apache.catalina.core.StandardEngine    : Starting Servlet engine: [Apache Tomcat/10.1.8]
2024-03-08T23:16:12.017Z  INFO 2784 --- [           main] o.a.c.c.C.[Tomcat].[localhost].[/]       : Initializing Spring embedded WebApplicationContext
2024-03-08T23:16:12.019Z  INFO 2784 --- [           main] w.s.c.ServletWebServerApplicationContext : Root WebApplicationContext: initialization completed in 3395 ms
2024-03-08T23:16:12.765Z  INFO 2784 --- [           main] com.zaxxer.hikari.HikariDataSource       : HikariPool-1 - Starting...
2024-03-08T23:16:13.157Z  INFO 2784 --- [           main] com.zaxxer.hikari.pool.HikariPool        : HikariPool-1 - Added connection conn0: url=jdbc:h2:mem:8729c810-5151-4310-9531-919ba2fc20d1 user=SA
2024-03-08T23:16:13.159Z  INFO 2784 --- [           main] com.zaxxer.hikari.HikariDataSource       : HikariPool-1 - Start completed.
2024-03-08T23:16:13.263Z  INFO 2784 --- [           main] o.hibernate.jpa.internal.util.LogHelper  : HHH000204: Processing PersistenceUnitInfo [name: default]
2024-03-08T23:16:13.392Z  INFO 2784 --- [           main] org.hibernate.Version                    : HHH000412: Hibernate ORM core version 6.2.2.Final
2024-03-08T23:16:13.394Z  INFO 2784 --- [           main] org.hibernate.cfg.Environment            : HHH000406: Using bytecode reflection optimizer
2024-03-08T23:16:13.698Z  INFO 2784 --- [           main] o.h.b.i.BytecodeProviderInitiator        : HHH000021: Bytecode provider name : bytebuddy
2024-03-08T23:16:14.054Z  INFO 2784 --- [           main] o.s.o.j.p.SpringPersistenceUnitInfo      : No LoadTimeWeaver setup: ignoring JPA class transformer
2024-03-08T23:16:14.163Z  INFO 2784 --- [           main] org.hibernate.orm.dialect                : HHH035001: Using dialect: org.hibernate.dialect.H2Dialect, version: 2.1.214
2024-03-08T23:16:14.544Z  INFO 2784 --- [           main] o.h.b.i.BytecodeProviderInitiator        : HHH000021: Bytecode provider name : bytebuddy
2024-03-08T23:16:15.344Z  INFO 2784 --- [           main] o.h.m.i.EntityInstantiatorPojoStandard   : HHH000182: No default (no-argument) constructor for class: com.example.CODINAVI.dto.Article (class must be instantiated by Interceptor)
2024-03-08T23:16:15.706Z  INFO 2784 --- [           main] o.h.e.t.j.p.i.JtaPlatformInitiator       : HHH000490: Using JtaPlatform implementation: [org.hibernate.engine.transaction.jta.platform.internal.NoJtaPlatform]
2024-03-08T23:16:15.785Z  INFO 2784 --- [           main] o.h.t.s.i.e.GenerationTargetToDatabase   : HHH000476: Executing script '[injected ScriptSourceInputNonExistentImpl script]'
2024-03-08T23:16:15.788Z  INFO 2784 --- [           main] j.LocalContainerEntityManagerFactoryBean : Initialized JPA EntityManagerFactory for persistence unit 'default'
2024-03-08T23:16:15.907Z  WARN 2784 --- [           main] JpaBaseConfiguration$JpaWebConfiguration : spring.jpa.open-in-view is enabled by default. Therefore, database queries may be performed during view rendering. Explicitly configure spring.jpa.open-in-view to disable this warning
2024-03-08T23:16:16.853Z  INFO 2784 --- [           main] o.s.b.w.embedded.tomcat.TomcatWebServer  : Tomcat started on port(s): 8080 (http) with context path ''
2024-03-08T23:16:16.918Z  INFO 2784 --- [           main] c.example.CODINAVI.CodinaviApplication   : Started CodinaviApplication in 9.456 seconds (process running for 10.63)
2024-03-08T23:16:21.088Z  INFO 2784 --- [nio-8080-exec-1] o.a.c.c.C.[Tomcat].[localhost].[/]       : Initializing Spring DispatcherServlet 'dispatcherServlet'
2024-03-08T23:16:21.088Z  INFO 2784 --- [nio-8080-exec-1] o.s.web.servlet.DispatcherServlet        : Initializing Servlet 'dispatcherServlet'
2024-03-08T23:16:21.092Z  INFO 2784 --- [nio-8080-exec-1] o.s.web.servlet.DispatcherServlet        : Completed initialization in 4 ms
2024-03-08T23:21:13.944Z  INFO 2784 --- [ionShutdownHook] j.LocalContainerEntityManagerFactoryBean : Closing JPA EntityManagerFactory for persistence unit 'default'
2024-03-08T23:21:13.945Z  INFO 2784 --- [ionShutdownHook] .SchemaDropperImpl$DelayedDropActionImpl : HHH000477: Starting delayed evictData of schema as part of SessionFactory shut-down'
2024-03-08T23:21:13.958Z  INFO 2784 --- [ionShutdownHook] com.zaxxer.hikari.HikariDataSource       : HikariPool-1 - Shutdown initiated...
2024-03-08T23:21:13.971Z  INFO 2784 --- [ionShutdownHook] com.zaxxer.hikari.HikariDataSource       : HikariPool-1 - Shutdown completed.

  .   ____          _            __ _ _
 /\\ / ___'_ __ _ _(_)_ __  __ _ \ \ \ \
( ( )\___ | '_ | '_| | '_ \/ _` | \ \ \ \
 \\/  ___)| |_)| | | | | || (_| |  ) ) ) )
  '  |____| .__|_| |_|_| |_\__, | / / / /
 =========|_|==============|___/=/_/_/_/
 :: Spring Boot ::                (v3.1.0)

2024-03-08T23:27:06.602Z  INFO 2346 --- [           main] c.example.CODINAVI.CodinaviApplication   : Starting CodinaviApplication v0.0.1-SNAPSHOT using Java 17.0.10 with PID 2346 (/home/ec2-user/PracticeSpringBoot/build/libs/CODINAVI-0.0.1-SNAPSHOT.jar started by ec2-user in /home/ec2-user/PracticeSpringBoot)
2024-03-08T23:27:06.605Z  INFO 2346 --- [           main] c.example.CODINAVI.CodinaviApplication   : No active profile set, falling back to 1 default profile: "default"
2024-03-08T23:27:08.580Z  INFO 2346 --- [           main] .s.d.r.c.RepositoryConfigurationDelegate : Bootstrapping Spring Data JPA repositories in DEFAULT mode.
2024-03-08T23:27:08.636Z  INFO 2346 --- [           main] .s.d.r.c.RepositoryConfigurationDelegate : Finished Spring Data repository scanning in 32 ms. Found 0 JPA repository interfaces.
2024-03-08T23:27:10.303Z  INFO 2346 --- [           main] o.s.b.w.embedded.tomcat.TomcatWebServer  : Tomcat initialized with port(s): 8080 (http)
2024-03-08T23:27:10.367Z  INFO 2346 --- [           main] o.apache.catalina.core.StandardService   : Starting service [Tomcat]
2024-03-08T23:27:10.368Z  INFO 2346 --- [           main] o.apache.catalina.core.StandardEngine    : Starting Servlet engine: [Apache Tomcat/10.1.8]
2024-03-08T23:27:10.671Z  INFO 2346 --- [           main] o.a.c.c.C.[Tomcat].[localhost].[/]       : Initializing Spring embedded WebApplicationContext
2024-03-08T23:27:10.673Z  INFO 2346 --- [           main] w.s.c.ServletWebServerApplicationContext : Root WebApplicationContext: initialization completed in 3910 ms
2024-03-08T23:27:11.618Z  INFO 2346 --- [           main] com.zaxxer.hikari.HikariDataSource       : HikariPool-1 - Starting...
2024-03-08T23:27:12.112Z  INFO 2346 --- [           main] com.zaxxer.hikari.pool.HikariPool        : HikariPool-1 - Added connection conn0: url=jdbc:h2:mem:fb5db93f-8e33-4e4b-b2df-6f9152d3797f user=SA
2024-03-08T23:27:12.117Z  INFO 2346 --- [           main] com.zaxxer.hikari.HikariDataSource       : HikariPool-1 - Start completed.
2024-03-08T23:27:12.241Z  INFO 2346 --- [           main] o.hibernate.jpa.internal.util.LogHelper  : HHH000204: Processing PersistenceUnitInfo [name: default]
2024-03-08T23:27:12.415Z  INFO 2346 --- [           main] org.hibernate.Version                    : HHH000412: Hibernate ORM core version 6.2.2.Final
2024-03-08T23:27:12.417Z  INFO 2346 --- [           main] org.hibernate.cfg.Environment            : HHH000406: Using bytecode reflection optimizer
2024-03-08T23:27:12.811Z  INFO 2346 --- [           main] o.h.b.i.BytecodeProviderInitiator        : HHH000021: Bytecode provider name : bytebuddy
2024-03-08T23:27:13.244Z  INFO 2346 --- [           main] o.s.o.j.p.SpringPersistenceUnitInfo      : No LoadTimeWeaver setup: ignoring JPA class transformer
2024-03-08T23:27:13.350Z  INFO 2346 --- [           main] org.hibernate.orm.dialect                : HHH035001: Using dialect: org.hibernate.dialect.H2Dialect, version: 2.1.214
2024-03-08T23:27:13.761Z  INFO 2346 --- [           main] o.h.b.i.BytecodeProviderInitiator        : HHH000021: Bytecode provider name : bytebuddy
2024-03-08T23:27:14.590Z  INFO 2346 --- [           main] o.h.m.i.EntityInstantiatorPojoStandard   : HHH000182: No default (no-argument) constructor for class: com.example.CODINAVI.dto.Article (class must be instantiated by Interceptor)
2024-03-08T23:27:14.959Z  INFO 2346 --- [           main] o.h.e.t.j.p.i.JtaPlatformInitiator       : HHH000490: Using JtaPlatform implementation: [org.hibernate.engine.transaction.jta.platform.internal.NoJtaPlatform]
2024-03-08T23:27:15.055Z  INFO 2346 --- [           main] o.h.t.s.i.e.GenerationTargetToDatabase   : HHH000476: Executing script '[injected ScriptSourceInputNonExistentImpl script]'
2024-03-08T23:27:15.059Z  INFO 2346 --- [           main] j.LocalContainerEntityManagerFactoryBean : Initialized JPA EntityManagerFactory for persistence unit 'default'
2024-03-08T23:27:15.178Z  WARN 2346 --- [           main] JpaBaseConfiguration$JpaWebConfiguration : spring.jpa.open-in-view is enabled by default. Therefore, database queries may be performed during view rendering. Explicitly configure spring.jpa.open-in-view to disable this warning
2024-03-08T23:27:16.186Z  INFO 2346 --- [           main] o.s.b.w.embedded.tomcat.TomcatWebServer  : Tomcat started on port(s): 8080 (http) with context path ''
2024-03-08T23:27:16.242Z  INFO 2346 --- [           main] c.example.CODINAVI.CodinaviApplication   : Started CodinaviApplication in 10.863 seconds (process running for 12.481)
2024-03-08T23:27:25.181Z  INFO 2346 --- [nio-8080-exec-1] o.a.c.c.C.[Tomcat].[localhost].[/]       : Initializing Spring DispatcherServlet 'dispatcherServlet'
2024-03-08T23:27:25.182Z  INFO 2346 --- [nio-8080-exec-1] o.s.web.servlet.DispatcherServlet        : Initializing Servlet 'dispatcherServlet'
2024-03-08T23:27:25.183Z  INFO 2346 --- [nio-8080-exec-1] o.s.web.servlet.DispatcherServlet        : Completed initialization in 1 ms
2024-03-08T23:36:51.364Z  INFO 2346 --- [io-8080-exec-10] o.apache.coyote.http11.Http11Processor   : Error parsing HTTP request header
 Note: further occurrences of HTTP request parsing errors will be logged at DEBUG level.

java.lang.IllegalArgumentException: Invalid character found in method name [0x160x030x010x000xee0x010x000x000xea0x030x030xef0xb30x070xd30xea0x080x930xaa0xd10F0x880xb20x180xe80xca0xf70x89mD0xa9n0xa2h0xff0xe24P0xdf0xf3/0xed ]. HTTP method names must be tokens
	at org.apache.coyote.http11.Http11InputBuffer.parseRequestLine(Http11InputBuffer.java:407) ~[tomcat-embed-core-10.1.8.jar!/:na]
	at org.apache.coyote.http11.Http11Processor.service(Http11Processor.java:263) ~[tomcat-embed-core-10.1.8.jar!/:na]
	at org.apache.coyote.AbstractProcessorLight.process(AbstractProcessorLight.java:63) ~[tomcat-embed-core-10.1.8.jar!/:na]
	at org.apache.coyote.AbstractProtocol$ConnectionHandler.process(AbstractProtocol.java:894) ~[tomcat-embed-core-10.1.8.jar!/:na]
	at org.apache.tomcat.util.net.NioEndpoint$SocketProcessor.doRun(NioEndpoint.java:1741) ~[tomcat-embed-core-10.1.8.jar!/:na]
	at org.apache.tomcat.util.net.SocketProcessorBase.run(SocketProcessorBase.java:52) ~[tomcat-embed-core-10.1.8.jar!/:na]
	at org.apache.tomcat.util.threads.ThreadPoolExecutor.runWorker(ThreadPoolExecutor.java:1191) ~[tomcat-embed-core-10.1.8.jar!/:na]
	at org.apache.tomcat.util.threads.ThreadPoolExecutor$Worker.run(ThreadPoolExecutor.java:659) ~[tomcat-embed-core-10.1.8.jar!/:na]
	at org.apache.tomcat.util.threads.TaskThread$WrappingRunnable.run(TaskThread.java:61) ~[tomcat-embed-core-10.1.8.jar!/:na]
	at java.base/java.lang.Thread.run(Thread.java:840) ~[na:na]

2024-03-09T11:03:37.895Z  INFO 2346 --- [ionShutdownHook] j.LocalContainerEntityManagerFactoryBean : Closing JPA EntityManagerFactory for persistence unit 'default'
2024-03-09T11:03:37.895Z  INFO 2346 --- [ionShutdownHook] .SchemaDropperImpl$DelayedDropActionImpl : HHH000477: Starting delayed evictData of schema as part of SessionFactory shut-down'
2024-03-09T11:03:37.913Z  INFO 2346 --- [ionShutdownHook] com.zaxxer.hikari.HikariDataSource       : HikariPool-1 - Shutdown initiated...
2024-03-09T11:03:37.938Z  INFO 2346 --- [ionShutdownHook] com.zaxxer.hikari.HikariDataSource       : HikariPool-1 - Shutdown completed.

  .   ____          _            __ _ _
 /\\ / ___'_ __ _ _(_)_ __  __ _ \ \ \ \
( ( )\___ | '_ | '_| | '_ \/ _` | \ \ \ \
 \\/  ___)| |_)| | | | | || (_| |  ) ) ) )
  '  |____| .__|_| |_|_| |_\__, | / / / /
 =========|_|==============|___/=/_/_/_/
 :: Spring Boot ::                (v3.1.0)

2024-03-18T15:47:13.416Z  INFO 230247 --- [           main] c.example.CODINAVI.CodinaviApplication   : Starting CodinaviApplication v0.0.1-SNAPSHOT using Java 17.0.10 with PID 230247 (/home/ec2-user/PracticeSpringBoot/build/libs/CODINAVI-0.0.1-SNAPSHOT.jar started by ec2-user in /home/ec2-user/PracticeSpringBoot)
2024-03-18T15:47:13.438Z  INFO 230247 --- [           main] c.example.CODINAVI.CodinaviApplication   : No active profile set, falling back to 1 default profile: "default"
2024-03-18T15:47:15.207Z  INFO 230247 --- [           main] .s.d.r.c.RepositoryConfigurationDelegate : Bootstrapping Spring Data JPA repositories in DEFAULT mode.
2024-03-18T15:47:15.251Z  INFO 230247 --- [           main] .s.d.r.c.RepositoryConfigurationDelegate : Finished Spring Data repository scanning in 23 ms. Found 0 JPA repository interfaces.
2024-03-18T15:47:16.712Z  INFO 230247 --- [           main] o.s.b.w.embedded.tomcat.TomcatWebServer  : Tomcat initialized with port(s): 8080 (http)
2024-03-18T15:47:16.785Z  INFO 230247 --- [           main] o.apache.catalina.core.StandardService   : Starting service [Tomcat]
2024-03-18T15:47:16.785Z  INFO 230247 --- [           main] o.apache.catalina.core.StandardEngine    : Starting Servlet engine: [Apache Tomcat/10.1.8]
2024-03-18T15:47:17.073Z  INFO 230247 --- [           main] o.a.c.c.C.[Tomcat].[localhost].[/]       : Initializing Spring embedded WebApplicationContext
2024-03-18T15:47:17.090Z  INFO 230247 --- [           main] w.s.c.ServletWebServerApplicationContext : Root WebApplicationContext: initialization completed in 3501 ms
2024-03-18T15:47:17.843Z  INFO 230247 --- [           main] com.zaxxer.hikari.HikariDataSource       : HikariPool-1 - Starting...
2024-03-18T15:47:18.266Z  INFO 230247 --- [           main] com.zaxxer.hikari.pool.HikariPool        : HikariPool-1 - Added connection conn0: url=jdbc:h2:mem:5fd783d1-1eff-4781-bf24-8ad0043fa8a4 user=SA
2024-03-18T15:47:18.268Z  INFO 230247 --- [           main] com.zaxxer.hikari.HikariDataSource       : HikariPool-1 - Start completed.
2024-03-18T15:47:18.365Z  INFO 230247 --- [           main] o.hibernate.jpa.internal.util.LogHelper  : HHH000204: Processing PersistenceUnitInfo [name: default]
2024-03-18T15:47:18.489Z  INFO 230247 --- [           main] org.hibernate.Version                    : HHH000412: Hibernate ORM core version 6.2.2.Final
2024-03-18T15:47:18.498Z  INFO 230247 --- [           main] org.hibernate.cfg.Environment            : HHH000406: Using bytecode reflection optimizer
2024-03-18T15:47:18.805Z  INFO 230247 --- [           main] o.h.b.i.BytecodeProviderInitiator        : HHH000021: Bytecode provider name : bytebuddy
2024-03-18T15:47:19.150Z  INFO 230247 --- [           main] o.s.o.j.p.SpringPersistenceUnitInfo      : No LoadTimeWeaver setup: ignoring JPA class transformer
2024-03-18T15:47:19.248Z  INFO 230247 --- [           main] org.hibernate.orm.dialect                : HHH035001: Using dialect: org.hibernate.dialect.H2Dialect, version: 2.1.214
2024-03-18T15:47:19.438Z  INFO 230247 --- [           main] o.h.b.i.BytecodeProviderInitiator        : HHH000021: Bytecode provider name : bytebuddy
2024-03-18T15:47:19.819Z  INFO 230247 --- [           main] o.h.e.t.j.p.i.JtaPlatformInitiator       : HHH000490: Using JtaPlatform implementation: [org.hibernate.engine.transaction.jta.platform.internal.NoJtaPlatform]
2024-03-18T15:47:19.832Z  INFO 230247 --- [           main] j.LocalContainerEntityManagerFactoryBean : Initialized JPA EntityManagerFactory for persistence unit 'default'
2024-03-18T15:47:19.943Z  WARN 230247 --- [           main] JpaBaseConfiguration$JpaWebConfiguration : spring.jpa.open-in-view is enabled by default. Therefore, database queries may be performed during view rendering. Explicitly configure spring.jpa.open-in-view to disable this warning
2024-03-18T15:47:20.545Z  WARN 230247 --- [           main] o.s.b.a.m.MustacheAutoConfiguration      : Cannot find template location: classpath:/templates/ (please add some templates, check your Mustache configuration, or set spring.mustache.check-template-location=false)
2024-03-18T15:47:20.628Z  WARN 230247 --- [           main] ion$DefaultTemplateResolverConfiguration : Cannot find template location: classpath:/templates/ (please add some templates, check your Thymeleaf configuration, or set spring.thymeleaf.check-template-location=false)
2024-03-18T15:47:20.901Z  INFO 230247 --- [           main] o.s.b.w.embedded.tomcat.TomcatWebServer  : Tomcat started on port(s): 8080 (http) with context path ''
2024-03-18T15:47:20.948Z  INFO 230247 --- [           main] c.example.CODINAVI.CodinaviApplication   : Started CodinaviApplication in 8.658 seconds (process running for 9.924)

  .   ____          _            __ _ _
 /\\ / ___'_ __ _ _(_)_ __  __ _ \ \ \ \
( ( )\___ | '_ | '_| | '_ \/ _` | \ \ \ \
 \\/  ___)| |_)| | | | | || (_| |  ) ) ) )
  '  |____| .__|_| |_|_| |_\__, | / / / /
 =========|_|==============|___/=/_/_/_/
 :: Spring Boot ::                (v3.1.0)

2024-03-18T15:47:45.264Z  INFO 230324 --- [           main] c.example.CODINAVI.CodinaviApplication   : Starting CodinaviApplication v0.0.1-SNAPSHOT using Java 17.0.10 with PID 230324 (/home/ec2-user/PracticeSpringBoot/build/libs/CODINAVI-0.0.1-SNAPSHOT.jar started by ec2-user in /home/ec2-user/PracticeSpringBoot)
2024-03-18T15:47:45.278Z  INFO 230324 --- [           main] c.example.CODINAVI.CodinaviApplication   : No active profile set, falling back to 1 default profile: "default"
2024-03-18T15:47:47.090Z  INFO 230324 --- [           main] .s.d.r.c.RepositoryConfigurationDelegate : Bootstrapping Spring Data JPA repositories in DEFAULT mode.
2024-03-18T15:47:47.120Z  INFO 230324 --- [           main] .s.d.r.c.RepositoryConfigurationDelegate : Finished Spring Data repository scanning in 15 ms. Found 0 JPA repository interfaces.
2024-03-18T15:47:48.534Z  INFO 230324 --- [           main] o.s.b.w.embedded.tomcat.TomcatWebServer  : Tomcat initialized with port(s): 8080 (http)
2024-03-18T15:47:48.612Z  INFO 230324 --- [           main] o.apache.catalina.core.StandardService   : Starting service [Tomcat]
2024-03-18T15:47:48.613Z  INFO 230324 --- [           main] o.apache.catalina.core.StandardEngine    : Starting Servlet engine: [Apache Tomcat/10.1.8]
2024-03-18T15:47:48.894Z  INFO 230324 --- [           main] o.a.c.c.C.[Tomcat].[localhost].[/]       : Initializing Spring embedded WebApplicationContext
2024-03-18T15:47:48.896Z  INFO 230324 --- [           main] w.s.c.ServletWebServerApplicationContext : Root WebApplicationContext: initialization completed in 3492 ms
2024-03-18T15:47:49.726Z  INFO 230324 --- [           main] com.zaxxer.hikari.HikariDataSource       : HikariPool-1 - Starting...
2024-03-18T15:47:50.132Z  INFO 230324 --- [           main] com.zaxxer.hikari.pool.HikariPool        : HikariPool-1 - Added connection conn0: url=jdbc:h2:mem:0cf40f8e-6c08-4db3-aafb-a55363757161 user=SA
2024-03-18T15:47:50.134Z  INFO 230324 --- [           main] com.zaxxer.hikari.HikariDataSource       : HikariPool-1 - Start completed.
2024-03-18T15:47:50.258Z  INFO 230324 --- [           main] o.hibernate.jpa.internal.util.LogHelper  : HHH000204: Processing PersistenceUnitInfo [name: default]
2024-03-18T15:47:50.391Z  INFO 230324 --- [           main] org.hibernate.Version                    : HHH000412: Hibernate ORM core version 6.2.2.Final
2024-03-18T15:47:50.398Z  INFO 230324 --- [           main] org.hibernate.cfg.Environment            : HHH000406: Using bytecode reflection optimizer
2024-03-18T15:47:50.726Z  INFO 230324 --- [           main] o.h.b.i.BytecodeProviderInitiator        : HHH000021: Bytecode provider name : bytebuddy
2024-03-18T15:47:51.124Z  INFO 230324 --- [           main] o.s.o.j.p.SpringPersistenceUnitInfo      : No LoadTimeWeaver setup: ignoring JPA class transformer
2024-03-18T15:47:51.229Z  INFO 230324 --- [           main] org.hibernate.orm.dialect                : HHH035001: Using dialect: org.hibernate.dialect.H2Dialect, version: 2.1.214
2024-03-18T15:47:51.389Z  INFO 230324 --- [           main] o.h.b.i.BytecodeProviderInitiator        : HHH000021: Bytecode provider name : bytebuddy
2024-03-18T15:47:51.777Z  INFO 230324 --- [           main] o.h.e.t.j.p.i.JtaPlatformInitiator       : HHH000490: Using JtaPlatform implementation: [org.hibernate.engine.transaction.jta.platform.internal.NoJtaPlatform]
2024-03-18T15:47:51.791Z  INFO 230324 --- [           main] j.LocalContainerEntityManagerFactoryBean : Initialized JPA EntityManagerFactory for persistence unit 'default'
2024-03-18T15:47:51.918Z  WARN 230324 --- [           main] JpaBaseConfiguration$JpaWebConfiguration : spring.jpa.open-in-view is enabled by default. Therefore, database queries may be performed during view rendering. Explicitly configure spring.jpa.open-in-view to disable this warning
2024-03-18T15:47:52.528Z  WARN 230324 --- [           main] o.s.b.a.m.MustacheAutoConfiguration      : Cannot find template location: classpath:/templates/ (please add some templates, check your Mustache configuration, or set spring.mustache.check-template-location=false)
2024-03-18T15:47:52.605Z  WARN 230324 --- [           main] ion$DefaultTemplateResolverConfiguration : Cannot find template location: classpath:/templates/ (please add some templates, check your Thymeleaf configuration, or set spring.thymeleaf.check-template-location=false)
2024-03-18T15:47:52.848Z  WARN 230324 --- [           main] ConfigServletWebServerApplicationContext : Exception encountered during context initialization - cancelling refresh attempt: org.springframework.context.ApplicationContextException: Failed to start bean 'webServerStartStop'
2024-03-18T15:47:52.851Z  INFO 230324 --- [           main] j.LocalContainerEntityManagerFactoryBean : Closing JPA EntityManagerFactory for persistence unit 'default'
2024-03-18T15:47:52.854Z  INFO 230324 --- [           main] com.zaxxer.hikari.HikariDataSource       : HikariPool-1 - Shutdown initiated...
2024-03-18T15:47:52.865Z  INFO 230324 --- [           main] com.zaxxer.hikari.HikariDataSource       : HikariPool-1 - Shutdown completed.
2024-03-18T15:47:52.871Z  INFO 230324 --- [           main] o.apache.catalina.core.StandardService   : Stopping service [Tomcat]
2024-03-18T15:47:52.903Z  INFO 230324 --- [           main] .s.b.a.l.ConditionEvaluationReportLogger : 

Error starting ApplicationContext. To display the condition evaluation report re-run your application with 'debug' enabled.
2024-03-18T15:47:52.948Z ERROR 230324 --- [           main] o.s.b.d.LoggingFailureAnalysisReporter   : 

***************************
APPLICATION FAILED TO START
***************************

Description:

Web server failed to start. Port 8080 was already in use.

Action:

Identify and stop the process that's listening on port 8080 or configure this application to listen on another port.

Error: Unable to access jarfile ./build/libs/CODINAVI-0.0.1-SNAPSHOT
Error: Unable to access jarfile ./build/libs/CODINAVI-0.0.1-SNAPSHOT
Error: Unable to access jarfile ./build/libs/CODINAVI-0.0.1-SNAPSHOT

  .   ____          _            __ _ _
 /\\ / ___'_ __ _ _(_)_ __  __ _ \ \ \ \
( ( )\___ | '_ | '_| | '_ \/ _` | \ \ \ \
 \\/  ___)| |_)| | | | | || (_| |  ) ) ) )
  '  |____| .__|_| |_|_| |_\__, | / / / /
 =========|_|==============|___/=/_/_/_/
 :: Spring Boot ::                (v3.1.0)

2024-04-06T16:41:46.544Z  INFO 4150 --- [           main] c.example.CODINAVI.CodinaviApplication   : Starting CodinaviApplication v0.0.1-SNAPSHOT using Java 17.0.10 with PID 4150 (/home/ec2-user/PracticeSpringBoot/build/libs/CODINAVI-0.0.1-SNAPSHOT.jar started by ec2-user in /home/ec2-user/PracticeSpringBoot)
2024-04-06T16:41:46.551Z  INFO 4150 --- [           main] c.example.CODINAVI.CodinaviApplication   : No active profile set, falling back to 1 default profile: "default"
2024-04-06T16:41:48.428Z  INFO 4150 --- [           main] .s.d.r.c.RepositoryConfigurationDelegate : Bootstrapping Spring Data JPA repositories in DEFAULT mode.
2024-04-06T16:41:48.478Z  INFO 4150 --- [           main] .s.d.r.c.RepositoryConfigurationDelegate : Finished Spring Data repository scanning in 24 ms. Found 0 JPA repository interfaces.
2024-04-06T16:41:50.081Z  INFO 4150 --- [           main] o.s.b.w.embedded.tomcat.TomcatWebServer  : Tomcat initialized with port(s): 8080 (http)
2024-04-06T16:41:50.161Z  INFO 4150 --- [           main] o.apache.catalina.core.StandardService   : Starting service [Tomcat]
2024-04-06T16:41:50.162Z  INFO 4150 --- [           main] o.apache.catalina.core.StandardEngine    : Starting Servlet engine: [Apache Tomcat/10.1.8]
2024-04-06T16:41:50.505Z  INFO 4150 --- [           main] o.a.c.c.C.[Tomcat].[localhost].[/]       : Initializing Spring embedded WebApplicationContext
2024-04-06T16:41:50.508Z  INFO 4150 --- [           main] w.s.c.ServletWebServerApplicationContext : Root WebApplicationContext: initialization completed in 3819 ms
2024-04-06T16:41:51.481Z  INFO 4150 --- [           main] com.zaxxer.hikari.HikariDataSource       : HikariPool-1 - Starting...
2024-04-06T16:41:51.989Z  INFO 4150 --- [           main] com.zaxxer.hikari.pool.HikariPool        : HikariPool-1 - Added connection conn0: url=jdbc:h2:mem:c77fcfd4-b770-43e5-a862-b69ba89e7314 user=SA
2024-04-06T16:41:51.992Z  INFO 4150 --- [           main] com.zaxxer.hikari.HikariDataSource       : HikariPool-1 - Start completed.
2024-04-06T16:41:52.119Z  INFO 4150 --- [           main] o.hibernate.jpa.internal.util.LogHelper  : HHH000204: Processing PersistenceUnitInfo [name: default]
2024-04-06T16:41:52.300Z  INFO 4150 --- [           main] org.hibernate.Version                    : HHH000412: Hibernate ORM core version 6.2.2.Final
2024-04-06T16:41:52.311Z  INFO 4150 --- [           main] org.hibernate.cfg.Environment            : HHH000406: Using bytecode reflection optimizer
2024-04-06T16:41:52.676Z  INFO 4150 --- [           main] o.h.b.i.BytecodeProviderInitiator        : HHH000021: Bytecode provider name : bytebuddy
2024-04-06T16:41:53.110Z  INFO 4150 --- [           main] o.s.o.j.p.SpringPersistenceUnitInfo      : No LoadTimeWeaver setup: ignoring JPA class transformer
2024-04-06T16:41:53.218Z  INFO 4150 --- [           main] org.hibernate.orm.dialect                : HHH035001: Using dialect: org.hibernate.dialect.H2Dialect, version: 2.1.214
2024-04-06T16:41:53.438Z  INFO 4150 --- [           main] o.h.b.i.BytecodeProviderInitiator        : HHH000021: Bytecode provider name : bytebuddy
2024-04-06T16:41:53.892Z  INFO 4150 --- [           main] o.h.e.t.j.p.i.JtaPlatformInitiator       : HHH000490: Using JtaPlatform implementation: [org.hibernate.engine.transaction.jta.platform.internal.NoJtaPlatform]
2024-04-06T16:41:53.903Z  INFO 4150 --- [           main] j.LocalContainerEntityManagerFactoryBean : Initialized JPA EntityManagerFactory for persistence unit 'default'
2024-04-06T16:41:54.021Z  WARN 4150 --- [           main] JpaBaseConfiguration$JpaWebConfiguration : spring.jpa.open-in-view is enabled by default. Therefore, database queries may be performed during view rendering. Explicitly configure spring.jpa.open-in-view to disable this warning
2024-04-06T16:41:54.658Z  WARN 4150 --- [           main] o.s.b.a.m.MustacheAutoConfiguration      : Cannot find template location: classpath:/templates/ (please add some templates, check your Mustache configuration, or set spring.mustache.check-template-location=false)
2024-04-06T16:41:54.743Z  WARN 4150 --- [           main] ion$DefaultTemplateResolverConfiguration : Cannot find template location: classpath:/templates/ (please add some templates, check your Thymeleaf configuration, or set spring.thymeleaf.check-template-location=false)
2024-04-06T16:41:55.034Z  INFO 4150 --- [           main] o.s.b.w.embedded.tomcat.TomcatWebServer  : Tomcat started on port(s): 8080 (http) with context path ''
2024-04-06T16:41:55.094Z  INFO 4150 --- [           main] c.example.CODINAVI.CodinaviApplication   : Started CodinaviApplication in 9.629 seconds (process running for 11.291)
2024-04-06T16:42:16.542Z  INFO 4150 --- [nio-8080-exec-1] o.a.c.c.C.[Tomcat].[localhost].[/]       : Initializing Spring DispatcherServlet 'dispatcherServlet'
2024-04-06T16:42:16.543Z  INFO 4150 --- [nio-8080-exec-1] o.s.web.servlet.DispatcherServlet        : Initializing Servlet 'dispatcherServlet'
2024-04-06T16:42:16.545Z  INFO 4150 --- [nio-8080-exec-1] o.s.web.servlet.DispatcherServlet        : Completed initialization in 1 ms
2024-04-06T16:59:29.019Z  INFO 4150 --- [ionShutdownHook] j.LocalContainerEntityManagerFactoryBean : Closing JPA EntityManagerFactory for persistence unit 'default'
2024-04-06T16:59:29.022Z  INFO 4150 --- [ionShutdownHook] com.zaxxer.hikari.HikariDataSource       : HikariPool-1 - Shutdown initiated...
2024-04-06T16:59:29.053Z  INFO 4150 --- [ionShutdownHook] com.zaxxer.hikari.HikariDataSource       : HikariPool-1 - Shutdown completed.

  .   ____          _            __ _ _
 /\\ / ___'_ __ _ _(_)_ __  __ _ \ \ \ \
( ( )\___ | '_ | '_| | '_ \/ _` | \ \ \ \
 \\/  ___)| |_)| | | | | || (_| |  ) ) ) )
  '  |____| .__|_| |_|_| |_\__, | / / / /
 =========|_|==============|___/=/_/_/_/
 :: Spring Boot ::                (v3.1.0)

2024-04-08T05:23:07.850Z  INFO 2714 --- [           main] c.example.CODINAVI.CodinaviApplication   : Starting CodinaviApplication v0.0.1-SNAPSHOT using Java 17.0.10 with PID 2714 (/home/ec2-user/PracticeSpringBoot/build/libs/CODINAVI-0.0.1-SNAPSHOT.jar started by ec2-user in /home/ec2-user/PracticeSpringBoot)
2024-04-08T05:23:07.859Z  INFO 2714 --- [           main] c.example.CODINAVI.CodinaviApplication   : No active profile set, falling back to 1 default profile: "default"
2024-04-08T05:23:09.643Z  INFO 2714 --- [           main] .s.d.r.c.RepositoryConfigurationDelegate : Bootstrapping Spring Data JPA repositories in DEFAULT mode.
2024-04-08T05:23:09.693Z  INFO 2714 --- [           main] .s.d.r.c.RepositoryConfigurationDelegate : Finished Spring Data repository scanning in 28 ms. Found 0 JPA repository interfaces.
2024-04-08T05:23:11.159Z  INFO 2714 --- [           main] o.s.b.w.embedded.tomcat.TomcatWebServer  : Tomcat initialized with port(s): 8080 (http)
2024-04-08T05:23:11.225Z  INFO 2714 --- [           main] o.apache.catalina.core.StandardService   : Starting service [Tomcat]
2024-04-08T05:23:11.227Z  INFO 2714 --- [           main] o.apache.catalina.core.StandardEngine    : Starting Servlet engine: [Apache Tomcat/10.1.8]
2024-04-08T05:23:11.530Z  INFO 2714 --- [           main] o.a.c.c.C.[Tomcat].[localhost].[/]       : Initializing Spring embedded WebApplicationContext
2024-04-08T05:23:11.533Z  INFO 2714 --- [           main] w.s.c.ServletWebServerApplicationContext : Root WebApplicationContext: initialization completed in 3540 ms
2024-04-08T05:23:12.397Z  INFO 2714 --- [           main] com.zaxxer.hikari.HikariDataSource       : HikariPool-1 - Starting...
2024-04-08T05:23:12.842Z  INFO 2714 --- [           main] com.zaxxer.hikari.pool.HikariPool        : HikariPool-1 - Added connection conn0: url=jdbc:h2:mem:940529df-d77f-4217-b5fa-b5d24b2972ee user=SA
2024-04-08T05:23:12.845Z  INFO 2714 --- [           main] com.zaxxer.hikari.HikariDataSource       : HikariPool-1 - Start completed.
2024-04-08T05:23:12.961Z  INFO 2714 --- [           main] o.hibernate.jpa.internal.util.LogHelper  : HHH000204: Processing PersistenceUnitInfo [name: default]
2024-04-08T05:23:13.112Z  INFO 2714 --- [           main] org.hibernate.Version                    : HHH000412: Hibernate ORM core version 6.2.2.Final
2024-04-08T05:23:13.116Z  INFO 2714 --- [           main] org.hibernate.cfg.Environment            : HHH000406: Using bytecode reflection optimizer
2024-04-08T05:23:13.431Z  INFO 2714 --- [           main] o.h.b.i.BytecodeProviderInitiator        : HHH000021: Bytecode provider name : bytebuddy
2024-04-08T05:23:13.836Z  INFO 2714 --- [           main] o.s.o.j.p.SpringPersistenceUnitInfo      : No LoadTimeWeaver setup: ignoring JPA class transformer
2024-04-08T05:23:13.943Z  INFO 2714 --- [           main] org.hibernate.orm.dialect                : HHH035001: Using dialect: org.hibernate.dialect.H2Dialect, version: 2.1.214
2024-04-08T05:23:14.142Z  INFO 2714 --- [           main] o.h.b.i.BytecodeProviderInitiator        : HHH000021: Bytecode provider name : bytebuddy
2024-04-08T05:23:14.527Z  INFO 2714 --- [           main] o.h.e.t.j.p.i.JtaPlatformInitiator       : HHH000490: Using JtaPlatform implementation: [org.hibernate.engine.transaction.jta.platform.internal.NoJtaPlatform]
2024-04-08T05:23:14.533Z  INFO 2714 --- [           main] j.LocalContainerEntityManagerFactoryBean : Initialized JPA EntityManagerFactory for persistence unit 'default'
2024-04-08T05:23:14.649Z  WARN 2714 --- [           main] JpaBaseConfiguration$JpaWebConfiguration : spring.jpa.open-in-view is enabled by default. Therefore, database queries may be performed during view rendering. Explicitly configure spring.jpa.open-in-view to disable this warning
2024-04-08T05:23:15.256Z  WARN 2714 --- [           main] o.s.b.a.m.MustacheAutoConfiguration      : Cannot find template location: classpath:/templates/ (please add some templates, check your Mustache configuration, or set spring.mustache.check-template-location=false)
2024-04-08T05:23:15.330Z  WARN 2714 --- [           main] ion$DefaultTemplateResolverConfiguration : Cannot find template location: classpath:/templates/ (please add some templates, check your Thymeleaf configuration, or set spring.thymeleaf.check-template-location=false)
2024-04-08T05:23:15.616Z  INFO 2714 --- [           main] o.s.b.w.embedded.tomcat.TomcatWebServer  : Tomcat started on port(s): 8080 (http) with context path ''
2024-04-08T05:23:15.663Z  INFO 2714 --- [           main] c.example.CODINAVI.CodinaviApplication   : Started CodinaviApplication in 8.891 seconds (process running for 10.093)
2024-04-08T05:58:47.878Z  INFO 2714 --- [ionShutdownHook] j.LocalContainerEntityManagerFactoryBean : Closing JPA EntityManagerFactory for persistence unit 'default'
2024-04-08T05:58:47.891Z  INFO 2714 --- [ionShutdownHook] com.zaxxer.hikari.HikariDataSource       : HikariPool-1 - Shutdown initiated...
2024-04-08T05:58:47.897Z  INFO 2714 --- [ionShutdownHook] com.zaxxer.hikari.HikariDataSource       : HikariPool-1 - Shutdown completed.

  .   ____          _            __ _ _
 /\\ / ___'_ __ _ _(_)_ __  __ _ \ \ \ \
( ( )\___ | '_ | '_| | '_ \/ _` | \ \ \ \
 \\/  ___)| |_)| | | | | || (_| |  ) ) ) )
  '  |____| .__|_| |_|_| |_\__, | / / / /
 =========|_|==============|___/=/_/_/_/
 :: Spring Boot ::                (v3.1.0)

2024-04-09T09:53:02.722Z  INFO 5470 --- [           main] c.example.CODINAVI.CodinaviApplication   : Starting CodinaviApplication v0.0.1-SNAPSHOT using Java 17.0.10 with PID 5470 (/home/ec2-user/PracticeSpringBoot/build/libs/CODINAVI-0.0.1-SNAPSHOT.jar started by ec2-user in /home/ec2-user/PracticeSpringBoot)
2024-04-09T09:53:02.725Z  INFO 5470 --- [           main] c.example.CODINAVI.CodinaviApplication   : No active profile set, falling back to 1 default profile: "default"
2024-04-09T09:53:04.499Z  INFO 5470 --- [           main] .s.d.r.c.RepositoryConfigurationDelegate : Bootstrapping Spring Data JPA repositories in DEFAULT mode.
2024-04-09T09:53:04.552Z  INFO 5470 --- [           main] .s.d.r.c.RepositoryConfigurationDelegate : Finished Spring Data repository scanning in 37 ms. Found 0 JPA repository interfaces.
2024-04-09T09:53:06.000Z  INFO 5470 --- [           main] o.s.b.w.embedded.tomcat.TomcatWebServer  : Tomcat initialized with port(s): 8080 (http)
2024-04-09T09:53:06.061Z  INFO 5470 --- [           main] o.apache.catalina.core.StandardService   : Starting service [Tomcat]
2024-04-09T09:53:06.061Z  INFO 5470 --- [           main] o.apache.catalina.core.StandardEngine    : Starting Servlet engine: [Apache Tomcat/10.1.8]
2024-04-09T09:53:06.348Z  INFO 5470 --- [           main] o.a.c.c.C.[Tomcat].[localhost].[/]       : Initializing Spring embedded WebApplicationContext
2024-04-09T09:53:06.351Z  INFO 5470 --- [           main] w.s.c.ServletWebServerApplicationContext : Root WebApplicationContext: initialization completed in 3479 ms
2024-04-09T09:53:07.168Z  INFO 5470 --- [           main] com.zaxxer.hikari.HikariDataSource       : HikariPool-1 - Starting...
2024-04-09T09:53:07.528Z  INFO 5470 --- [           main] com.zaxxer.hikari.pool.HikariPool        : HikariPool-1 - Added connection conn0: url=jdbc:h2:mem:f2fadd01-8ce0-4d70-b563-0ebf3b4ee3b6 user=SA
2024-04-09T09:53:07.530Z  INFO 5470 --- [           main] com.zaxxer.hikari.HikariDataSource       : HikariPool-1 - Start completed.
2024-04-09T09:53:07.649Z  INFO 5470 --- [           main] o.hibernate.jpa.internal.util.LogHelper  : HHH000204: Processing PersistenceUnitInfo [name: default]
2024-04-09T09:53:07.769Z  INFO 5470 --- [           main] org.hibernate.Version                    : HHH000412: Hibernate ORM core version 6.2.2.Final
2024-04-09T09:53:07.778Z  INFO 5470 --- [           main] org.hibernate.cfg.Environment            : HHH000406: Using bytecode reflection optimizer
2024-04-09T09:53:08.091Z  INFO 5470 --- [           main] o.h.b.i.BytecodeProviderInitiator        : HHH000021: Bytecode provider name : bytebuddy
2024-04-09T09:53:08.469Z  INFO 5470 --- [           main] o.s.o.j.p.SpringPersistenceUnitInfo      : No LoadTimeWeaver setup: ignoring JPA class transformer
2024-04-09T09:53:08.546Z  INFO 5470 --- [           main] org.hibernate.orm.dialect                : HHH035001: Using dialect: org.hibernate.dialect.H2Dialect, version: 2.1.214
2024-04-09T09:53:08.684Z  INFO 5470 --- [           main] o.h.b.i.BytecodeProviderInitiator        : HHH000021: Bytecode provider name : bytebuddy
2024-04-09T09:53:09.078Z  INFO 5470 --- [           main] o.h.e.t.j.p.i.JtaPlatformInitiator       : HHH000490: Using JtaPlatform implementation: [org.hibernate.engine.transaction.jta.platform.internal.NoJtaPlatform]
2024-04-09T09:53:09.084Z  INFO 5470 --- [           main] j.LocalContainerEntityManagerFactoryBean : Initialized JPA EntityManagerFactory for persistence unit 'default'
2024-04-09T09:53:09.197Z  WARN 5470 --- [           main] JpaBaseConfiguration$JpaWebConfiguration : spring.jpa.open-in-view is enabled by default. Therefore, database queries may be performed during view rendering. Explicitly configure spring.jpa.open-in-view to disable this warning
2024-04-09T09:53:09.807Z  WARN 5470 --- [           main] o.s.b.a.m.MustacheAutoConfiguration      : Cannot find template location: classpath:/templates/ (please add some templates, check your Mustache configuration, or set spring.mustache.check-template-location=false)
2024-04-09T09:53:09.883Z  WARN 5470 --- [           main] ion$DefaultTemplateResolverConfiguration : Cannot find template location: classpath:/templates/ (please add some templates, check your Thymeleaf configuration, or set spring.thymeleaf.check-template-location=false)
2024-04-09T09:53:10.164Z  INFO 5470 --- [           main] o.s.b.w.embedded.tomcat.TomcatWebServer  : Tomcat started on port(s): 8080 (http) with context path ''
2024-04-09T09:53:10.206Z  INFO 5470 --- [           main] c.example.CODINAVI.CodinaviApplication   : Started CodinaviApplication in 8.574 seconds (process running for 9.826)
2024-04-09T09:56:21.700Z  INFO 5470 --- [ionShutdownHook] j.LocalContainerEntityManagerFactoryBean : Closing JPA EntityManagerFactory for persistence unit 'default'
2024-04-09T09:56:21.702Z  INFO 5470 --- [ionShutdownHook] com.zaxxer.hikari.HikariDataSource       : HikariPool-1 - Shutdown initiated...
2024-04-09T09:56:21.815Z  INFO 5470 --- [ionShutdownHook] com.zaxxer.hikari.HikariDataSource       : HikariPool-1 - Shutdown completed.

  .   ____          _            __ _ _
 /\\ / ___'_ __ _ _(_)_ __  __ _ \ \ \ \
( ( )\___ | '_ | '_| | '_ \/ _` | \ \ \ \
 \\/  ___)| |_)| | | | | || (_| |  ) ) ) )
  '  |____| .__|_| |_|_| |_\__, | / / / /
 =========|_|==============|___/=/_/_/_/
 :: Spring Boot ::                (v3.1.0)

2024-04-15T10:02:49.820Z  INFO 2331 --- [           main] c.example.CODINAVI.CodinaviApplication   : Starting CodinaviApplication v0.0.1-SNAPSHOT using Java 17.0.10 with PID 2331 (/home/ec2-user/PracticeSpringBoot/build/libs/CODINAVI-0.0.1-SNAPSHOT.jar started by ec2-user in /home/ec2-user/PracticeSpringBoot)
2024-04-15T10:02:49.829Z  INFO 2331 --- [           main] c.example.CODINAVI.CodinaviApplication   : No active profile set, falling back to 1 default profile: "default"
2024-04-15T10:02:51.694Z  INFO 2331 --- [           main] .s.d.r.c.RepositoryConfigurationDelegate : Bootstrapping Spring Data JPA repositories in DEFAULT mode.
2024-04-15T10:02:51.753Z  INFO 2331 --- [           main] .s.d.r.c.RepositoryConfigurationDelegate : Finished Spring Data repository scanning in 31 ms. Found 0 JPA repository interfaces.
2024-04-15T10:02:53.349Z  INFO 2331 --- [           main] o.s.b.w.embedded.tomcat.TomcatWebServer  : Tomcat initialized with port(s): 8080 (http)
2024-04-15T10:02:53.422Z  INFO 2331 --- [           main] o.apache.catalina.core.StandardService   : Starting service [Tomcat]
2024-04-15T10:02:53.423Z  INFO 2331 --- [           main] o.apache.catalina.core.StandardEngine    : Starting Servlet engine: [Apache Tomcat/10.1.8]
2024-04-15T10:02:53.737Z  INFO 2331 --- [           main] o.a.c.c.C.[Tomcat].[localhost].[/]       : Initializing Spring embedded WebApplicationContext
2024-04-15T10:02:53.752Z  INFO 2331 --- [           main] w.s.c.ServletWebServerApplicationContext : Root WebApplicationContext: initialization completed in 3774 ms
2024-04-15T10:02:54.601Z  INFO 2331 --- [           main] com.zaxxer.hikari.HikariDataSource       : HikariPool-1 - Starting...
2024-04-15T10:02:55.089Z  INFO 2331 --- [           main] com.zaxxer.hikari.pool.HikariPool        : HikariPool-1 - Added connection conn0: url=jdbc:h2:mem:07ede9c0-0827-4af9-b0cf-1f42c839cf99 user=SA
2024-04-15T10:02:55.092Z  INFO 2331 --- [           main] com.zaxxer.hikari.HikariDataSource       : HikariPool-1 - Start completed.
2024-04-15T10:02:55.229Z  INFO 2331 --- [           main] o.hibernate.jpa.internal.util.LogHelper  : HHH000204: Processing PersistenceUnitInfo [name: default]
2024-04-15T10:02:55.403Z  INFO 2331 --- [           main] org.hibernate.Version                    : HHH000412: Hibernate ORM core version 6.2.2.Final
2024-04-15T10:02:55.408Z  INFO 2331 --- [           main] org.hibernate.cfg.Environment            : HHH000406: Using bytecode reflection optimizer
2024-04-15T10:02:55.788Z  INFO 2331 --- [           main] o.h.b.i.BytecodeProviderInitiator        : HHH000021: Bytecode provider name : bytebuddy
2024-04-15T10:02:56.227Z  INFO 2331 --- [           main] o.s.o.j.p.SpringPersistenceUnitInfo      : No LoadTimeWeaver setup: ignoring JPA class transformer
2024-04-15T10:02:56.350Z  INFO 2331 --- [           main] org.hibernate.orm.dialect                : HHH035001: Using dialect: org.hibernate.dialect.H2Dialect, version: 2.1.214
2024-04-15T10:02:56.534Z  INFO 2331 --- [           main] o.h.b.i.BytecodeProviderInitiator        : HHH000021: Bytecode provider name : bytebuddy
2024-04-15T10:02:56.975Z  INFO 2331 --- [           main] o.h.e.t.j.p.i.JtaPlatformInitiator       : HHH000490: Using JtaPlatform implementation: [org.hibernate.engine.transaction.jta.platform.internal.NoJtaPlatform]
2024-04-15T10:02:56.983Z  INFO 2331 --- [           main] j.LocalContainerEntityManagerFactoryBean : Initialized JPA EntityManagerFactory for persistence unit 'default'
2024-04-15T10:02:57.095Z  WARN 2331 --- [           main] JpaBaseConfiguration$JpaWebConfiguration : spring.jpa.open-in-view is enabled by default. Therefore, database queries may be performed during view rendering. Explicitly configure spring.jpa.open-in-view to disable this warning
2024-04-15T10:02:57.720Z  WARN 2331 --- [           main] o.s.b.a.m.MustacheAutoConfiguration      : Cannot find template location: classpath:/templates/ (please add some templates, check your Mustache configuration, or set spring.mustache.check-template-location=false)
2024-04-15T10:02:57.803Z  WARN 2331 --- [           main] ion$DefaultTemplateResolverConfiguration : Cannot find template location: classpath:/templates/ (please add some templates, check your Thymeleaf configuration, or set spring.thymeleaf.check-template-location=false)
2024-04-15T10:02:58.094Z  INFO 2331 --- [           main] o.s.b.w.embedded.tomcat.TomcatWebServer  : Tomcat started on port(s): 8080 (http) with context path ''
2024-04-15T10:02:58.148Z  INFO 2331 --- [           main] c.example.CODINAVI.CodinaviApplication   : Started CodinaviApplication in 9.419 seconds (process running for 11.057)
2024-04-15T10:02:59.922Z  INFO 2331 --- [nio-8080-exec-1] o.a.c.c.C.[Tomcat].[localhost].[/]       : Initializing Spring DispatcherServlet 'dispatcherServlet'
2024-04-15T10:02:59.922Z  INFO 2331 --- [nio-8080-exec-1] o.s.web.servlet.DispatcherServlet        : Initializing Servlet 'dispatcherServlet'
2024-04-15T10:02:59.930Z  INFO 2331 --- [nio-8080-exec-1] o.s.web.servlet.DispatcherServlet        : Completed initialization in 8 ms
2024-04-15T12:15:51.678Z  INFO 2331 --- [nio-8080-exec-8] o.apache.coyote.http11.Http11Processor   : Error parsing HTTP request header
 Note: further occurrences of HTTP request parsing errors will be logged at DEBUG level.

java.lang.IllegalArgumentException: Invalid character found in method name [0x160x030x010x00{0x010x000x00w0x030x030xd2K0xc40xcb0xf5C0xa30x1c0x0d0xe50x8d]0x9e0xd30xd3`0x91D0x0d0xd10xb050xff0xdb0xcd0xc50x920xf90x08(0x8c0x810x000x000x1a0xc0/0xc0+0xc00x110xc00x070xc00x130xc00x090xc00x140xc00x0a0x000x050x00/0x0050xc00x120x000x0a0x010x000x0040x000x050x000x050x010x000x000x000x000x000x0a0x000x080x000x060x000x170x000x180x000x190x000x0b0x000x020x010x000x000x0d0x000x100x000x0e0x040x010x040x030x020x010x020x030x040x010x050x010x060x010xff0x010x000x010x00...]. HTTP method names must be tokens
	at org.apache.coyote.http11.Http11InputBuffer.parseRequestLine(Http11InputBuffer.java:407) ~[tomcat-embed-core-10.1.8.jar!/:na]
	at org.apache.coyote.http11.Http11Processor.service(Http11Processor.java:263) ~[tomcat-embed-core-10.1.8.jar!/:na]
	at org.apache.coyote.AbstractProcessorLight.process(AbstractProcessorLight.java:63) ~[tomcat-embed-core-10.1.8.jar!/:na]
	at org.apache.coyote.AbstractProtocol$ConnectionHandler.process(AbstractProtocol.java:894) ~[tomcat-embed-core-10.1.8.jar!/:na]
	at org.apache.tomcat.util.net.NioEndpoint$SocketProcessor.doRun(NioEndpoint.java:1741) ~[tomcat-embed-core-10.1.8.jar!/:na]
	at org.apache.tomcat.util.net.SocketProcessorBase.run(SocketProcessorBase.java:52) ~[tomcat-embed-core-10.1.8.jar!/:na]
	at org.apache.tomcat.util.threads.ThreadPoolExecutor.runWorker(ThreadPoolExecutor.java:1191) ~[tomcat-embed-core-10.1.8.jar!/:na]
	at org.apache.tomcat.util.threads.ThreadPoolExecutor$Worker.run(ThreadPoolExecutor.java:659) ~[tomcat-embed-core-10.1.8.jar!/:na]
	at org.apache.tomcat.util.threads.TaskThread$WrappingRunnable.run(TaskThread.java:61) ~[tomcat-embed-core-10.1.8.jar!/:na]
	at java.base/java.lang.Thread.run(Thread.java:840) ~[na:na]

2024-04-16T09:50:27.682Z  INFO 2331 --- [ionShutdownHook] j.LocalContainerEntityManagerFactoryBean : Closing JPA EntityManagerFactory for persistence unit 'default'
2024-04-16T09:50:27.684Z  INFO 2331 --- [ionShutdownHook] com.zaxxer.hikari.HikariDataSource       : HikariPool-1 - Shutdown initiated...
2024-04-16T09:50:27.720Z  INFO 2331 --- [ionShutdownHook] com.zaxxer.hikari.HikariDataSource       : HikariPool-1 - Shutdown completed.

  .   ____          _            __ _ _
 /\\ / ___'_ __ _ _(_)_ __  __ _ \ \ \ \
( ( )\___ | '_ | '_| | '_ \/ _` | \ \ \ \
 \\/  ___)| |_)| | | | | || (_| |  ) ) ) )
  '  |____| .__|_| |_|_| |_\__, | / / / /
 =========|_|==============|___/=/_/_/_/
 :: Spring Boot ::                (v3.1.0)

2024-04-29T14:51:02.688Z  INFO 12898 --- [           main] c.example.CODINAVI.CodinaviApplication   : Starting CodinaviApplication v0.0.1-SNAPSHOT using Java 17.0.10 with PID 12898 (/home/ec2-user/PracticeSpringBoot/build/libs/CODINAVI-0.0.1-SNAPSHOT.jar started by ec2-user in /home/ec2-user/PracticeSpringBoot)
2024-04-29T14:51:02.703Z  INFO 12898 --- [           main] c.example.CODINAVI.CodinaviApplication   : No active profile set, falling back to 1 default profile: "default"
2024-04-29T14:51:04.476Z  INFO 12898 --- [           main] .s.d.r.c.RepositoryConfigurationDelegate : Bootstrapping Spring Data JPA repositories in DEFAULT mode.
2024-04-29T14:51:04.622Z  INFO 12898 --- [           main] .s.d.r.c.RepositoryConfigurationDelegate : Finished Spring Data repository scanning in 116 ms. Found 1 JPA repository interfaces.
2024-04-29T14:51:06.190Z  INFO 12898 --- [           main] o.s.b.w.embedded.tomcat.TomcatWebServer  : Tomcat initialized with port(s): 8080 (http)
2024-04-29T14:51:06.211Z  INFO 12898 --- [           main] o.apache.catalina.core.StandardService   : Starting service [Tomcat]
2024-04-29T14:51:06.212Z  INFO 12898 --- [           main] o.apache.catalina.core.StandardEngine    : Starting Servlet engine: [Apache Tomcat/10.1.8]
2024-04-29T14:51:06.500Z  INFO 12898 --- [           main] o.a.c.c.C.[Tomcat].[localhost].[/]       : Initializing Spring embedded WebApplicationContext
2024-04-29T14:51:06.504Z  INFO 12898 --- [           main] w.s.c.ServletWebServerApplicationContext : Root WebApplicationContext: initialization completed in 3671 ms
2024-04-29T14:51:07.393Z  INFO 12898 --- [           main] o.hibernate.jpa.internal.util.LogHelper  : HHH000204: Processing PersistenceUnitInfo [name: default]
2024-04-29T14:51:07.515Z  INFO 12898 --- [           main] org.hibernate.Version                    : HHH000412: Hibernate ORM core version 6.2.2.Final
2024-04-29T14:51:07.518Z  INFO 12898 --- [           main] org.hibernate.cfg.Environment            : HHH000406: Using bytecode reflection optimizer
2024-04-29T14:51:07.834Z  INFO 12898 --- [           main] o.h.b.i.BytecodeProviderInitiator        : HHH000021: Bytecode provider name : bytebuddy
2024-04-29T14:51:08.163Z  INFO 12898 --- [           main] o.s.o.j.p.SpringPersistenceUnitInfo      : No LoadTimeWeaver setup: ignoring JPA class transformer
2024-04-29T14:51:08.199Z  INFO 12898 --- [           main] com.zaxxer.hikari.HikariDataSource       : HikariPool-1 - Starting...
2024-04-29T14:51:09.073Z  INFO 12898 --- [           main] com.zaxxer.hikari.pool.HikariPool        : HikariPool-1 - Added connection com.mysql.cj.jdbc.ConnectionImpl@7f829c76
2024-04-29T14:51:09.076Z  INFO 12898 --- [           main] com.zaxxer.hikari.HikariDataSource       : HikariPool-1 - Start completed.
2024-04-29T14:51:09.147Z  INFO 12898 --- [           main] org.hibernate.orm.dialect                : HHH035001: Using dialect: org.hibernate.dialect.MySQL8Dialect, version: 8.0
2024-04-29T14:51:09.149Z  WARN 12898 --- [           main] org.hibernate.orm.deprecation            : HHH90000026: MySQL8Dialect has been deprecated; use org.hibernate.dialect.MySQLDialect instead
2024-04-29T14:51:09.797Z  INFO 12898 --- [           main] o.h.b.i.BytecodeProviderInitiator        : HHH000021: Bytecode provider name : bytebuddy
2024-04-29T14:51:11.150Z  INFO 12898 --- [           main] o.h.e.t.j.p.i.JtaPlatformInitiator       : HHH000490: Using JtaPlatform implementation: [org.hibernate.engine.transaction.jta.platform.internal.NoJtaPlatform]
2024-04-29T14:51:11.160Z  INFO 12898 --- [           main] j.LocalContainerEntityManagerFactoryBean : Initialized JPA EntityManagerFactory for persistence unit 'default'
2024-04-29T14:51:12.170Z  WARN 12898 --- [           main] JpaBaseConfiguration$JpaWebConfiguration : spring.jpa.open-in-view is enabled by default. Therefore, database queries may be performed during view rendering. Explicitly configure spring.jpa.open-in-view to disable this warning
2024-04-29T14:51:12.737Z  WARN 12898 --- [           main] o.s.b.a.m.MustacheAutoConfiguration      : Cannot find template location: classpath:/templates/ (please add some templates, check your Mustache configuration, or set spring.mustache.check-template-location=false)
2024-04-29T14:51:12.811Z  WARN 12898 --- [           main] ion$DefaultTemplateResolverConfiguration : Cannot find template location: classpath:/templates/ (please add some templates, check your Thymeleaf configuration, or set spring.thymeleaf.check-template-location=false)
2024-04-29T14:51:12.995Z  INFO 12898 --- [           main] o.s.b.w.embedded.tomcat.TomcatWebServer  : Tomcat started on port(s): 8080 (http) with context path ''
2024-04-29T14:51:13.029Z  INFO 12898 --- [           main] c.example.CODINAVI.CodinaviApplication   : Started CodinaviApplication in 11.546 seconds (process running for 12.845)
2024-04-29T14:51:33.580Z  INFO 12898 --- [nio-8080-exec-1] o.a.c.c.C.[Tomcat].[localhost].[/]       : Initializing Spring DispatcherServlet 'dispatcherServlet'
2024-04-29T14:51:33.581Z  INFO 12898 --- [nio-8080-exec-1] o.s.web.servlet.DispatcherServlet        : Initializing Servlet 'dispatcherServlet'
2024-04-29T14:51:33.583Z  INFO 12898 --- [nio-8080-exec-1] o.s.web.servlet.DispatcherServlet        : Completed initialization in 1 ms
Hibernate: 
    select
        c1_0.id,
        c1_0.color,
        c1_0.match_color 
    from
        color c1_0 
    where
        c1_0.color=?
Hibernate: 
    select
        c1_0.id,
        c1_0.color,
        c1_0.match_color 
    from
        color c1_0 
    where
        c1_0.color=?
Hibernate: 
    select
        c1_0.id,
        c1_0.color,
        c1_0.match_color 
    from
        color c1_0 
    where
        c1_0.color=?
Hibernate: 
    select
        c1_0.id,
        c1_0.color,
        c1_0.match_color 
    from
        color c1_0 
    where
        c1_0.color=?
2024-04-29T15:25:03.828Z  INFO 12898 --- [ionShutdownHook] j.LocalContainerEntityManagerFactoryBean : Closing JPA EntityManagerFactory for persistence unit 'default'
2024-04-29T15:25:03.861Z  INFO 12898 --- [ionShutdownHook] com.zaxxer.hikari.HikariDataSource       : HikariPool-1 - Shutdown initiated...
2024-04-29T15:25:03.885Z  INFO 12898 --- [ionShutdownHook] com.zaxxer.hikari.HikariDataSource       : HikariPool-1 - Shutdown completed.

  .   ____          _            __ _ _
 /\\ / ___'_ __ _ _(_)_ __  __ _ \ \ \ \
( ( )\___ | '_ | '_| | '_ \/ _` | \ \ \ \
 \\/  ___)| |_)| | | | | || (_| |  ) ) ) )
  '  |____| .__|_| |_|_| |_\__, | / / / /
 =========|_|==============|___/=/_/_/_/
 :: Spring Boot ::                (v3.1.0)

2024-04-30T02:15:06.147Z  INFO 5024 --- [           main] c.example.CODINAVI.CodinaviApplication   : Starting CodinaviApplication v0.0.1-SNAPSHOT using Java 17.0.10 with PID 5024 (/home/ec2-user/PracticeSpringBoot/build/libs/CODINAVI-0.0.1-SNAPSHOT.jar started by ec2-user in /home/ec2-user/PracticeSpringBoot)
2024-04-30T02:15:06.152Z  INFO 5024 --- [           main] c.example.CODINAVI.CodinaviApplication   : No active profile set, falling back to 1 default profile: "default"
2024-04-30T02:15:07.998Z  INFO 5024 --- [           main] .s.d.r.c.RepositoryConfigurationDelegate : Bootstrapping Spring Data JPA repositories in DEFAULT mode.
2024-04-30T02:15:08.142Z  INFO 5024 --- [           main] .s.d.r.c.RepositoryConfigurationDelegate : Finished Spring Data repository scanning in 132 ms. Found 1 JPA repository interfaces.
2024-04-30T02:15:09.633Z  INFO 5024 --- [           main] o.s.b.w.embedded.tomcat.TomcatWebServer  : Tomcat initialized with port(s): 8080 (http)
2024-04-30T02:15:09.657Z  INFO 5024 --- [           main] o.apache.catalina.core.StandardService   : Starting service [Tomcat]
2024-04-30T02:15:09.658Z  INFO 5024 --- [           main] o.apache.catalina.core.StandardEngine    : Starting Servlet engine: [Apache Tomcat/10.1.8]
2024-04-30T02:15:09.945Z  INFO 5024 --- [           main] o.a.c.c.C.[Tomcat].[localhost].[/]       : Initializing Spring embedded WebApplicationContext
2024-04-30T02:15:09.948Z  INFO 5024 --- [           main] w.s.c.ServletWebServerApplicationContext : Root WebApplicationContext: initialization completed in 3663 ms
2024-04-30T02:15:10.783Z  INFO 5024 --- [           main] o.hibernate.jpa.internal.util.LogHelper  : HHH000204: Processing PersistenceUnitInfo [name: default]
2024-04-30T02:15:10.913Z  INFO 5024 --- [           main] org.hibernate.Version                    : HHH000412: Hibernate ORM core version 6.2.2.Final
2024-04-30T02:15:10.916Z  INFO 5024 --- [           main] org.hibernate.cfg.Environment            : HHH000406: Using bytecode reflection optimizer
2024-04-30T02:15:11.228Z  INFO 5024 --- [           main] o.h.b.i.BytecodeProviderInitiator        : HHH000021: Bytecode provider name : bytebuddy
2024-04-30T02:15:11.554Z  INFO 5024 --- [           main] o.s.o.j.p.SpringPersistenceUnitInfo      : No LoadTimeWeaver setup: ignoring JPA class transformer
2024-04-30T02:15:11.594Z  INFO 5024 --- [           main] com.zaxxer.hikari.HikariDataSource       : HikariPool-1 - Starting...
2024-04-30T02:15:12.408Z  INFO 5024 --- [           main] com.zaxxer.hikari.pool.HikariPool        : HikariPool-1 - Added connection com.mysql.cj.jdbc.ConnectionImpl@7f829c76
2024-04-30T02:15:12.410Z  INFO 5024 --- [           main] com.zaxxer.hikari.HikariDataSource       : HikariPool-1 - Start completed.
2024-04-30T02:15:12.495Z  INFO 5024 --- [           main] org.hibernate.orm.dialect                : HHH035001: Using dialect: org.hibernate.dialect.MySQL8Dialect, version: 8.0
2024-04-30T02:15:12.496Z  WARN 5024 --- [           main] org.hibernate.orm.deprecation            : HHH90000026: MySQL8Dialect has been deprecated; use org.hibernate.dialect.MySQLDialect instead
2024-04-30T02:15:13.204Z  INFO 5024 --- [           main] o.h.b.i.BytecodeProviderInitiator        : HHH000021: Bytecode provider name : bytebuddy
2024-04-30T02:15:14.367Z  INFO 5024 --- [           main] o.h.e.t.j.p.i.JtaPlatformInitiator       : HHH000490: Using JtaPlatform implementation: [org.hibernate.engine.transaction.jta.platform.internal.NoJtaPlatform]
2024-04-30T02:15:14.374Z  INFO 5024 --- [           main] j.LocalContainerEntityManagerFactoryBean : Initialized JPA EntityManagerFactory for persistence unit 'default'
2024-04-30T02:15:15.400Z  WARN 5024 --- [           main] JpaBaseConfiguration$JpaWebConfiguration : spring.jpa.open-in-view is enabled by default. Therefore, database queries may be performed during view rendering. Explicitly configure spring.jpa.open-in-view to disable this warning
2024-04-30T02:15:15.977Z  WARN 5024 --- [           main] o.s.b.a.m.MustacheAutoConfiguration      : Cannot find template location: classpath:/templates/ (please add some templates, check your Mustache configuration, or set spring.mustache.check-template-location=false)
2024-04-30T02:15:16.053Z  WARN 5024 --- [           main] ion$DefaultTemplateResolverConfiguration : Cannot find template location: classpath:/templates/ (please add some templates, check your Thymeleaf configuration, or set spring.thymeleaf.check-template-location=false)
2024-04-30T02:15:16.224Z  WARN 5024 --- [           main] ConfigServletWebServerApplicationContext : Exception encountered during context initialization - cancelling refresh attempt: org.springframework.context.ApplicationContextException: Failed to start bean 'webServerStartStop'
2024-04-30T02:15:16.226Z  INFO 5024 --- [           main] j.LocalContainerEntityManagerFactoryBean : Closing JPA EntityManagerFactory for persistence unit 'default'
2024-04-30T02:15:16.234Z  INFO 5024 --- [           main] com.zaxxer.hikari.HikariDataSource       : HikariPool-1 - Shutdown initiated...
2024-04-30T02:15:16.267Z  INFO 5024 --- [           main] com.zaxxer.hikari.HikariDataSource       : HikariPool-1 - Shutdown completed.
2024-04-30T02:15:16.269Z  INFO 5024 --- [           main] o.apache.catalina.core.StandardService   : Stopping service [Tomcat]
2024-04-30T02:15:16.301Z  INFO 5024 --- [           main] .s.b.a.l.ConditionEvaluationReportLogger : 

Error starting ApplicationContext. To display the condition evaluation report re-run your application with 'debug' enabled.
2024-04-30T02:15:16.351Z ERROR 5024 --- [           main] o.s.b.d.LoggingFailureAnalysisReporter   : 

***************************
APPLICATION FAILED TO START
***************************

Description:

Web server failed to start. Port 8080 was already in use.

Action:

Identify and stop the process that's listening on port 8080 or configure this application to listen on another port.


  .   ____          _            __ _ _
 /\\ / ___'_ __ _ _(_)_ __  __ _ \ \ \ \
( ( )\___ | '_ | '_| | '_ \/ _` | \ \ \ \
 \\/  ___)| |_)| | | | | || (_| |  ) ) ) )
  '  |____| .__|_| |_|_| |_\__, | / / / /
 =========|_|==============|___/=/_/_/_/
 :: Spring Boot ::                (v3.1.0)

2024-04-30T02:22:37.938Z  INFO 2377 --- [           main] c.example.CODINAVI.CodinaviApplication   : Starting CodinaviApplication v0.0.1-SNAPSHOT using Java 17.0.10 with PID 2377 (/home/ec2-user/PracticeSpringBoot/build/libs/CODINAVI-0.0.1-SNAPSHOT.jar started by ec2-user in /home/ec2-user/PracticeSpringBoot)
2024-04-30T02:22:37.944Z  INFO 2377 --- [           main] c.example.CODINAVI.CodinaviApplication   : No active profile set, falling back to 1 default profile: "default"
2024-04-30T02:22:39.799Z  INFO 2377 --- [           main] .s.d.r.c.RepositoryConfigurationDelegate : Bootstrapping Spring Data JPA repositories in DEFAULT mode.
2024-04-30T02:22:39.932Z  INFO 2377 --- [           main] .s.d.r.c.RepositoryConfigurationDelegate : Finished Spring Data repository scanning in 114 ms. Found 1 JPA repository interfaces.
2024-04-30T02:22:41.469Z  INFO 2377 --- [           main] o.s.b.w.embedded.tomcat.TomcatWebServer  : Tomcat initialized with port(s): 8080 (http)
2024-04-30T02:22:41.503Z  INFO 2377 --- [           main] o.apache.catalina.core.StandardService   : Starting service [Tomcat]
2024-04-30T02:22:41.504Z  INFO 2377 --- [           main] o.apache.catalina.core.StandardEngine    : Starting Servlet engine: [Apache Tomcat/10.1.8]
2024-04-30T02:22:41.804Z  INFO 2377 --- [           main] o.a.c.c.C.[Tomcat].[localhost].[/]       : Initializing Spring embedded WebApplicationContext
2024-04-30T02:22:41.808Z  INFO 2377 --- [           main] w.s.c.ServletWebServerApplicationContext : Root WebApplicationContext: initialization completed in 3727 ms
2024-04-30T02:22:42.721Z  INFO 2377 --- [           main] o.hibernate.jpa.internal.util.LogHelper  : HHH000204: Processing PersistenceUnitInfo [name: default]
2024-04-30T02:22:42.864Z  INFO 2377 --- [           main] org.hibernate.Version                    : HHH000412: Hibernate ORM core version 6.2.2.Final
2024-04-30T02:22:42.867Z  INFO 2377 --- [           main] org.hibernate.cfg.Environment            : HHH000406: Using bytecode reflection optimizer
2024-04-30T02:22:43.195Z  INFO 2377 --- [           main] o.h.b.i.BytecodeProviderInitiator        : HHH000021: Bytecode provider name : bytebuddy
2024-04-30T02:22:43.535Z  INFO 2377 --- [           main] o.s.o.j.p.SpringPersistenceUnitInfo      : No LoadTimeWeaver setup: ignoring JPA class transformer
2024-04-30T02:22:43.570Z  INFO 2377 --- [           main] com.zaxxer.hikari.HikariDataSource       : HikariPool-1 - Starting...
2024-04-30T02:22:44.490Z  INFO 2377 --- [           main] com.zaxxer.hikari.pool.HikariPool        : HikariPool-1 - Added connection com.mysql.cj.jdbc.ConnectionImpl@7f829c76
2024-04-30T02:22:44.493Z  INFO 2377 --- [           main] com.zaxxer.hikari.HikariDataSource       : HikariPool-1 - Start completed.
2024-04-30T02:22:44.585Z  INFO 2377 --- [           main] org.hibernate.orm.dialect                : HHH035001: Using dialect: org.hibernate.dialect.MySQL8Dialect, version: 8.0
2024-04-30T02:22:44.586Z  WARN 2377 --- [           main] org.hibernate.orm.deprecation            : HHH90000026: MySQL8Dialect has been deprecated; use org.hibernate.dialect.MySQLDialect instead
2024-04-30T02:22:45.310Z  INFO 2377 --- [           main] o.h.b.i.BytecodeProviderInitiator        : HHH000021: Bytecode provider name : bytebuddy
2024-04-30T02:22:46.538Z  INFO 2377 --- [           main] o.h.e.t.j.p.i.JtaPlatformInitiator       : HHH000490: Using JtaPlatform implementation: [org.hibernate.engine.transaction.jta.platform.internal.NoJtaPlatform]
2024-04-30T02:22:46.551Z  INFO 2377 --- [           main] j.LocalContainerEntityManagerFactoryBean : Initialized JPA EntityManagerFactory for persistence unit 'default'
2024-04-30T02:22:47.623Z  WARN 2377 --- [           main] JpaBaseConfiguration$JpaWebConfiguration : spring.jpa.open-in-view is enabled by default. Therefore, database queries may be performed during view rendering. Explicitly configure spring.jpa.open-in-view to disable this warning
2024-04-30T02:22:48.237Z  WARN 2377 --- [           main] o.s.b.a.m.MustacheAutoConfiguration      : Cannot find template location: classpath:/templates/ (please add some templates, check your Mustache configuration, or set spring.mustache.check-template-location=false)
2024-04-30T02:22:48.311Z  WARN 2377 --- [           main] ion$DefaultTemplateResolverConfiguration : Cannot find template location: classpath:/templates/ (please add some templates, check your Thymeleaf configuration, or set spring.thymeleaf.check-template-location=false)
2024-04-30T02:22:48.508Z  INFO 2377 --- [           main] o.s.b.w.embedded.tomcat.TomcatWebServer  : Tomcat started on port(s): 8080 (http) with context path ''
2024-04-30T02:22:48.539Z  INFO 2377 --- [           main] c.example.CODINAVI.CodinaviApplication   : Started CodinaviApplication in 11.8 seconds (process running for 13.039)
2024-04-30T02:23:18.188Z  INFO 2377 --- [nio-8080-exec-1] o.a.c.c.C.[Tomcat].[localhost].[/]       : Initializing Spring DispatcherServlet 'dispatcherServlet'
2024-04-30T02:23:18.188Z  INFO 2377 --- [nio-8080-exec-1] o.s.web.servlet.DispatcherServlet        : Initializing Servlet 'dispatcherServlet'
2024-04-30T02:23:18.190Z  INFO 2377 --- [nio-8080-exec-1] o.s.web.servlet.DispatcherServlet        : Completed initialization in 1 ms
Hibernate: 
    select
        c1_0.id,
        c1_0.color,
        c1_0.match_color 
    from
        color c1_0 
    where
        c1_0.color=?
Hibernate: 
    select
        c1_0.id,
        c1_0.color,
        c1_0.match_color 
    from
        color c1_0 
    where
        c1_0.color=?
Hibernate: 
    select
        c1_0.id,
        c1_0.color,
        c1_0.match_color 
    from
        color c1_0 
    where
        c1_0.color=?

  .   ____          _            __ _ _
 /\\ / ___'_ __ _ _(_)_ __  __ _ \ \ \ \
( ( )\___ | '_ | '_| | '_ \/ _` | \ \ \ \
 \\/  ___)| |_)| | | | | || (_| |  ) ) ) )
  '  |____| .__|_| |_|_| |_\__, | / / / /
 =========|_|==============|___/=/_/_/_/
 :: Spring Boot ::                (v3.1.0)

2024-04-30T02:24:37.081Z  INFO 2461 --- [           main] c.example.CODINAVI.CodinaviApplication   : Starting CodinaviApplication v0.0.1-SNAPSHOT using Java 17.0.10 with PID 2461 (/home/ec2-user/PracticeSpringBoot/build/libs/CODINAVI-0.0.1-SNAPSHOT.jar started by ec2-user in /home/ec2-user/PracticeSpringBoot)
2024-04-30T02:24:37.098Z  INFO 2461 --- [           main] c.example.CODINAVI.CodinaviApplication   : No active profile set, falling back to 1 default profile: "default"
2024-04-30T02:24:38.899Z  INFO 2461 --- [           main] .s.d.r.c.RepositoryConfigurationDelegate : Bootstrapping Spring Data JPA repositories in DEFAULT mode.
2024-04-30T02:24:39.054Z  INFO 2461 --- [           main] .s.d.r.c.RepositoryConfigurationDelegate : Finished Spring Data repository scanning in 134 ms. Found 1 JPA repository interfaces.
2024-04-30T02:24:40.565Z  INFO 2461 --- [           main] o.s.b.w.embedded.tomcat.TomcatWebServer  : Tomcat initialized with port(s): 8080 (http)
2024-04-30T02:24:40.591Z  INFO 2461 --- [           main] o.apache.catalina.core.StandardService   : Starting service [Tomcat]
2024-04-30T02:24:40.592Z  INFO 2461 --- [           main] o.apache.catalina.core.StandardEngine    : Starting Servlet engine: [Apache Tomcat/10.1.8]
2024-04-30T02:24:40.879Z  INFO 2461 --- [           main] o.a.c.c.C.[Tomcat].[localhost].[/]       : Initializing Spring embedded WebApplicationContext
2024-04-30T02:24:40.894Z  INFO 2461 --- [           main] w.s.c.ServletWebServerApplicationContext : Root WebApplicationContext: initialization completed in 3644 ms
2024-04-30T02:24:41.736Z  INFO 2461 --- [           main] o.hibernate.jpa.internal.util.LogHelper  : HHH000204: Processing PersistenceUnitInfo [name: default]
2024-04-30T02:24:41.869Z  INFO 2461 --- [           main] org.hibernate.Version                    : HHH000412: Hibernate ORM core version 6.2.2.Final
2024-04-30T02:24:41.872Z  INFO 2461 --- [           main] org.hibernate.cfg.Environment            : HHH000406: Using bytecode reflection optimizer
2024-04-30T02:24:42.260Z  INFO 2461 --- [           main] o.h.b.i.BytecodeProviderInitiator        : HHH000021: Bytecode provider name : bytebuddy
2024-04-30T02:24:42.607Z  INFO 2461 --- [           main] o.s.o.j.p.SpringPersistenceUnitInfo      : No LoadTimeWeaver setup: ignoring JPA class transformer
2024-04-30T02:24:42.639Z  INFO 2461 --- [           main] com.zaxxer.hikari.HikariDataSource       : HikariPool-1 - Starting...
2024-04-30T02:24:43.474Z  INFO 2461 --- [           main] com.zaxxer.hikari.pool.HikariPool        : HikariPool-1 - Added connection com.mysql.cj.jdbc.ConnectionImpl@7f829c76
2024-04-30T02:24:43.477Z  INFO 2461 --- [           main] com.zaxxer.hikari.HikariDataSource       : HikariPool-1 - Start completed.
2024-04-30T02:24:43.589Z  INFO 2461 --- [           main] org.hibernate.orm.dialect                : HHH035001: Using dialect: org.hibernate.dialect.MySQL8Dialect, version: 8.0
2024-04-30T02:24:43.590Z  WARN 2461 --- [           main] org.hibernate.orm.deprecation            : HHH90000026: MySQL8Dialect has been deprecated; use org.hibernate.dialect.MySQLDialect instead
2024-04-30T02:24:44.290Z  INFO 2461 --- [           main] o.h.b.i.BytecodeProviderInitiator        : HHH000021: Bytecode provider name : bytebuddy
2024-04-30T02:24:45.508Z  INFO 2461 --- [           main] o.h.e.t.j.p.i.JtaPlatformInitiator       : HHH000490: Using JtaPlatform implementation: [org.hibernate.engine.transaction.jta.platform.internal.NoJtaPlatform]
2024-04-30T02:24:45.516Z  INFO 2461 --- [           main] j.LocalContainerEntityManagerFactoryBean : Initialized JPA EntityManagerFactory for persistence unit 'default'
2024-04-30T02:24:46.512Z  WARN 2461 --- [           main] JpaBaseConfiguration$JpaWebConfiguration : spring.jpa.open-in-view is enabled by default. Therefore, database queries may be performed during view rendering. Explicitly configure spring.jpa.open-in-view to disable this warning
2024-04-30T02:24:47.095Z  WARN 2461 --- [           main] o.s.b.a.m.MustacheAutoConfiguration      : Cannot find template location: classpath:/templates/ (please add some templates, check your Mustache configuration, or set spring.mustache.check-template-location=false)
2024-04-30T02:24:47.174Z  WARN 2461 --- [           main] ion$DefaultTemplateResolverConfiguration : Cannot find template location: classpath:/templates/ (please add some templates, check your Thymeleaf configuration, or set spring.thymeleaf.check-template-location=false)
2024-04-30T02:24:47.365Z  INFO 2461 --- [           main] o.s.b.w.embedded.tomcat.TomcatWebServer  : Tomcat started on port(s): 8080 (http) with context path ''
2024-04-30T02:24:47.396Z  INFO 2461 --- [           main] c.example.CODINAVI.CodinaviApplication   : Started CodinaviApplication in 11.462 seconds (process running for 12.661)
2024-04-30T02:24:52.512Z  INFO 2461 --- [nio-8080-exec-1] o.a.c.c.C.[Tomcat].[localhost].[/]       : Initializing Spring DispatcherServlet 'dispatcherServlet'
2024-04-30T02:24:52.512Z  INFO 2461 --- [nio-8080-exec-1] o.s.web.servlet.DispatcherServlet        : Initializing Servlet 'dispatcherServlet'
2024-04-30T02:24:52.518Z  INFO 2461 --- [nio-8080-exec-1] o.s.web.servlet.DispatcherServlet        : Completed initialization in 6 ms
Hibernate: 
    select
        c1_0.id,
        c1_0.color,
        c1_0.match_color 
    from
        color c1_0 
    where
        c1_0.color=?
Hibernate: 
    select
        c1_0.id,
        c1_0.color,
        c1_0.match_color 
    from
        color c1_0 
    where
        c1_0.color=?
Hibernate: 
    select
        c1_0.id,
        c1_0.color,
        c1_0.match_color 
    from
        color c1_0 
    where
        c1_0.color=?
Hibernate: 
    select
        c1_0.id,
        c1_0.color,
        c1_0.match_color 
    from
        color c1_0 
    where
        c1_0.color=?
Hibernate: 
    select
        c1_0.id,
        c1_0.color,
        c1_0.match_color 
    from
        color c1_0 
    where
        c1_0.color=?
Hibernate: 
    select
        c1_0.id,
        c1_0.color,
        c1_0.match_color 
    from
        color c1_0 
    where
        c1_0.color=?
Hibernate: 
    select
        c1_0.id,
        c1_0.color,
        c1_0.match_color 
    from
        color c1_0 
    where
        c1_0.color=?

  .   ____          _            __ _ _
 /\\ / ___'_ __ _ _(_)_ __  __ _ \ \ \ \
( ( )\___ | '_ | '_| | '_ \/ _` | \ \ \ \
 \\/  ___)| |_)| | | | | || (_| |  ) ) ) )
  '  |____| .__|_| |_|_| |_\__, | / / / /
 =========|_|==============|___/=/_/_/_/
 :: Spring Boot ::                (v3.1.0)

2024-04-30T06:39:25.156Z  INFO 2247 --- [           main] c.example.CODINAVI.CodinaviApplication   : Starting CodinaviApplication v0.0.1-SNAPSHOT using Java 17.0.10 with PID 2247 (/home/ec2-user/PracticeSpringBoot/build/libs/CODINAVI-0.0.1-SNAPSHOT.jar started by ec2-user in /home/ec2-user/PracticeSpringBoot)
2024-04-30T06:39:25.161Z  INFO 2247 --- [           main] c.example.CODINAVI.CodinaviApplication   : No active profile set, falling back to 1 default profile: "default"
2024-04-30T06:39:27.130Z  INFO 2247 --- [           main] .s.d.r.c.RepositoryConfigurationDelegate : Bootstrapping Spring Data JPA repositories in DEFAULT mode.
2024-04-30T06:39:27.318Z  INFO 2247 --- [           main] .s.d.r.c.RepositoryConfigurationDelegate : Finished Spring Data repository scanning in 166 ms. Found 1 JPA repository interfaces.
2024-04-30T06:39:29.038Z  INFO 2247 --- [           main] o.s.b.w.embedded.tomcat.TomcatWebServer  : Tomcat initialized with port(s): 8080 (http)
2024-04-30T06:39:29.065Z  INFO 2247 --- [           main] o.apache.catalina.core.StandardService   : Starting service [Tomcat]
2024-04-30T06:39:29.065Z  INFO 2247 --- [           main] o.apache.catalina.core.StandardEngine    : Starting Servlet engine: [Apache Tomcat/10.1.8]
2024-04-30T06:39:29.392Z  INFO 2247 --- [           main] o.a.c.c.C.[Tomcat].[localhost].[/]       : Initializing Spring embedded WebApplicationContext
2024-04-30T06:39:29.395Z  INFO 2247 --- [           main] w.s.c.ServletWebServerApplicationContext : Root WebApplicationContext: initialization completed in 4084 ms
2024-04-30T06:39:30.306Z  INFO 2247 --- [           main] o.hibernate.jpa.internal.util.LogHelper  : HHH000204: Processing PersistenceUnitInfo [name: default]
2024-04-30T06:39:30.489Z  INFO 2247 --- [           main] org.hibernate.Version                    : HHH000412: Hibernate ORM core version 6.2.2.Final
2024-04-30T06:39:30.502Z  INFO 2247 --- [           main] org.hibernate.cfg.Environment            : HHH000406: Using bytecode reflection optimizer
2024-04-30T06:39:30.912Z  INFO 2247 --- [           main] o.h.b.i.BytecodeProviderInitiator        : HHH000021: Bytecode provider name : bytebuddy
2024-04-30T06:39:31.347Z  INFO 2247 --- [           main] o.s.o.j.p.SpringPersistenceUnitInfo      : No LoadTimeWeaver setup: ignoring JPA class transformer
2024-04-30T06:39:31.399Z  INFO 2247 --- [           main] com.zaxxer.hikari.HikariDataSource       : HikariPool-1 - Starting...
2024-04-30T06:39:32.441Z  INFO 2247 --- [           main] com.zaxxer.hikari.pool.HikariPool        : HikariPool-1 - Added connection com.mysql.cj.jdbc.ConnectionImpl@7f829c76
2024-04-30T06:39:32.443Z  INFO 2247 --- [           main] com.zaxxer.hikari.HikariDataSource       : HikariPool-1 - Start completed.
2024-04-30T06:39:32.562Z  INFO 2247 --- [           main] org.hibernate.orm.dialect                : HHH035001: Using dialect: org.hibernate.dialect.MySQL8Dialect, version: 8.0
2024-04-30T06:39:32.564Z  WARN 2247 --- [           main] org.hibernate.orm.deprecation            : HHH90000026: MySQL8Dialect has been deprecated; use org.hibernate.dialect.MySQLDialect instead
2024-04-30T06:39:33.304Z  INFO 2247 --- [           main] o.h.b.i.BytecodeProviderInitiator        : HHH000021: Bytecode provider name : bytebuddy
2024-04-30T06:39:34.672Z  INFO 2247 --- [           main] o.h.e.t.j.p.i.JtaPlatformInitiator       : HHH000490: Using JtaPlatform implementation: [org.hibernate.engine.transaction.jta.platform.internal.NoJtaPlatform]
2024-04-30T06:39:34.677Z  INFO 2247 --- [           main] j.LocalContainerEntityManagerFactoryBean : Initialized JPA EntityManagerFactory for persistence unit 'default'
2024-04-30T06:39:35.782Z  WARN 2247 --- [           main] JpaBaseConfiguration$JpaWebConfiguration : spring.jpa.open-in-view is enabled by default. Therefore, database queries may be performed during view rendering. Explicitly configure spring.jpa.open-in-view to disable this warning
2024-04-30T06:39:36.406Z  WARN 2247 --- [           main] o.s.b.a.m.MustacheAutoConfiguration      : Cannot find template location: classpath:/templates/ (please add some templates, check your Mustache configuration, or set spring.mustache.check-template-location=false)
2024-04-30T06:39:36.489Z  WARN 2247 --- [           main] ion$DefaultTemplateResolverConfiguration : Cannot find template location: classpath:/templates/ (please add some templates, check your Thymeleaf configuration, or set spring.thymeleaf.check-template-location=false)
2024-04-30T06:39:36.716Z  INFO 2247 --- [           main] o.s.b.w.embedded.tomcat.TomcatWebServer  : Tomcat started on port(s): 8080 (http) with context path ''
2024-04-30T06:39:36.772Z  INFO 2247 --- [           main] c.example.CODINAVI.CodinaviApplication   : Started CodinaviApplication in 13.169 seconds (process running for 14.897)
2024-04-30T06:39:42.315Z  INFO 2247 --- [nio-8080-exec-1] o.a.c.c.C.[Tomcat].[localhost].[/]       : Initializing Spring DispatcherServlet 'dispatcherServlet'
2024-04-30T06:39:42.316Z  INFO 2247 --- [nio-8080-exec-1] o.s.web.servlet.DispatcherServlet        : Initializing Servlet 'dispatcherServlet'
2024-04-30T06:39:42.317Z  INFO 2247 --- [nio-8080-exec-1] o.s.web.servlet.DispatcherServlet        : Completed initialization in 1 ms
Hibernate: 
    select
        c1_0.id,
        c1_0.color,
        c1_0.match_color 
    from
        color c1_0 
    where
        c1_0.color=?

  .   ____          _            __ _ _
 /\\ / ___'_ __ _ _(_)_ __  __ _ \ \ \ \
( ( )\___ | '_ | '_| | '_ \/ _` | \ \ \ \
 \\/  ___)| |_)| | | | | || (_| |  ) ) ) )
  '  |____| .__|_| |_|_| |_\__, | / / / /
 =========|_|==============|___/=/_/_/_/
 :: Spring Boot ::                (v3.1.0)

2024-04-30T08:47:30.694Z  INFO 5886 --- [           main] c.example.CODINAVI.CodinaviApplication   : Starting CodinaviApplication v0.0.1-SNAPSHOT using Java 17.0.10 with PID 5886 (/home/ec2-user/PracticeSpringBoot/build/libs/CODINAVI-0.0.1-SNAPSHOT.jar started by ec2-user in /home/ec2-user/PracticeSpringBoot)
2024-04-30T08:47:30.703Z  INFO 5886 --- [           main] c.example.CODINAVI.CodinaviApplication   : No active profile set, falling back to 1 default profile: "default"
2024-04-30T08:47:32.508Z  INFO 5886 --- [           main] .s.d.r.c.RepositoryConfigurationDelegate : Bootstrapping Spring Data JPA repositories in DEFAULT mode.
2024-04-30T08:47:32.644Z  INFO 5886 --- [           main] .s.d.r.c.RepositoryConfigurationDelegate : Finished Spring Data repository scanning in 118 ms. Found 1 JPA repository interfaces.
2024-04-30T08:47:34.141Z  INFO 5886 --- [           main] o.s.b.w.embedded.tomcat.TomcatWebServer  : Tomcat initialized with port(s): 8080 (http)
2024-04-30T08:47:34.162Z  INFO 5886 --- [           main] o.apache.catalina.core.StandardService   : Starting service [Tomcat]
2024-04-30T08:47:34.163Z  INFO 5886 --- [           main] o.apache.catalina.core.StandardEngine    : Starting Servlet engine: [Apache Tomcat/10.1.8]
2024-04-30T08:47:34.458Z  INFO 5886 --- [           main] o.a.c.c.C.[Tomcat].[localhost].[/]       : Initializing Spring embedded WebApplicationContext
2024-04-30T08:47:34.461Z  INFO 5886 --- [           main] w.s.c.ServletWebServerApplicationContext : Root WebApplicationContext: initialization completed in 3609 ms
2024-04-30T08:47:35.263Z  INFO 5886 --- [           main] o.hibernate.jpa.internal.util.LogHelper  : HHH000204: Processing PersistenceUnitInfo [name: default]
2024-04-30T08:47:35.380Z  INFO 5886 --- [           main] org.hibernate.Version                    : HHH000412: Hibernate ORM core version 6.2.2.Final
2024-04-30T08:47:35.383Z  INFO 5886 --- [           main] org.hibernate.cfg.Environment            : HHH000406: Using bytecode reflection optimizer
2024-04-30T08:47:35.702Z  INFO 5886 --- [           main] o.h.b.i.BytecodeProviderInitiator        : HHH000021: Bytecode provider name : bytebuddy
2024-04-30T08:47:36.030Z  INFO 5886 --- [           main] o.s.o.j.p.SpringPersistenceUnitInfo      : No LoadTimeWeaver setup: ignoring JPA class transformer
2024-04-30T08:47:36.067Z  INFO 5886 --- [           main] com.zaxxer.hikari.HikariDataSource       : HikariPool-1 - Starting...
2024-04-30T08:47:36.969Z  INFO 5886 --- [           main] com.zaxxer.hikari.pool.HikariPool        : HikariPool-1 - Added connection com.mysql.cj.jdbc.ConnectionImpl@6ae7deac
2024-04-30T08:47:36.972Z  INFO 5886 --- [           main] com.zaxxer.hikari.HikariDataSource       : HikariPool-1 - Start completed.
2024-04-30T08:47:37.061Z  INFO 5886 --- [           main] org.hibernate.orm.dialect                : HHH035001: Using dialect: org.hibernate.dialect.MySQL8Dialect, version: 8.0
2024-04-30T08:47:37.065Z  WARN 5886 --- [           main] org.hibernate.orm.deprecation            : HHH90000026: MySQL8Dialect has been deprecated; use org.hibernate.dialect.MySQLDialect instead
2024-04-30T08:47:37.777Z  INFO 5886 --- [           main] o.h.b.i.BytecodeProviderInitiator        : HHH000021: Bytecode provider name : bytebuddy
2024-04-30T08:47:38.894Z  INFO 5886 --- [           main] o.h.e.t.j.p.i.JtaPlatformInitiator       : HHH000490: Using JtaPlatform implementation: [org.hibernate.engine.transaction.jta.platform.internal.NoJtaPlatform]
2024-04-30T08:47:38.901Z  INFO 5886 --- [           main] j.LocalContainerEntityManagerFactoryBean : Initialized JPA EntityManagerFactory for persistence unit 'default'
2024-04-30T08:47:39.932Z  WARN 5886 --- [           main] JpaBaseConfiguration$JpaWebConfiguration : spring.jpa.open-in-view is enabled by default. Therefore, database queries may be performed during view rendering. Explicitly configure spring.jpa.open-in-view to disable this warning
2024-04-30T08:47:40.510Z  WARN 5886 --- [           main] o.s.b.a.m.MustacheAutoConfiguration      : Cannot find template location: classpath:/templates/ (please add some templates, check your Mustache configuration, or set spring.mustache.check-template-location=false)
2024-04-30T08:47:40.591Z  WARN 5886 --- [           main] ion$DefaultTemplateResolverConfiguration : Cannot find template location: classpath:/templates/ (please add some templates, check your Thymeleaf configuration, or set spring.thymeleaf.check-template-location=false)
2024-04-30T08:47:40.790Z  INFO 5886 --- [           main] o.s.b.w.embedded.tomcat.TomcatWebServer  : Tomcat started on port(s): 8080 (http) with context path ''
2024-04-30T08:47:40.834Z  INFO 5886 --- [           main] c.example.CODINAVI.CodinaviApplication   : Started CodinaviApplication in 11.393 seconds (process running for 12.692)
2024-04-30T08:47:58.459Z  INFO 5886 --- [nio-8080-exec-1] o.a.c.c.C.[Tomcat].[localhost].[/]       : Initializing Spring DispatcherServlet 'dispatcherServlet'
2024-04-30T08:47:58.480Z  INFO 5886 --- [nio-8080-exec-1] o.s.web.servlet.DispatcherServlet        : Initializing Servlet 'dispatcherServlet'
2024-04-30T08:47:58.485Z  INFO 5886 --- [nio-8080-exec-1] o.s.web.servlet.DispatcherServlet        : Completed initialization in 4 ms
Hibernate: 
    select
        c1_0.id,
        c1_0.color,
        c1_0.match_color 
    from
        color c1_0 
    where
        c1_0.color=?
Hibernate: 
    select
        c1_0.id,
        c1_0.color,
        c1_0.match_color 
    from
        color c1_0 
    where
        c1_0.color=?
